Copyright 1986-2019 Xilinx, Inc. All Rights Reserved.
------------------------------------------------------------------------------------
| Tool Version : Vivado v.2019.1 (win64) Build 2552052 Fri May 24 14:49:42 MDT 2019
| Date         : Sat Aug 15 16:39:26 2020
| Host         : DESKTOP-0F4OK3D running 64-bit major release  (build 9200)
| Command      : upgrade_ip
| Device       : xc7z010clg400-1
------------------------------------------------------------------------------------

Upgrade Log for IP 'frodoBD_matrix_as_plus_e_mm_0_0'

1. Summary
----------

SUCCESS in the upgrade of frodoBD_matrix_as_plus_e_mm_0_0 (xilinx.com:user:matrix_as_plus_e_mm_ip:1.0) from (Rev. 17) to (Rev. 18)






Copyright 1986-2019 Xilinx, Inc. All Rights Reserved.
------------------------------------------------------------------------------------
| Tool Version : Vivado v.2019.1 (win64) Build 2552052 Fri May 24 14:49:42 MDT 2019
| Date         : Sat Aug 15 16:12:15 2020
| Host         : DESKTOP-0F4OK3D running 64-bit major release  (build 9200)
| Command      : upgrade_ip
| Device       : xc7z010clg400-1
------------------------------------------------------------------------------------

Upgrade Log for IP 'frodoBD_matrix_sa_plus_e_mm_ip_0_0'

1. Summary
----------

CAUTION (success, with warnings) in the upgrade of frodoBD_matrix_sa_plus_e_mm_ip_0_0 (xilinx.com:user:matrix_sa_plus_e_mm_ip:1.0) from (Rev. 18) to (Rev. 19)

2. Interface Information
------------------------

Detected external interface differences while upgrading 'frodoBD_matrix_sa_plus_e_mm_ip_0_0'.


-Upgrade has removed interface 'reset_proc_timer'

-Upgrade has removed interface 'reset_total_timer'







Copyright 1986-2019 Xilinx, Inc. All Rights Reserved.
------------------------------------------------------------------------------------
| Tool Version : Vivado v.2019.1 (win64) Build 2552052 Fri May 24 14:49:42 MDT 2019
| Date         : Thu Aug 13 11:43:20 2020
| Host         : DESKTOP-0F4OK3D running 64-bit major release  (build 9200)
| Command      : upgrade_ip
| Device       : xc7z010clg400-1
------------------------------------------------------------------------------------

Upgrade Log for IP 'frodoBD_shake128_ip_0_0'

1. Summary
----------

SUCCESS in the upgrade of frodoBD_shake128_ip_0_0 (xilinx.com:user:shake128_ip:1.0) from (Rev. 4) to (Rev. 5)






Copyright 1986-2019 Xilinx, Inc. All Rights Reserved.
------------------------------------------------------------------------------------
| Tool Version : Vivado v.2019.1 (win64) Build 2552052 Fri May 24 14:49:42 MDT 2019
| Date         : Thu Aug 13 11:29:22 2020
| Host         : DESKTOP-0F4OK3D running 64-bit major release  (build 9200)
| Command      : upgrade_ip
| Device       : xc7z010clg400-1
------------------------------------------------------------------------------------

Upgrade Log for IP 'frodoBD_matrix_sa_plus_e_mm_ip_0_0'

1. Summary
----------

CAUTION (success, with warnings) in the upgrade of frodoBD_matrix_sa_plus_e_mm_ip_0_0 (xilinx.com:user:matrix_sa_plus_e_mm_ip:1.0) from (Rev. 17) to (Rev. 18)

2. Interface Information
------------------------

Detected external interface differences while upgrading 'frodoBD_matrix_sa_plus_e_mm_ip_0_0'.


-Upgrade has added interface 'reset_proc_timer' (xilinx.com:signal:reset:1.0)

-Upgrade has added interface 'reset_total_timer' (xilinx.com:signal:reset:1.0)







Copyright 1986-2019 Xilinx, Inc. All Rights Reserved.
------------------------------------------------------------------------------------
| Tool Version : Vivado v.2019.1 (win64) Build 2552052 Fri May 24 14:49:42 MDT 2019
| Date         : Thu Aug 13 11:16:00 2020
| Host         : DESKTOP-0F4OK3D running 64-bit major release  (build 9200)
| Command      : upgrade_ip
| Device       : xc7z010clg400-1
------------------------------------------------------------------------------------

Upgrade Log for IP 'frodoBD_shake128_ip_0_0'

1. Summary
----------

CAUTION (success, with warnings) in the upgrade of frodoBD_shake128_ip_0_0 (xilinx.com:user:shake128_ip:1.0) from (Rev. 3) to (Rev. 4)

After upgrade, an IP may have parameter and port differences compared to the original customization. Please review the parameters within the IP customization GUI to ensure proper functionality. Also, please review the updated IP instantiation template to ensure proper connectivity, and update your design if required.

2. Connection Warnings
----------------------

Detected external port differences while upgrading 'frodoBD_shake128_ip_0_0'. These changes may impact your design.


-Upgrade has added port 'enable_proc_timer'

-Upgrade has added port 'enable_total_timer'

-Upgrade has added port 'reset_proc_timer'

-Upgrade has added port 'reset_total_timer'







Copyright 1986-2019 Xilinx, Inc. All Rights Reserved.
------------------------------------------------------------------------------------
| Tool Version : Vivado v.2019.1 (win64) Build 2552052 Fri May 24 14:49:42 MDT 2019
| Date         : Thu Aug 13 11:16:00 2020
| Host         : DESKTOP-0F4OK3D running 64-bit major release  (build 9200)
| Command      : upgrade_ip
| Device       : xc7z010clg400-1
------------------------------------------------------------------------------------

Upgrade Log for IP 'frodoBD_matrix_sa_plus_e_mm_ip_0_0'

1. Summary
----------

SUCCESS in the conversion of frodoBD_matrix_sa_plus_e_mm_ip_0_0 (xilinx.com:user:matrix_sa_plus_e_mm_ip:1.0 (Rev. 17)) to Vivado generation flows.






Copyright 1986-2019 Xilinx, Inc. All Rights Reserved.
------------------------------------------------------------------------------------
| Tool Version : Vivado v.2019.1 (win64) Build 2552052 Fri May 24 14:49:42 MDT 2019
| Date         : Wed Apr 15 12:28:12 2020
| Host         : DESKTOP-0F4OK3D running 64-bit major release  (build 9200)
| Command      : upgrade_ip
| Device       : xc7z010clg400-1
------------------------------------------------------------------------------------

Upgrade Log for IP 'frodoBD_shake128_ip_0_0'

1. Summary
----------

SUCCESS in the upgrade of frodoBD_shake128_ip_0_0 (xilinx.com:user:shake128_ip:1.0) from (Rev. 2) to (Rev. 3)

