Vivado Simulator 2019.1
Copyright 1986-1999, 2001-2019 Xilinx, Inc. All Rights Reserved.
Running: C:/Xilinx/Vivado/2019.1/bin/unwrapped/win64.o/xelab.exe -wto 0fbdfdd5e52d44fea55c40023fc399f6 --incr --debug typical --relax --mt 2 -L work -L secureip --snapshot testbench_behav work.testbench -log elaborate.log 
Using 2 slave threads.
Starting static elaboration
Completed static elaboration
Starting simulation data flow analysis
Completed simulation data flow analysis
Time Resolution for simulation is 1ps
Compiling package std.standard
Compiling package std.textio
Compiling package ieee.std_logic_1164
Compiling package ieee.numeric_std
Compiling package ieee.math_real
Compiling architecture arch_imp of entity work.mult_add_sa_plus_e_mm_ip_v1_0_S00_AXI [mult_add_sa_plus_e_mm_ip_v1_0_s0...]
Compiling architecture arch_imp of entity work.mult_add_sa_plus_e_mm_ip_v1_0_S01_AXI [mult_add_sa_plus_e_mm_ip_v1_0_s0...]
Compiling architecture arch_imp of entity work.mult_add_sa_plus_e_mm_ip_v1_0_S02_AXI [mult_add_sa_plus_e_mm_ip_v1_0_s0...]
Compiling architecture behavioral of entity work.controller [controller_default]
Compiling architecture arch_imp of entity work.mult_add_sa_plus_e_mm_ip_v1_0 [mult_add_sa_plus_e_mm_ip_v1_0_de...]
Compiling architecture behavioral of entity work.testbench
Built simulation snapshot testbench_behav
