19:45:20 INFO  : Registering command handlers for SDK TCF services
19:45:21 INFO  : Launching XSCT server: xsct.bat -interactive C:\Projects\frodo-fpga\frodo-fpga.sdk\temp_xsdb_launch_script.tcl
19:45:25 INFO  : XSCT server has started successfully.
19:45:25 INFO  : Successfully done setting XSCT server connection channel  
19:45:29 INFO  : Processing command line option -hwspec C:/Projects/frodo-fpga/frodo-fpga.sdk/frodoBD_wrapper.hdf.
19:45:29 INFO  : Successfully done setting SDK workspace  
19:50:15 INFO  : Connected to target on host '127.0.0.1' and port '3121'.
19:50:15 INFO  : 'targets -set -filter {jtag_cable_name =~ "Digilent JTAG-HS3 210299A8DCD1" && level==0} -index 1' command is executed.
19:50:17 INFO  : FPGA configured successfully with bitstream "C:/Projects/frodo-fpga/frodo-fpga.sdk/frodoBD_wrapper_hw_platform_0/frodoBD_wrapper.bit"
19:50:28 INFO  : 'targets -set -filter {jtag_cable_name =~ "Digilent JTAG-HS3 210299A8DCD1" && level==0} -index 1' command is executed.
19:50:28 INFO  : 'fpga -state' command is executed.
19:50:28 INFO  : Connected to target on host '127.0.0.1' and port '3121'.
19:50:28 INFO  : Jtag cable 'Digilent JTAG-HS3 210299A8DCD1' is selected.
19:50:29 INFO  : 'jtag frequency' command is executed.
19:50:29 INFO  : Sourcing of 'C:/Projects/frodo-fpga/frodo-fpga.sdk/frodoBD_wrapper_hw_platform_0/ps7_init.tcl' is done.
19:50:29 INFO  : Context for 'APU' is selected.
19:50:29 INFO  : Hardware design information is loaded from 'C:/Projects/frodo-fpga/frodo-fpga.sdk/frodoBD_wrapper_hw_platform_0/system.hdf'.
19:50:29 INFO  : 'configparams force-mem-access 1' command is executed.
19:50:29 INFO  : Context for 'APU' is selected.
19:50:29 INFO  : 'stop' command is executed.
19:50:29 INFO  : 'ps7_init' command is executed.
19:50:29 INFO  : 'ps7_post_config' command is executed.
19:50:29 INFO  : Context for processor 'ps7_cortexa9_0' is selected.
19:50:29 INFO  : Processor reset is completed for 'ps7_cortexa9_0'.
19:50:30 INFO  : Context for processor 'ps7_cortexa9_0' is selected.
19:50:30 INFO  : The application 'C:/Projects/frodo-fpga/frodo-fpga.sdk/frodo_sdk/Debug/frodo_sdk.elf' is downloaded to processor 'ps7_cortexa9_0'.
19:50:30 INFO  : 'configparams force-mem-access 0' command is executed.
19:50:30 INFO  : ----------------XSDB Script----------------
connect -url tcp:127.0.0.1:3121
source C:/Projects/frodo-fpga/frodo-fpga.sdk/frodoBD_wrapper_hw_platform_0/ps7_init.tcl
targets -set -nocase -filter {name =~"APU*" && jtag_cable_name =~ "Digilent JTAG-HS3 210299A8DCD1"} -index 0
loadhw -hw C:/Projects/frodo-fpga/frodo-fpga.sdk/frodoBD_wrapper_hw_platform_0/system.hdf -mem-ranges [list {0x40000000 0xbfffffff}]
configparams force-mem-access 1
targets -set -nocase -filter {name =~"APU*" && jtag_cable_name =~ "Digilent JTAG-HS3 210299A8DCD1"} -index 0
stop
ps7_init
ps7_post_config
targets -set -nocase -filter {name =~ "ARM*#0" && jtag_cable_name =~ "Digilent JTAG-HS3 210299A8DCD1"} -index 0
rst -processor
targets -set -nocase -filter {name =~ "ARM*#0" && jtag_cable_name =~ "Digilent JTAG-HS3 210299A8DCD1"} -index 0
dow C:/Projects/frodo-fpga/frodo-fpga.sdk/frodo_sdk/Debug/frodo_sdk.elf
configparams force-mem-access 0
----------------End of Script----------------

19:50:30 INFO  : Memory regions updated for context APU
19:50:30 INFO  : Context for processor 'ps7_cortexa9_0' is selected.
19:50:30 INFO  : 'con' command is executed.
19:50:30 INFO  : ----------------XSDB Script (After Launch)----------------
targets -set -nocase -filter {name =~ "ARM*#0" && jtag_cable_name =~ "Digilent JTAG-HS3 210299A8DCD1"} -index 0
con
----------------End of Script----------------

19:50:30 INFO  : Launch script is exported to file 'C:\Projects\frodo-fpga\frodo-fpga.sdk\.sdk\launch_scripts\xilinx_c-c++_application_(system_debugger)\system_debugger_using_debug_frodo_sdk.elf_on_local.tcl'
19:57:43 INFO  : Disconnected from the channel tcfchan#1.
19:57:44 INFO  : 'targets -set -filter {jtag_cable_name =~ "Digilent JTAG-HS3 210299A8DCD1" && level==0} -index 1' command is executed.
19:57:44 INFO  : 'fpga -state' command is executed.
19:57:44 INFO  : Connected to target on host '127.0.0.1' and port '3121'.
19:57:44 INFO  : Jtag cable 'Digilent JTAG-HS3 210299A8DCD1' is selected.
19:57:44 INFO  : 'jtag frequency' command is executed.
19:57:44 INFO  : Sourcing of 'C:/Projects/frodo-fpga/frodo-fpga.sdk/frodoBD_wrapper_hw_platform_0/ps7_init.tcl' is done.
19:57:44 INFO  : Context for 'APU' is selected.
19:57:47 INFO  : Hardware design information is loaded from 'C:/Projects/frodo-fpga/frodo-fpga.sdk/frodoBD_wrapper_hw_platform_0/system.hdf'.
19:57:47 INFO  : 'configparams force-mem-access 1' command is executed.
19:57:47 INFO  : Context for 'APU' is selected.
19:57:47 INFO  : 'stop' command is executed.
19:57:47 INFO  : 'ps7_init' command is executed.
19:57:47 INFO  : 'ps7_post_config' command is executed.
19:57:47 INFO  : Context for processor 'ps7_cortexa9_0' is selected.
19:57:47 INFO  : Processor reset is completed for 'ps7_cortexa9_0'.
19:57:47 INFO  : Context for processor 'ps7_cortexa9_0' is selected.
19:57:48 INFO  : The application 'C:/Projects/frodo-fpga/frodo-fpga.sdk/frodo_sdk/Debug/frodo_sdk.elf' is downloaded to processor 'ps7_cortexa9_0'.
19:57:48 INFO  : 'configparams force-mem-access 0' command is executed.
19:57:48 INFO  : ----------------XSDB Script----------------
connect -url tcp:127.0.0.1:3121
source C:/Projects/frodo-fpga/frodo-fpga.sdk/frodoBD_wrapper_hw_platform_0/ps7_init.tcl
targets -set -nocase -filter {name =~"APU*" && jtag_cable_name =~ "Digilent JTAG-HS3 210299A8DCD1"} -index 0
loadhw -hw C:/Projects/frodo-fpga/frodo-fpga.sdk/frodoBD_wrapper_hw_platform_0/system.hdf -mem-ranges [list {0x40000000 0xbfffffff}]
configparams force-mem-access 1
targets -set -nocase -filter {name =~"APU*" && jtag_cable_name =~ "Digilent JTAG-HS3 210299A8DCD1"} -index 0
stop
ps7_init
ps7_post_config
targets -set -nocase -filter {name =~ "ARM*#0" && jtag_cable_name =~ "Digilent JTAG-HS3 210299A8DCD1"} -index 0
rst -processor
targets -set -nocase -filter {name =~ "ARM*#0" && jtag_cable_name =~ "Digilent JTAG-HS3 210299A8DCD1"} -index 0
dow C:/Projects/frodo-fpga/frodo-fpga.sdk/frodo_sdk/Debug/frodo_sdk.elf
configparams force-mem-access 0
----------------End of Script----------------

19:57:48 INFO  : Memory regions updated for context APU
19:57:48 INFO  : Context for processor 'ps7_cortexa9_0' is selected.
19:57:48 INFO  : 'con' command is executed.
19:57:48 INFO  : ----------------XSDB Script (After Launch)----------------
targets -set -nocase -filter {name =~ "ARM*#0" && jtag_cable_name =~ "Digilent JTAG-HS3 210299A8DCD1"} -index 0
con
----------------End of Script----------------

19:57:48 INFO  : Launch script is exported to file 'C:\Projects\frodo-fpga\frodo-fpga.sdk\.sdk\launch_scripts\xilinx_c-c++_application_(system_debugger)\system_debugger_using_debug_frodo_sdk.elf_on_local.tcl'
19:58:08 INFO  : Disconnected from the channel tcfchan#2.
19:58:09 INFO  : 'targets -set -filter {jtag_cable_name =~ "Digilent JTAG-HS3 210299A8DCD1" && level==0} -index 1' command is executed.
19:58:09 INFO  : 'fpga -state' command is executed.
19:58:09 INFO  : Connected to target on host '127.0.0.1' and port '3121'.
19:58:09 INFO  : Jtag cable 'Digilent JTAG-HS3 210299A8DCD1' is selected.
19:58:09 INFO  : 'jtag frequency' command is executed.
19:58:09 INFO  : Sourcing of 'C:/Projects/frodo-fpga/frodo-fpga.sdk/frodoBD_wrapper_hw_platform_0/ps7_init.tcl' is done.
19:58:09 INFO  : Context for 'APU' is selected.
19:58:12 INFO  : Hardware design information is loaded from 'C:/Projects/frodo-fpga/frodo-fpga.sdk/frodoBD_wrapper_hw_platform_0/system.hdf'.
19:58:12 INFO  : 'configparams force-mem-access 1' command is executed.
19:58:12 INFO  : Context for 'APU' is selected.
19:58:12 INFO  : 'stop' command is executed.
19:58:12 INFO  : 'ps7_init' command is executed.
19:58:12 INFO  : 'ps7_post_config' command is executed.
19:58:12 INFO  : Context for processor 'ps7_cortexa9_0' is selected.
19:58:12 INFO  : Processor reset is completed for 'ps7_cortexa9_0'.
19:58:13 INFO  : Context for processor 'ps7_cortexa9_0' is selected.
19:58:13 INFO  : The application 'C:/Projects/frodo-fpga/frodo-fpga.sdk/frodo_sdk/Debug/frodo_sdk.elf' is downloaded to processor 'ps7_cortexa9_0'.
19:58:13 INFO  : 'configparams force-mem-access 0' command is executed.
19:58:13 INFO  : ----------------XSDB Script----------------
connect -url tcp:127.0.0.1:3121
source C:/Projects/frodo-fpga/frodo-fpga.sdk/frodoBD_wrapper_hw_platform_0/ps7_init.tcl
targets -set -nocase -filter {name =~"APU*" && jtag_cable_name =~ "Digilent JTAG-HS3 210299A8DCD1"} -index 0
loadhw -hw C:/Projects/frodo-fpga/frodo-fpga.sdk/frodoBD_wrapper_hw_platform_0/system.hdf -mem-ranges [list {0x40000000 0xbfffffff}]
configparams force-mem-access 1
targets -set -nocase -filter {name =~"APU*" && jtag_cable_name =~ "Digilent JTAG-HS3 210299A8DCD1"} -index 0
stop
ps7_init
ps7_post_config
targets -set -nocase -filter {name =~ "ARM*#0" && jtag_cable_name =~ "Digilent JTAG-HS3 210299A8DCD1"} -index 0
rst -processor
targets -set -nocase -filter {name =~ "ARM*#0" && jtag_cable_name =~ "Digilent JTAG-HS3 210299A8DCD1"} -index 0
dow C:/Projects/frodo-fpga/frodo-fpga.sdk/frodo_sdk/Debug/frodo_sdk.elf
configparams force-mem-access 0
----------------End of Script----------------

19:58:13 INFO  : Memory regions updated for context APU
19:58:13 INFO  : Context for processor 'ps7_cortexa9_0' is selected.
19:58:13 INFO  : 'con' command is executed.
19:58:13 INFO  : ----------------XSDB Script (After Launch)----------------
targets -set -nocase -filter {name =~ "ARM*#0" && jtag_cable_name =~ "Digilent JTAG-HS3 210299A8DCD1"} -index 0
con
----------------End of Script----------------

19:58:13 INFO  : Launch script is exported to file 'C:\Projects\frodo-fpga\frodo-fpga.sdk\.sdk\launch_scripts\xilinx_c-c++_application_(system_debugger)\system_debugger_using_debug_frodo_sdk.elf_on_local.tcl'
19:59:25 INFO  : Disconnected from the channel tcfchan#3.
19:59:26 INFO  : 'targets -set -filter {jtag_cable_name =~ "Digilent JTAG-HS3 210299A8DCD1" && level==0} -index 1' command is executed.
19:59:26 INFO  : 'fpga -state' command is executed.
19:59:26 INFO  : Connected to target on host '127.0.0.1' and port '3121'.
19:59:27 INFO  : Jtag cable 'Digilent JTAG-HS3 210299A8DCD1' is selected.
19:59:27 INFO  : 'jtag frequency' command is executed.
19:59:27 INFO  : Sourcing of 'C:/Projects/frodo-fpga/frodo-fpga.sdk/frodoBD_wrapper_hw_platform_0/ps7_init.tcl' is done.
19:59:27 INFO  : Context for 'APU' is selected.
19:59:30 INFO  : Hardware design information is loaded from 'C:/Projects/frodo-fpga/frodo-fpga.sdk/frodoBD_wrapper_hw_platform_0/system.hdf'.
19:59:30 INFO  : 'configparams force-mem-access 1' command is executed.
19:59:30 INFO  : Context for 'APU' is selected.
19:59:30 INFO  : 'stop' command is executed.
19:59:30 INFO  : 'ps7_init' command is executed.
19:59:30 INFO  : 'ps7_post_config' command is executed.
19:59:30 INFO  : Context for processor 'ps7_cortexa9_0' is selected.
19:59:30 INFO  : Processor reset is completed for 'ps7_cortexa9_0'.
19:59:30 INFO  : Context for processor 'ps7_cortexa9_0' is selected.
19:59:31 INFO  : The application 'C:/Projects/frodo-fpga/frodo-fpga.sdk/frodo_sdk/Debug/frodo_sdk.elf' is downloaded to processor 'ps7_cortexa9_0'.
19:59:31 INFO  : 'configparams force-mem-access 0' command is executed.
19:59:31 INFO  : ----------------XSDB Script----------------
connect -url tcp:127.0.0.1:3121
source C:/Projects/frodo-fpga/frodo-fpga.sdk/frodoBD_wrapper_hw_platform_0/ps7_init.tcl
targets -set -nocase -filter {name =~"APU*" && jtag_cable_name =~ "Digilent JTAG-HS3 210299A8DCD1"} -index 0
loadhw -hw C:/Projects/frodo-fpga/frodo-fpga.sdk/frodoBD_wrapper_hw_platform_0/system.hdf -mem-ranges [list {0x40000000 0xbfffffff}]
configparams force-mem-access 1
targets -set -nocase -filter {name =~"APU*" && jtag_cable_name =~ "Digilent JTAG-HS3 210299A8DCD1"} -index 0
stop
ps7_init
ps7_post_config
targets -set -nocase -filter {name =~ "ARM*#0" && jtag_cable_name =~ "Digilent JTAG-HS3 210299A8DCD1"} -index 0
rst -processor
targets -set -nocase -filter {name =~ "ARM*#0" && jtag_cable_name =~ "Digilent JTAG-HS3 210299A8DCD1"} -index 0
dow C:/Projects/frodo-fpga/frodo-fpga.sdk/frodo_sdk/Debug/frodo_sdk.elf
configparams force-mem-access 0
----------------End of Script----------------

19:59:31 INFO  : Memory regions updated for context APU
19:59:31 INFO  : Context for processor 'ps7_cortexa9_0' is selected.
19:59:31 INFO  : 'con' command is executed.
19:59:31 INFO  : ----------------XSDB Script (After Launch)----------------
targets -set -nocase -filter {name =~ "ARM*#0" && jtag_cable_name =~ "Digilent JTAG-HS3 210299A8DCD1"} -index 0
con
----------------End of Script----------------

19:59:31 INFO  : Launch script is exported to file 'C:\Projects\frodo-fpga\frodo-fpga.sdk\.sdk\launch_scripts\xilinx_c-c++_application_(system_debugger)\system_debugger_using_debug_frodo_sdk.elf_on_local.tcl'
20:00:44 INFO  : Disconnected from the channel tcfchan#4.
20:00:45 INFO  : 'targets -set -filter {jtag_cable_name =~ "Digilent JTAG-HS3 210299A8DCD1" && level==0} -index 1' command is executed.
20:00:45 INFO  : 'fpga -state' command is executed.
20:00:45 INFO  : Connected to target on host '127.0.0.1' and port '3121'.
20:00:45 INFO  : Jtag cable 'Digilent JTAG-HS3 210299A8DCD1' is selected.
20:00:45 INFO  : 'jtag frequency' command is executed.
20:00:45 INFO  : Sourcing of 'C:/Projects/frodo-fpga/frodo-fpga.sdk/frodoBD_wrapper_hw_platform_0/ps7_init.tcl' is done.
20:00:45 INFO  : Context for 'APU' is selected.
20:00:48 INFO  : Hardware design information is loaded from 'C:/Projects/frodo-fpga/frodo-fpga.sdk/frodoBD_wrapper_hw_platform_0/system.hdf'.
20:00:48 INFO  : 'configparams force-mem-access 1' command is executed.
20:00:48 INFO  : Context for 'APU' is selected.
20:00:48 INFO  : 'stop' command is executed.
20:00:48 INFO  : 'ps7_init' command is executed.
20:00:48 INFO  : 'ps7_post_config' command is executed.
20:00:48 INFO  : Context for processor 'ps7_cortexa9_0' is selected.
20:00:48 INFO  : Processor reset is completed for 'ps7_cortexa9_0'.
20:00:48 INFO  : Context for processor 'ps7_cortexa9_0' is selected.
20:00:49 INFO  : The application 'C:/Projects/frodo-fpga/frodo-fpga.sdk/frodo_sdk/Debug/frodo_sdk.elf' is downloaded to processor 'ps7_cortexa9_0'.
20:00:49 INFO  : 'configparams force-mem-access 0' command is executed.
20:00:49 INFO  : ----------------XSDB Script----------------
connect -url tcp:127.0.0.1:3121
source C:/Projects/frodo-fpga/frodo-fpga.sdk/frodoBD_wrapper_hw_platform_0/ps7_init.tcl
targets -set -nocase -filter {name =~"APU*" && jtag_cable_name =~ "Digilent JTAG-HS3 210299A8DCD1"} -index 0
loadhw -hw C:/Projects/frodo-fpga/frodo-fpga.sdk/frodoBD_wrapper_hw_platform_0/system.hdf -mem-ranges [list {0x40000000 0xbfffffff}]
configparams force-mem-access 1
targets -set -nocase -filter {name =~"APU*" && jtag_cable_name =~ "Digilent JTAG-HS3 210299A8DCD1"} -index 0
stop
ps7_init
ps7_post_config
targets -set -nocase -filter {name =~ "ARM*#0" && jtag_cable_name =~ "Digilent JTAG-HS3 210299A8DCD1"} -index 0
rst -processor
targets -set -nocase -filter {name =~ "ARM*#0" && jtag_cable_name =~ "Digilent JTAG-HS3 210299A8DCD1"} -index 0
dow C:/Projects/frodo-fpga/frodo-fpga.sdk/frodo_sdk/Debug/frodo_sdk.elf
configparams force-mem-access 0
----------------End of Script----------------

20:00:49 INFO  : Memory regions updated for context APU
20:00:49 INFO  : Context for processor 'ps7_cortexa9_0' is selected.
20:00:49 INFO  : 'con' command is executed.
20:00:49 INFO  : ----------------XSDB Script (After Launch)----------------
targets -set -nocase -filter {name =~ "ARM*#0" && jtag_cable_name =~ "Digilent JTAG-HS3 210299A8DCD1"} -index 0
con
----------------End of Script----------------

20:00:49 INFO  : Launch script is exported to file 'C:\Projects\frodo-fpga\frodo-fpga.sdk\.sdk\launch_scripts\xilinx_c-c++_application_(system_debugger)\system_debugger_using_debug_frodo_sdk.elf_on_local.tcl'
20:03:53 INFO  : Disconnected from the channel tcfchan#5.
20:03:54 INFO  : 'targets -set -filter {jtag_cable_name =~ "Digilent JTAG-HS3 210299A8DCD1" && level==0} -index 1' command is executed.
20:03:54 INFO  : 'fpga -state' command is executed.
20:03:54 INFO  : Connected to target on host '127.0.0.1' and port '3121'.
20:03:54 INFO  : Jtag cable 'Digilent JTAG-HS3 210299A8DCD1' is selected.
20:03:54 INFO  : 'jtag frequency' command is executed.
20:03:54 INFO  : Sourcing of 'C:/Projects/frodo-fpga/frodo-fpga.sdk/frodoBD_wrapper_hw_platform_0/ps7_init.tcl' is done.
20:03:54 INFO  : Context for 'APU' is selected.
20:03:57 INFO  : Hardware design information is loaded from 'C:/Projects/frodo-fpga/frodo-fpga.sdk/frodoBD_wrapper_hw_platform_0/system.hdf'.
20:03:57 INFO  : 'configparams force-mem-access 1' command is executed.
20:03:57 INFO  : Context for 'APU' is selected.
20:03:57 INFO  : 'stop' command is executed.
20:03:58 INFO  : 'ps7_init' command is executed.
20:03:58 INFO  : 'ps7_post_config' command is executed.
20:03:58 INFO  : Context for processor 'ps7_cortexa9_0' is selected.
20:03:58 INFO  : Processor reset is completed for 'ps7_cortexa9_0'.
20:03:58 INFO  : Context for processor 'ps7_cortexa9_0' is selected.
20:03:58 INFO  : The application 'C:/Projects/frodo-fpga/frodo-fpga.sdk/frodo_sdk/Debug/frodo_sdk.elf' is downloaded to processor 'ps7_cortexa9_0'.
20:03:58 INFO  : 'configparams force-mem-access 0' command is executed.
20:03:58 INFO  : ----------------XSDB Script----------------
connect -url tcp:127.0.0.1:3121
source C:/Projects/frodo-fpga/frodo-fpga.sdk/frodoBD_wrapper_hw_platform_0/ps7_init.tcl
targets -set -nocase -filter {name =~"APU*" && jtag_cable_name =~ "Digilent JTAG-HS3 210299A8DCD1"} -index 0
loadhw -hw C:/Projects/frodo-fpga/frodo-fpga.sdk/frodoBD_wrapper_hw_platform_0/system.hdf -mem-ranges [list {0x40000000 0xbfffffff}]
configparams force-mem-access 1
targets -set -nocase -filter {name =~"APU*" && jtag_cable_name =~ "Digilent JTAG-HS3 210299A8DCD1"} -index 0
stop
ps7_init
ps7_post_config
targets -set -nocase -filter {name =~ "ARM*#0" && jtag_cable_name =~ "Digilent JTAG-HS3 210299A8DCD1"} -index 0
rst -processor
targets -set -nocase -filter {name =~ "ARM*#0" && jtag_cable_name =~ "Digilent JTAG-HS3 210299A8DCD1"} -index 0
dow C:/Projects/frodo-fpga/frodo-fpga.sdk/frodo_sdk/Debug/frodo_sdk.elf
configparams force-mem-access 0
----------------End of Script----------------

20:03:58 INFO  : Memory regions updated for context APU
20:03:58 INFO  : Context for processor 'ps7_cortexa9_0' is selected.
20:03:58 INFO  : 'con' command is executed.
20:03:58 INFO  : ----------------XSDB Script (After Launch)----------------
targets -set -nocase -filter {name =~ "ARM*#0" && jtag_cable_name =~ "Digilent JTAG-HS3 210299A8DCD1"} -index 0
con
----------------End of Script----------------

20:03:58 INFO  : Launch script is exported to file 'C:\Projects\frodo-fpga\frodo-fpga.sdk\.sdk\launch_scripts\xilinx_c-c++_application_(system_debugger)\system_debugger_using_debug_frodo_sdk.elf_on_local.tcl'
20:04:34 INFO  : Disconnected from the channel tcfchan#6.
