Copyright 1986-2019 Xilinx, Inc. All Rights Reserved.
--------------------------------------------------------------------------------------------
| Tool Version : Vivado v.2019.1 (win64) Build 2552052 Fri May 24 14:49:42 MDT 2019
| Date         : Sat Apr  4 17:59:35 2020
| Host         : DESKTOP-0F4OK3D running 64-bit major release  (build 9200)
| Command      : report_control_sets -verbose -file frodoBD_wrapper_control_sets_placed.rpt
| Design       : frodoBD_wrapper
| Device       : xc7z010
--------------------------------------------------------------------------------------------

Control Set Information

Table of Contents
-----------------
1. Summary
2. Histogram
3. Flip-Flop Distribution
4. Detailed Control Set Information

1. Summary
----------

+----------------------------------------------------------+-------+
|                          Status                          | Count |
+----------------------------------------------------------+-------+
| Total control sets                                       |   145 |
|    Minimum number of control sets                        |   145 |
|    Addition due to synthesis replication                 |     0 |
|    Addition due to physical synthesis replication        |     0 |
| Unused register locations in slices containing registers |   275 |
+----------------------------------------------------------+-------+
* Control sets can be merged at opt_design using control_set_merge or merge_equivalent_drivers
** Run report_qor_suggestions for automated merging and remapping suggestions


2. Histogram
------------

+--------------------+-------+
|       Fanout       | Count |
+--------------------+-------+
| Total control sets |   145 |
| >= 0 to < 4        |     1 |
| >= 4 to < 6        |    24 |
| >= 6 to < 8        |     1 |
| >= 8 to < 10       |     4 |
| >= 10 to < 12      |     8 |
| >= 12 to < 14      |     8 |
| >= 14 to < 16      |     2 |
| >= 16              |    97 |
+--------------------+-------+
* Control sets can be remapped at either synth_design or opt_design


3. Flip-Flop Distribution
-------------------------

+--------------+-----------------------+------------------------+-----------------+--------------+
| Clock Enable | Synchronous Set/Reset | Asynchronous Set/Reset | Total Registers | Total Slices |
+--------------+-----------------------+------------------------+-----------------+--------------+
| No           | No                    | No                     |             518 |          148 |
| No           | No                    | Yes                    |               0 |            0 |
| No           | Yes                   | No                     |             648 |          215 |
| Yes          | No                    | No                     |            2145 |          898 |
| Yes          | No                    | Yes                    |               0 |            0 |
| Yes          | Yes                   | No                     |            2214 |          654 |
+--------------+-----------------------+------------------------+-----------------+--------------+


4. Detailed Control Set Information
-----------------------------------

+------------------------------------------------+-----------------------------------------------------------------------------------------------------------------------------------------------------------------+--------------------------------------------------------------------------------------------------------------------------------------------+------------------+----------------+
|                  Clock Signal                  |                                                                          Enable Signal                                                                          |                                                              Set/Reset Signal                                                              | Slice Load Count | Bel Load Count |
+------------------------------------------------+-----------------------------------------------------------------------------------------------------------------------------------------------------------------+--------------------------------------------------------------------------------------------------------------------------------------------+------------------+----------------+
|  frodoBD_i/processing_system7_0/inst/FCLK_CLK0 | frodoBD_i/axi_interconnect_0/s00_couplers/auto_pc/inst/gen_axilite.gen_b2s_conv.axilite_b2s/WR.b_channel_0/bid_fifo_0/bresp_push                                |                                                                                                                                            |                1 |              2 |
|  frodoBD_i/processing_system7_0/inst/FCLK_CLK0 |                                                                                                                                                                 | frodoBD_i/axi_gpio_1/U0/AXI_LITE_IPIF_I/I_SLAVE_ATTACHMENT/clear                                                                           |                1 |              4 |
|  frodoBD_i/processing_system7_0/inst/FCLK_CLK0 | frodoBD_i/axi_gpio_1/U0/AXI_LITE_IPIF_I/I_SLAVE_ATTACHMENT/start2                                                                                               | frodoBD_i/axi_gpio_1/U0/AXI_LITE_IPIF_I/I_SLAVE_ATTACHMENT/I_DECODER/cs_ce_clr                                                             |                1 |              4 |
|  frodoBD_i/processing_system7_0/inst/FCLK_CLK0 |                                                                                                                                                                 | frodoBD_i/axi_gpio_5/U0/AXI_LITE_IPIF_I/I_SLAVE_ATTACHMENT/clear                                                                           |                1 |              4 |
|  frodoBD_i/processing_system7_0/inst/FCLK_CLK0 |                                                                                                                                                                 | frodoBD_i/axi_gpio_3/U0/AXI_LITE_IPIF_I/I_SLAVE_ATTACHMENT/clear                                                                           |                1 |              4 |
|  frodoBD_i/processing_system7_0/inst/FCLK_CLK0 | frodoBD_i/axi_gpio_1/U0/AXI_LITE_IPIF_I/I_SLAVE_ATTACHMENT/bus2ip_addr_i[8]_i_1_n_0                                                                             | frodoBD_i/axi_gpio_1/U0/AXI_LITE_IPIF_I/I_SLAVE_ATTACHMENT/SR[0]                                                                           |                2 |              4 |
|  frodoBD_i/processing_system7_0/inst/FCLK_CLK0 |                                                                                                                                                                 | frodoBD_i/axi_gpio_4/U0/AXI_LITE_IPIF_I/I_SLAVE_ATTACHMENT/clear                                                                           |                1 |              4 |
|  frodoBD_i/processing_system7_0/inst/FCLK_CLK0 | frodoBD_i/matrix_sa_plus_e_mm_ip_0/U0/matrix_sa_plus_e_mm_ip_v1_0_S01_AXI_inst/en[3]_i_1_n_0                                                                    |                                                                                                                                            |                1 |              4 |
|  frodoBD_i/processing_system7_0/inst/FCLK_CLK0 |                                                                                                                                                                 | frodoBD_i/axi_gpio_0/U0/AXI_LITE_IPIF_I/I_SLAVE_ATTACHMENT/clear                                                                           |                1 |              4 |
|  frodoBD_i/processing_system7_0/inst/FCLK_CLK0 | frodoBD_i/axi_gpio_0/U0/AXI_LITE_IPIF_I/I_SLAVE_ATTACHMENT/start2                                                                                               | frodoBD_i/axi_gpio_0/U0/AXI_LITE_IPIF_I/I_SLAVE_ATTACHMENT/I_DECODER/cs_ce_clr                                                             |                1 |              4 |
|  frodoBD_i/processing_system7_0/inst/FCLK_CLK0 | frodoBD_i/axi_gpio_0/U0/AXI_LITE_IPIF_I/I_SLAVE_ATTACHMENT/bus2ip_addr_i[8]_i_1_n_0                                                                             | frodoBD_i/axi_gpio_0/U0/AXI_LITE_IPIF_I/I_SLAVE_ATTACHMENT/SR[0]                                                                           |                1 |              4 |
|  frodoBD_i/processing_system7_0/inst/FCLK_CLK0 |                                                                                                                                                                 | frodoBD_i/axi_interconnect_0/s00_couplers/auto_pc/inst/gen_axilite.gen_b2s_conv.axilite_b2s/SI_REG/ar.ar_pipe/aresetn_d_reg[1]_inv_0       |                4 |              4 |
|  frodoBD_i/processing_system7_0/inst/FCLK_CLK0 |                                                                                                                                                                 | frodoBD_i/axi_interconnect_0/s00_couplers/auto_pc/inst/gen_axilite.gen_b2s_conv.axilite_b2s/SI_REG/aw.aw_pipe/aresetn_d_reg[0]_0           |                4 |              4 |
|  frodoBD_i/processing_system7_0/inst/FCLK_CLK0 | frodoBD_i/axi_gpio_4/U0/AXI_LITE_IPIF_I/I_SLAVE_ATTACHMENT/start2                                                                                               | frodoBD_i/axi_gpio_4/U0/AXI_LITE_IPIF_I/I_SLAVE_ATTACHMENT/I_DECODER/cs_ce_clr                                                             |                1 |              4 |
|  frodoBD_i/processing_system7_0/inst/FCLK_CLK0 | frodoBD_i/axi_gpio_4/U0/AXI_LITE_IPIF_I/I_SLAVE_ATTACHMENT/bus2ip_addr_i[8]_i_1_n_0                                                                             | frodoBD_i/axi_gpio_4/U0/AXI_LITE_IPIF_I/I_SLAVE_ATTACHMENT/SS[0]                                                                           |                1 |              4 |
|  frodoBD_i/processing_system7_0/inst/FCLK_CLK0 | frodoBD_i/axi_gpio_3/U0/AXI_LITE_IPIF_I/I_SLAVE_ATTACHMENT/bus2ip_addr_i[8]_i_1_n_0                                                                             | frodoBD_i/axi_gpio_3/U0/AXI_LITE_IPIF_I/I_SLAVE_ATTACHMENT/SS[0]                                                                           |                2 |              4 |
|  frodoBD_i/processing_system7_0/inst/FCLK_CLK0 |                                                                                                                                                                 | frodoBD_i/proc_sys_reset_0/U0/EXT_LPF/lpf_int                                                                                              |                1 |              4 |
|  frodoBD_i/processing_system7_0/inst/FCLK_CLK0 | frodoBD_i/axi_gpio_3/U0/AXI_LITE_IPIF_I/I_SLAVE_ATTACHMENT/start2                                                                                               | frodoBD_i/axi_gpio_3/U0/AXI_LITE_IPIF_I/I_SLAVE_ATTACHMENT/I_DECODER/cs_ce_clr                                                             |                1 |              4 |
|  frodoBD_i/processing_system7_0/inst/FCLK_CLK0 | frodoBD_i/matrix_sa_plus_e_mm_ip_0/U0/matrix_sa_plus_e_mm_ip_v1_0_S00_AXI_inst/axi_awready0                                                                     | frodoBD_i/matrix_sa_plus_e_mm_ip_0/U0/matrix_sa_plus_e_mm_ip_v1_0_S00_AXI_inst/RSTP                                                        |                1 |              4 |
|  frodoBD_i/processing_system7_0/inst/FCLK_CLK0 | frodoBD_i/axi_gpio_5/U0/AXI_LITE_IPIF_I/I_SLAVE_ATTACHMENT/start2                                                                                               | frodoBD_i/axi_gpio_5/U0/AXI_LITE_IPIF_I/I_SLAVE_ATTACHMENT/I_DECODER/cs_ce_clr                                                             |                1 |              4 |
|  frodoBD_i/processing_system7_0/inst/FCLK_CLK0 | frodoBD_i/axi_gpio_5/U0/AXI_LITE_IPIF_I/I_SLAVE_ATTACHMENT/bus2ip_addr_i[8]_i_1_n_0                                                                             | frodoBD_i/axi_gpio_5/U0/AXI_LITE_IPIF_I/I_SLAVE_ATTACHMENT/SS[0]                                                                           |                2 |              4 |
|  frodoBD_i/processing_system7_0/inst/FCLK_CLK0 | frodoBD_i/matrix_as_plus_e_mm_0/U0/matrix_as_plus_e_mm_ip_v1_0_S00_AXI_inst/en[3]_i_1_n_0                                                                       |                                                                                                                                            |                2 |              4 |
|  frodoBD_i/processing_system7_0/inst/FCLK_CLK0 | frodoBD_i/matrix_as_plus_e_mm_0/U0/matrix_as_plus_e_mm_ip_v1_0_S02_AXI_inst/eqOp                                                                                | frodoBD_i/matrix_as_plus_e_mm_0/U0/matrix_as_plus_e_mm_ip_v1_0_S02_AXI_inst/s_en[3]_i_1_n_0                                                |                1 |              4 |
|  frodoBD_i/processing_system7_0/inst/FCLK_CLK0 | frodoBD_i/axi_interconnect_0/s00_couplers/auto_pc/inst/gen_axilite.gen_b2s_conv.axilite_b2s/RD.r_channel_0/transaction_fifo_0/E[0]                              | frodoBD_i/axi_interconnect_0/s00_couplers/auto_pc/inst/gen_axilite.gen_b2s_conv.axilite_b2s/areset_d1                                      |                1 |              5 |
|  frodoBD_i/processing_system7_0/inst/FCLK_CLK0 | frodoBD_i/axi_interconnect_0/s00_couplers/auto_pc/inst/gen_axilite.gen_b2s_conv.axilite_b2s/RD.r_channel_0/transaction_fifo_0/cnt_read[4]_i_1__0_n_0            | frodoBD_i/axi_interconnect_0/s00_couplers/auto_pc/inst/gen_axilite.gen_b2s_conv.axilite_b2s/areset_d1                                      |                1 |              5 |
|  frodoBD_i/processing_system7_0/inst/FCLK_CLK0 | frodoBD_i/proc_sys_reset_0/U0/SEQ/seq_cnt_en                                                                                                                    | frodoBD_i/proc_sys_reset_0/U0/SEQ/SEQ_COUNTER/clear                                                                                        |                1 |              6 |
|  frodoBD_i/processing_system7_0/inst/FCLK_CLK0 |                                                                                                                                                                 | frodoBD_i/matrix_as_plus_e_mm_0/U0/matrix_as_plus_e_mm_ip_v1_0_S01_AXI_inst/true_single_bram2_s01_inst/ACTIVE_LOW_PR_OUT_DFF[0].FDRE_PER_N |                3 |              8 |
|  frodoBD_i/processing_system7_0/inst/FCLK_CLK0 | frodoBD_i/axi_interconnect_0/s00_couplers/auto_pc/inst/gen_axilite.gen_b2s_conv.axilite_b2s/WR.b_channel_0/mhandshake_r                                         | frodoBD_i/axi_interconnect_0/s00_couplers/auto_pc/inst/gen_axilite.gen_b2s_conv.axilite_b2s/WR.b_channel_0/bid_fifo_0/SR[0]                |                3 |              8 |
|  frodoBD_i/processing_system7_0/inst/FCLK_CLK0 | frodoBD_i/matrix_as_plus_e_mm_0/U0/matrix_as_plus_e_mm_ip_v1_0_S00_AXI_inst/WEA[0]                                                                              | frodoBD_i/matrix_as_plus_e_mm_0/U0/multiplicator2_inst/p_0_in                                                                              |                3 |              9 |
|  frodoBD_i/processing_system7_0/inst/FCLK_CLK0 | frodoBD_i/matrix_sa_plus_e_mm_ip_0/U0/matrix_sa_plus_e_mm_ip_v1_0_S01_AXI_inst/WEA[0]                                                                           | frodoBD_i/matrix_sa_plus_e_mm_ip_0/U0/matrix_sa_plus_e_mm_ip_v1_0_S01_AXI_inst/axi_awready_i_1__0_n_0                                      |                2 |              9 |
|  frodoBD_i/processing_system7_0/inst/FCLK_CLK0 |                                                                                                                                                                 | frodoBD_i/matrix_as_plus_e_mm_0/U0/matrix_as_plus_e_mm_ip_v1_0_S02_AXI_inst/axi_awready_i_1__0_n_0                                         |                3 |             10 |
|  frodoBD_i/processing_system7_0/inst/FCLK_CLK0 |                                                                                                                                                                 | frodoBD_i/keccak_f1600_mm_ip_0/U0/keccak_f1600_mm_core_fast_inst/p_0_in                                                                    |                4 |             10 |
|  frodoBD_i/processing_system7_0/inst/FCLK_CLK0 |                                                                                                                                                                 | frodoBD_i/axi_interconnect_0/s00_couplers/auto_pc/inst/gen_axilite.gen_b2s_conv.axilite_b2s/areset_d1                                      |                4 |             10 |
|  frodoBD_i/processing_system7_0/inst/FCLK_CLK0 | frodoBD_i/matrix_sa_plus_e_mm_ip_0/U0/matrix_sa_plus_e_mm_ip_v1_0_S02_AXI_inst/E[0]                                                                             | frodoBD_i/matrix_sa_plus_e_mm_ip_0/U0/controller_inst/s_s01_req_addr[9]_i_1_n_0                                                            |                3 |             10 |
|  frodoBD_i/processing_system7_0/inst/FCLK_CLK0 | frodoBD_i/axi_interconnect_0/xbar/inst/gen_sasd.crossbar_sasd_0/addr_arbiter_inst/m_axi_arvalid[9]                                                              | frodoBD_i/matrix_as_plus_e_mm_0/U0/matrix_as_plus_e_mm_ip_v1_0_S02_AXI_inst/s_addr_ram[10]_i_1_n_0                                         |                4 |             11 |
|  frodoBD_i/processing_system7_0/inst/FCLK_CLK0 | frodoBD_i/matrix_as_plus_e_mm_0/U0/matrix_as_plus_e_mm_ip_v1_0_S00_AXI_inst/axi_awready0                                                                        | frodoBD_i/matrix_as_plus_e_mm_0/U0/multiplicator2_inst/p_0_in                                                                              |                3 |             11 |
|  frodoBD_i/processing_system7_0/inst/FCLK_CLK0 | frodoBD_i/matrix_as_plus_e_mm_0/U0/controller2_inst/valid_data                                                                                                  | frodoBD_i/matrix_as_plus_e_mm_0/U0/controller2_inst/s_s02_req_addr[10]_i_1_n_0                                                             |                4 |             11 |
|  frodoBD_i/processing_system7_0/inst/FCLK_CLK0 | frodoBD_i/matrix_sa_plus_e_mm_ip_0/U0/matrix_sa_plus_e_mm_ip_v1_0_S01_AXI_inst/axi_awready0                                                                     | frodoBD_i/matrix_sa_plus_e_mm_ip_0/U0/matrix_sa_plus_e_mm_ip_v1_0_S01_AXI_inst/axi_awready_i_1__0_n_0                                      |                2 |             11 |
|  frodoBD_i/processing_system7_0/inst/FCLK_CLK0 | frodoBD_i/axi_interconnect_0/s00_couplers/auto_pc/inst/gen_axilite.gen_b2s_conv.axilite_b2s/RD.ar_channel_0/ar_cmd_fsm_0/FSM_sequential_state_reg[0]_0[0]       |                                                                                                                                            |                4 |             12 |
|  frodoBD_i/processing_system7_0/inst/FCLK_CLK0 | frodoBD_i/matrix_as_plus_e_mm_0/U0/matrix_as_plus_e_mm_ip_v1_0_S01_AXI_inst/axi_awready0                                                                        | frodoBD_i/matrix_as_plus_e_mm_0/U0/matrix_as_plus_e_mm_ip_v1_0_S01_AXI_inst/true_single_bram2_s01_inst/ACTIVE_LOW_PR_OUT_DFF[0].FDRE_PER_N |                2 |             12 |
|  frodoBD_i/processing_system7_0/inst/FCLK_CLK0 | frodoBD_i/axi_interconnect_0/s00_couplers/auto_pc/inst/gen_axilite.gen_b2s_conv.axilite_b2s/RD.ar_channel_0/ar_cmd_fsm_0/sel_first_reg[0]                       |                                                                                                                                            |                3 |             12 |
|  frodoBD_i/processing_system7_0/inst/FCLK_CLK0 | frodoBD_i/axi_interconnect_0/s00_couplers/auto_pc/inst/gen_axilite.gen_b2s_conv.axilite_b2s/WR.aw_channel_0/cmd_translator_0/incr_cmd_0/axaddr_incr[11]_i_1_n_0 |                                                                                                                                            |                2 |             12 |
|  frodoBD_i/processing_system7_0/inst/FCLK_CLK0 | frodoBD_i/axi_interconnect_0/s00_couplers/auto_pc/inst/gen_axilite.gen_b2s_conv.axilite_b2s/WR.aw_channel_0/aw_cmd_fsm_0/state_reg[1]_3[0]                      |                                                                                                                                            |                7 |             12 |
|  frodoBD_i/processing_system7_0/inst/FCLK_CLK0 |                                                                                                                                                                 | frodoBD_i/matrix_sa_plus_e_mm_ip_0/U0/matrix_sa_plus_e_mm_ip_v1_0_S02_AXI_inst/s_addrb_reg[0]_i_1_n_0                                      |                4 |             13 |
|  frodoBD_i/processing_system7_0/inst/FCLK_CLK0 |                                                                                                                                                                 | frodoBD_i/matrix_sa_plus_e_mm_ip_0/U0/controller_inst/s_s02_req_addr[0]_i_1_n_0                                                            |                4 |             13 |
|  frodoBD_i/processing_system7_0/inst/FCLK_CLK0 | frodoBD_i/axi_interconnect_0/s00_couplers/auto_pc/inst/gen_axilite.gen_b2s_conv.axilite_b2s/RD.r_channel_0/r_push_r                                             |                                                                                                                                            |                4 |             13 |
|  frodoBD_i/processing_system7_0/inst/FCLK_CLK0 | frodoBD_i/axi_interconnect_0/s00_couplers/auto_pc/inst/gen_axilite.gen_b2s_conv.axilite_b2s/SI_REG/b.b_pipe/p_1_in                                              |                                                                                                                                            |                3 |             14 |
|  frodoBD_i/processing_system7_0/inst/FCLK_CLK0 | frodoBD_i/axi_interconnect_0/s00_couplers/auto_pc/inst/gen_axilite.gen_b2s_conv.axilite_b2s/SI_REG/b.b_pipe/s_ready_i_reg_0                                     |                                                                                                                                            |                3 |             14 |
|  frodoBD_i/processing_system7_0/inst/FCLK_CLK0 | frodoBD_i/axi_interconnect_0/xbar/inst/gen_sasd.crossbar_sasd_0/reg_slice_r/aa_rready                                                                           |                                                                                                                                            |                7 |             16 |
|  frodoBD_i/processing_system7_0/inst/FCLK_CLK0 |                                                                                                                                                                 | frodoBD_i/matrix_sa_plus_e_mm_ip_0/U0/matrix_sa_plus_e_mm_ip_v1_0_S02_AXI_inst/s_dib[15]_i_1_n_0                                           |                4 |             16 |
|  frodoBD_i/processing_system7_0/inst/FCLK_CLK0 | frodoBD_i/matrix_as_plus_e_mm_0/U0/matrix_as_plus_e_mm_ip_v1_0_S02_AXI_inst/slv_reg_rden                                                                        | frodoBD_i/matrix_as_plus_e_mm_0/U0/matrix_as_plus_e_mm_ip_v1_0_S02_AXI_inst/axi_awready_i_1__0_n_0                                         |                8 |             16 |
|  frodoBD_i/processing_system7_0/inst/FCLK_CLK0 | frodoBD_i/matrix_sa_plus_e_mm_ip_0/U0/matrix_sa_plus_e_mm_ip_v1_0_S02_AXI_inst/axi_rdata[15]_i_1_n_0                                                            | frodoBD_i/matrix_sa_plus_e_mm_ip_0/U0/matrix_sa_plus_e_mm_ip_v1_0_S02_AXI_inst/axi_awready_i_1__1_n_0                                      |                8 |             16 |
|  frodoBD_i/processing_system7_0/inst/FCLK_CLK0 | frodoBD_i/axi_interconnect_0/s00_couplers/auto_pc/inst/gen_axilite.gen_b2s_conv.axilite_b2s/WR.aw_channel_0/aw_cmd_fsm_0/b_push                                 |                                                                                                                                            |                3 |             16 |
|  frodoBD_i/processing_system7_0/inst/FCLK_CLK0 |                                                                                                                                                                 | frodoBD_i/matrix_sa_plus_e_mm_ip_0/U0/matrix_sa_plus_e_mm_ip_v1_0_S00_AXI_inst/RSTP                                                        |                6 |             18 |
|  frodoBD_i/processing_system7_0/inst/FCLK_CLK0 |                                                                                                                                                                 | frodoBD_i/axi_interconnect_0/xbar/inst/gen_sasd.crossbar_sasd_0/addr_arbiter_inst/SR[0]                                                    |               10 |             20 |
|  frodoBD_i/processing_system7_0/inst/FCLK_CLK0 |                                                                                                                                                                 | frodoBD_i/axi_gpio_5/U0/AXI_LITE_IPIF_I/I_SLAVE_ATTACHMENT/SS[0]                                                                           |                7 |             21 |
|  frodoBD_i/processing_system7_0/inst/FCLK_CLK0 |                                                                                                                                                                 | frodoBD_i/axi_gpio_3/U0/AXI_LITE_IPIF_I/I_SLAVE_ATTACHMENT/SS[0]                                                                           |                7 |             21 |
|  frodoBD_i/processing_system7_0/inst/FCLK_CLK0 |                                                                                                                                                                 | frodoBD_i/axi_gpio_4/U0/AXI_LITE_IPIF_I/I_SLAVE_ATTACHMENT/SS[0]                                                                           |                7 |             21 |
|  frodoBD_i/processing_system7_0/inst/FCLK_CLK0 |                                                                                                                                                                 | frodoBD_i/matrix_as_plus_e_mm_0/U0/controller2_inst/s_s00_req_addr[8]_i_1_n_0                                                              |                7 |             21 |
|  frodoBD_i/processing_system7_0/inst/FCLK_CLK0 | frodoBD_i/axi_interconnect_0/s00_couplers/auto_pc/inst/gen_axilite.gen_b2s_conv.axilite_b2s/RD.ar_channel_0/ar_cmd_fsm_0/E[0]                                   |                                                                                                                                            |               10 |             26 |
|  frodoBD_i/processing_system7_0/inst/FCLK_CLK0 | frodoBD_i/axi_interconnect_0/s00_couplers/auto_pc/inst/gen_axilite.gen_b2s_conv.axilite_b2s/WR.aw_channel_0/aw_cmd_fsm_0/E[0]                                   |                                                                                                                                            |               14 |             26 |
|  frodoBD_i/processing_system7_0/inst/FCLK_CLK0 | frodoBD_i/axi_interconnect_0/xbar/inst/gen_sasd.crossbar_sasd_0/addr_arbiter_inst/p_0_in1_in                                                                    | frodoBD_i/axi_interconnect_0/xbar/inst/gen_sasd.crossbar_sasd_0/addr_arbiter_inst/SR[0]                                                    |               12 |             30 |
|  frodoBD_i/processing_system7_0/inst/FCLK_CLK0 | frodoBD_i/keccak_f1600_mm_ip_0/U0/enable_proc_timer                                                                                                             | frodoBD_i/keccak_f1600_mm_ip_0/U0/reset_proc_timer                                                                                         |                8 |             32 |
|  frodoBD_i/processing_system7_0/inst/FCLK_CLK0 |                                                                                                                                                                 | frodoBD_i/axi_gpio_1/U0/AXI_LITE_IPIF_I/I_SLAVE_ATTACHMENT/I_DECODER/bus2ip_rnw_i_reg_0                                                    |               10 |             32 |
|  frodoBD_i/processing_system7_0/inst/FCLK_CLK0 | frodoBD_i/keccak_f1600_mm_ip_0/U0/enable_total_timer                                                                                                            | frodoBD_i/keccak_f1600_mm_ip_0/U0/reset_total_timer                                                                                        |                8 |             32 |
|  frodoBD_i/processing_system7_0/inst/FCLK_CLK0 | frodoBD_i/keccak_f1600_mm_ip_0/U0/keccak_f1600_mm_ip_v1_0_S00_AXI_inst/to_round_in[4][0][31]_i_1_n_0                                                            |                                                                                                                                            |               11 |             32 |
|  frodoBD_i/processing_system7_0/inst/FCLK_CLK0 | frodoBD_i/matrix_sa_plus_e_mm_ip_0/U0/matrix_sa_plus_e_mm_ip_v1_0_S00_AXI_inst/generate_ram[1].true_single_bram_s00_0_inst/p_0_in                               |                                                                                                                                            |                8 |             32 |
|  frodoBD_i/processing_system7_0/inst/FCLK_CLK0 | frodoBD_i/matrix_sa_plus_e_mm_ip_0/U0/matrix_sa_plus_e_mm_ip_v1_0_S00_AXI_inst/en_reg[0]_0                                                                      |                                                                                                                                            |                8 |             32 |
|  frodoBD_i/processing_system7_0/inst/FCLK_CLK0 | frodoBD_i/matrix_sa_plus_e_mm_ip_0/U0/matrix_sa_plus_e_mm_ip_v1_0_S00_AXI_inst/p_2_in0                                                                          |                                                                                                                                            |                8 |             32 |
|  frodoBD_i/processing_system7_0/inst/FCLK_CLK0 | frodoBD_i/axi_gpio_1/U0/AXI_LITE_IPIF_I/I_SLAVE_ATTACHMENT/s_axi_rresp_i                                                                                        | frodoBD_i/axi_gpio_1/U0/AXI_LITE_IPIF_I/I_SLAVE_ATTACHMENT/SR[0]                                                                           |                5 |             32 |
|  frodoBD_i/processing_system7_0/inst/FCLK_CLK0 |                                                                                                                                                                 | frodoBD_i/axi_gpio_0/U0/AXI_LITE_IPIF_I/I_SLAVE_ATTACHMENT/I_DECODER/bus2ip_rnw_i_reg_0                                                    |                9 |             32 |
|  frodoBD_i/processing_system7_0/inst/FCLK_CLK0 | frodoBD_i/axi_gpio_1/U0/AXI_LITE_IPIF_I/I_SLAVE_ATTACHMENT/I_DECODER/E[0]                                                                                       | frodoBD_i/axi_gpio_1/U0/AXI_LITE_IPIF_I/I_SLAVE_ATTACHMENT/SR[0]                                                                           |                5 |             32 |
|  frodoBD_i/processing_system7_0/inst/FCLK_CLK0 | frodoBD_i/axi_gpio_0/U0/AXI_LITE_IPIF_I/I_SLAVE_ATTACHMENT/I_DECODER/E[0]                                                                                       | frodoBD_i/axi_gpio_0/U0/AXI_LITE_IPIF_I/I_SLAVE_ATTACHMENT/SR[0]                                                                           |                6 |             32 |
|  frodoBD_i/processing_system7_0/inst/FCLK_CLK0 | frodoBD_i/axi_gpio_0/U0/AXI_LITE_IPIF_I/I_SLAVE_ATTACHMENT/s_axi_rresp_i                                                                                        | frodoBD_i/axi_gpio_0/U0/AXI_LITE_IPIF_I/I_SLAVE_ATTACHMENT/SR[0]                                                                           |               11 |             32 |
|  frodoBD_i/processing_system7_0/inst/FCLK_CLK0 | frodoBD_i/keccak_f1600_mm_ip_0/U0/keccak_f1600_mm_ip_v1_0_S00_AXI_inst/to_round_in[0][3][31]_i_1_n_0                                                            |                                                                                                                                            |               16 |             32 |
|  frodoBD_i/processing_system7_0/inst/FCLK_CLK0 | frodoBD_i/keccak_f1600_mm_ip_0/U0/keccak_f1600_mm_ip_v1_0_S00_AXI_inst/to_round_in[0][4][31]_i_1_n_0                                                            |                                                                                                                                            |               17 |             32 |
|  frodoBD_i/processing_system7_0/inst/FCLK_CLK0 | frodoBD_i/keccak_f1600_mm_ip_0/U0/keccak_f1600_mm_ip_v1_0_S00_AXI_inst/to_round_in[1][0][63]_i_1_n_0                                                            |                                                                                                                                            |               12 |             32 |
|  frodoBD_i/processing_system7_0/inst/FCLK_CLK0 | frodoBD_i/keccak_f1600_mm_ip_0/U0/keccak_f1600_mm_ip_v1_0_S00_AXI_inst/to_round_in[1][1][31]_i_1_n_0                                                            |                                                                                                                                            |               16 |             32 |
|  frodoBD_i/processing_system7_0/inst/FCLK_CLK0 | frodoBD_i/keccak_f1600_mm_ip_0/U0/keccak_f1600_mm_ip_v1_0_S00_AXI_inst/to_round_in[1][1][63]_i_1_n_0                                                            |                                                                                                                                            |               17 |             32 |
|  frodoBD_i/processing_system7_0/inst/FCLK_CLK0 | frodoBD_i/keccak_f1600_mm_ip_0/U0/keccak_f1600_mm_ip_v1_0_S00_AXI_inst/to_round_in[1][2][31]_i_1_n_0                                                            |                                                                                                                                            |               19 |             32 |
|  frodoBD_i/processing_system7_0/inst/FCLK_CLK0 | frodoBD_i/keccak_f1600_mm_ip_0/U0/keccak_f1600_mm_ip_v1_0_S00_AXI_inst/to_round_in[1][2][63]_i_1_n_0                                                            |                                                                                                                                            |               13 |             32 |
|  frodoBD_i/processing_system7_0/inst/FCLK_CLK0 | frodoBD_i/keccak_f1600_mm_ip_0/U0/keccak_f1600_mm_ip_v1_0_S00_AXI_inst/to_round_in[1][3][31]_i_1_n_0                                                            |                                                                                                                                            |               16 |             32 |
|  frodoBD_i/processing_system7_0/inst/FCLK_CLK0 | frodoBD_i/keccak_f1600_mm_ip_0/U0/keccak_f1600_mm_ip_v1_0_S00_AXI_inst/to_round_in[0][1][63]_i_1_n_0                                                            |                                                                                                                                            |               14 |             32 |
|  frodoBD_i/processing_system7_0/inst/FCLK_CLK0 | frodoBD_i/keccak_f1600_mm_ip_0/U0/keccak_f1600_mm_ip_v1_0_S00_AXI_inst/to_round_in[0][3][63]_i_1_n_0                                                            |                                                                                                                                            |               14 |             32 |
|  frodoBD_i/processing_system7_0/inst/FCLK_CLK0 | frodoBD_i/keccak_f1600_mm_ip_0/U0/keccak_f1600_mm_ip_v1_0_S00_AXI_inst/to_round_in[0][1][31]_i_1_n_0                                                            |                                                                                                                                            |               14 |             32 |
|  frodoBD_i/processing_system7_0/inst/FCLK_CLK0 | frodoBD_i/keccak_f1600_mm_ip_0/U0/keccak_f1600_mm_ip_v1_0_S00_AXI_inst/to_round_in[0][4][63]_i_1_n_0                                                            |                                                                                                                                            |               16 |             32 |
|  frodoBD_i/processing_system7_0/inst/FCLK_CLK0 | frodoBD_i/keccak_f1600_mm_ip_0/U0/keccak_f1600_mm_ip_v1_0_S00_AXI_inst/to_round_in[1][0][31]_i_1_n_0                                                            |                                                                                                                                            |               14 |             32 |
|  frodoBD_i/processing_system7_0/inst/FCLK_CLK0 | frodoBD_i/keccak_f1600_mm_ip_0/U0/keccak_f1600_mm_ip_v1_0_S00_AXI_inst/to_round_in[1][4][31]_i_1_n_0                                                            |                                                                                                                                            |               16 |             32 |
|  frodoBD_i/processing_system7_0/inst/FCLK_CLK0 | frodoBD_i/keccak_f1600_mm_ip_0/U0/keccak_f1600_mm_ip_v1_0_S00_AXI_inst/to_round_in[1][3][63]_i_1_n_0                                                            |                                                                                                                                            |               18 |             32 |
|  frodoBD_i/processing_system7_0/inst/FCLK_CLK0 | frodoBD_i/keccak_f1600_mm_ip_0/U0/keccak_f1600_mm_ip_v1_0_S00_AXI_inst/to_round_in[1][4][63]_i_1_n_0                                                            |                                                                                                                                            |               18 |             32 |
|  frodoBD_i/processing_system7_0/inst/FCLK_CLK0 | frodoBD_i/keccak_f1600_mm_ip_0/U0/keccak_f1600_mm_ip_v1_0_S00_AXI_inst/to_round_in[0][2][63]_i_1_n_0                                                            |                                                                                                                                            |               10 |             32 |
|  frodoBD_i/processing_system7_0/inst/FCLK_CLK0 | frodoBD_i/keccak_f1600_mm_ip_0/U0/keccak_f1600_mm_ip_v1_0_S00_AXI_inst/to_round_in[2][0][31]_i_1_n_0                                                            |                                                                                                                                            |               17 |             32 |
|  frodoBD_i/processing_system7_0/inst/FCLK_CLK0 | frodoBD_i/keccak_f1600_mm_ip_0/U0/keccak_f1600_mm_ip_v1_0_S00_AXI_inst/to_round_in[2][0][63]_i_1_n_0                                                            |                                                                                                                                            |               13 |             32 |
|  frodoBD_i/processing_system7_0/inst/FCLK_CLK0 | frodoBD_i/keccak_f1600_mm_ip_0/U0/keccak_f1600_mm_ip_v1_0_S00_AXI_inst/to_round_in[2][1][31]_i_1_n_0                                                            |                                                                                                                                            |               12 |             32 |
|  frodoBD_i/processing_system7_0/inst/FCLK_CLK0 | frodoBD_i/keccak_f1600_mm_ip_0/U0/keccak_f1600_mm_ip_v1_0_S00_AXI_inst/to_round_in[2][3][31]_i_1_n_0                                                            |                                                                                                                                            |               17 |             32 |
|  frodoBD_i/processing_system7_0/inst/FCLK_CLK0 | frodoBD_i/keccak_f1600_mm_ip_0/U0/keccak_f1600_mm_ip_v1_0_S00_AXI_inst/to_round_in[2][2][63]_i_1_n_0                                                            |                                                                                                                                            |               14 |             32 |
|  frodoBD_i/processing_system7_0/inst/FCLK_CLK0 | frodoBD_i/keccak_f1600_mm_ip_0/U0/keccak_f1600_mm_ip_v1_0_S00_AXI_inst/to_round_in[3][3][31]_i_1_n_0                                                            |                                                                                                                                            |               14 |             32 |
|  frodoBD_i/processing_system7_0/inst/FCLK_CLK0 | frodoBD_i/keccak_f1600_mm_ip_0/U0/keccak_f1600_mm_ip_v1_0_S00_AXI_inst/to_round_in[4][3][31]_i_1_n_0                                                            |                                                                                                                                            |               14 |             32 |
|  frodoBD_i/processing_system7_0/inst/FCLK_CLK0 | frodoBD_i/keccak_f1600_mm_ip_0/U0/keccak_f1600_mm_ip_v1_0_S00_AXI_inst/x_in[31]_i_1_n_0                                                                         | frodoBD_i/keccak_f1600_mm_ip_0/U0/keccak_f1600_mm_ip_v1_0_S00_AXI_inst/y_in[31]_i_1_n_0                                                    |                6 |             32 |
|  frodoBD_i/processing_system7_0/inst/FCLK_CLK0 | frodoBD_i/keccak_f1600_mm_ip_0/U0/keccak_f1600_mm_ip_v1_0_S00_AXI_inst/to_round_in[4][1][31]_i_1_n_0                                                            |                                                                                                                                            |               13 |             32 |
|  frodoBD_i/processing_system7_0/inst/FCLK_CLK0 | frodoBD_i/keccak_f1600_mm_ip_0/U0/keccak_f1600_mm_ip_v1_0_S00_AXI_inst/to_round_in[4][2][63]_i_1_n_0                                                            |                                                                                                                                            |               18 |             32 |
|  frodoBD_i/processing_system7_0/inst/FCLK_CLK0 | frodoBD_i/keccak_f1600_mm_ip_0/U0/keccak_f1600_mm_ip_v1_0_S00_AXI_inst/to_round_in[2][1][63]_i_1_n_0                                                            |                                                                                                                                            |               12 |             32 |
|  frodoBD_i/processing_system7_0/inst/FCLK_CLK0 | frodoBD_i/keccak_f1600_mm_ip_0/U0/keccak_f1600_mm_ip_v1_0_S00_AXI_inst/to_round_in[3][2][63]_i_1_n_0                                                            |                                                                                                                                            |               18 |             32 |
|  frodoBD_i/processing_system7_0/inst/FCLK_CLK0 | frodoBD_i/keccak_f1600_mm_ip_0/U0/keccak_f1600_mm_ip_v1_0_S00_AXI_inst/to_round_in[3][1][31]_i_1_n_0                                                            |                                                                                                                                            |               14 |             32 |
|  frodoBD_i/processing_system7_0/inst/FCLK_CLK0 | frodoBD_i/keccak_f1600_mm_ip_0/U0/keccak_f1600_mm_ip_v1_0_S00_AXI_inst/to_round_in[3][2][31]_i_1_n_0                                                            |                                                                                                                                            |               15 |             32 |
|  frodoBD_i/processing_system7_0/inst/FCLK_CLK0 | frodoBD_i/keccak_f1600_mm_ip_0/U0/keccak_f1600_mm_ip_v1_0_S00_AXI_inst/to_round_in[3][1][63]_i_1_n_0                                                            |                                                                                                                                            |               16 |             32 |
|  frodoBD_i/processing_system7_0/inst/FCLK_CLK0 | frodoBD_i/keccak_f1600_mm_ip_0/U0/keccak_f1600_mm_ip_v1_0_S00_AXI_inst/to_round_in[2][4][63]_i_1_n_0                                                            |                                                                                                                                            |               10 |             32 |
|  frodoBD_i/processing_system7_0/inst/FCLK_CLK0 | frodoBD_i/keccak_f1600_mm_ip_0/U0/keccak_f1600_mm_ip_v1_0_S00_AXI_inst/to_round_in[3][4][31]_i_1_n_0                                                            |                                                                                                                                            |               17 |             32 |
|  frodoBD_i/processing_system7_0/inst/FCLK_CLK0 | frodoBD_i/keccak_f1600_mm_ip_0/U0/keccak_f1600_mm_ip_v1_0_S00_AXI_inst/to_round_in[0][2][31]_i_1_n_0                                                            |                                                                                                                                            |               16 |             32 |
|  frodoBD_i/processing_system7_0/inst/FCLK_CLK0 | frodoBD_i/keccak_f1600_mm_ip_0/U0/keccak_f1600_mm_ip_v1_0_S00_AXI_inst/to_round_in[4][2][31]_i_1_n_0                                                            |                                                                                                                                            |               12 |             32 |
|  frodoBD_i/processing_system7_0/inst/FCLK_CLK0 | frodoBD_i/keccak_f1600_mm_ip_0/U0/keccak_f1600_mm_ip_v1_0_S00_AXI_inst/to_round_in[4][0][63]_i_1_n_0                                                            |                                                                                                                                            |               17 |             32 |
|  frodoBD_i/processing_system7_0/inst/FCLK_CLK0 | frodoBD_i/keccak_f1600_mm_ip_0/U0/keccak_f1600_mm_ip_v1_0_S00_AXI_inst/to_round_in[4][4][31]_i_1_n_0                                                            |                                                                                                                                            |               14 |             32 |
|  frodoBD_i/processing_system7_0/inst/FCLK_CLK0 | frodoBD_i/keccak_f1600_mm_ip_0/U0/keccak_f1600_mm_ip_v1_0_S00_AXI_inst/to_round_in[4][4][63]_i_1_n_0                                                            |                                                                                                                                            |               14 |             32 |
|  frodoBD_i/processing_system7_0/inst/FCLK_CLK0 | frodoBD_i/keccak_f1600_mm_ip_0/U0/keccak_f1600_mm_ip_v1_0_S00_AXI_inst/to_round_in[2][4][31]_i_1_n_0                                                            |                                                                                                                                            |               13 |             32 |
|  frodoBD_i/processing_system7_0/inst/FCLK_CLK0 | frodoBD_i/keccak_f1600_mm_ip_0/U0/keccak_f1600_mm_ip_v1_0_S00_AXI_inst/to_round_in[3][0][31]_i_1_n_0                                                            |                                                                                                                                            |               17 |             32 |
|  frodoBD_i/processing_system7_0/inst/FCLK_CLK0 | frodoBD_i/keccak_f1600_mm_ip_0/U0/keccak_f1600_mm_ip_v1_0_S00_AXI_inst/to_round_in[2][3][63]_i_1_n_0                                                            |                                                                                                                                            |               15 |             32 |
|  frodoBD_i/processing_system7_0/inst/FCLK_CLK0 | frodoBD_i/keccak_f1600_mm_ip_0/U0/keccak_f1600_mm_ip_v1_0_S00_AXI_inst/to_round_in[3][4][63]_i_1_n_0                                                            |                                                                                                                                            |               17 |             32 |
|  frodoBD_i/processing_system7_0/inst/FCLK_CLK0 | frodoBD_i/keccak_f1600_mm_ip_0/U0/keccak_f1600_mm_ip_v1_0_S00_AXI_inst/to_round_in[4][1][63]_i_1_n_0                                                            |                                                                                                                                            |               14 |             32 |
|  frodoBD_i/processing_system7_0/inst/FCLK_CLK0 | frodoBD_i/keccak_f1600_mm_ip_0/U0/keccak_f1600_mm_ip_v1_0_S00_AXI_inst/to_round_in[3][3][63]_i_1_n_0                                                            |                                                                                                                                            |               16 |             32 |
|  frodoBD_i/processing_system7_0/inst/FCLK_CLK0 | frodoBD_i/keccak_f1600_mm_ip_0/U0/keccak_f1600_mm_ip_v1_0_S00_AXI_inst/to_round_in[2][2][31]_i_1_n_0                                                            |                                                                                                                                            |               11 |             32 |
|  frodoBD_i/processing_system7_0/inst/FCLK_CLK0 | frodoBD_i/keccak_f1600_mm_ip_0/U0/keccak_f1600_mm_ip_v1_0_S00_AXI_inst/to_round_in[3][0][63]_i_1_n_0                                                            |                                                                                                                                            |               20 |             32 |
|  frodoBD_i/processing_system7_0/inst/FCLK_CLK0 | frodoBD_i/keccak_f1600_mm_ip_0/U0/keccak_f1600_mm_ip_v1_0_S00_AXI_inst/to_round_in[4][3][63]_i_1_n_0                                                            |                                                                                                                                            |               15 |             32 |
|  frodoBD_i/processing_system7_0/inst/FCLK_CLK0 | frodoBD_i/keccak_f1600_mm_ip_0/U0/keccak_f1600_mm_ip_v1_0_S00_AXI_inst/x_out[31]_i_1_n_0                                                                        | frodoBD_i/keccak_f1600_mm_ip_0/U0/keccak_f1600_mm_core_fast_inst/p_0_in                                                                    |                8 |             32 |
|  frodoBD_i/processing_system7_0/inst/FCLK_CLK0 | frodoBD_i/keccak_f1600_mm_ip_0/U0/keccak_f1600_mm_ip_v1_0_S00_AXI_inst/y_in[31]_i_2_n_0                                                                         | frodoBD_i/keccak_f1600_mm_ip_0/U0/keccak_f1600_mm_ip_v1_0_S00_AXI_inst/y_in[31]_i_1_n_0                                                    |                8 |             32 |
|  frodoBD_i/processing_system7_0/inst/FCLK_CLK0 | frodoBD_i/matrix_sa_plus_e_mm_ip_0/U0/matrix_sa_plus_e_mm_ip_v1_0_S00_AXI_inst/generate_ram[0].true_single_bram_s00_0_inst/p_0_in__0                            |                                                                                                                                            |                8 |             32 |
|  frodoBD_i/processing_system7_0/inst/FCLK_CLK0 | frodoBD_i/keccak_f1600_mm_ip_0/U0/keccak_f1600_mm_ip_v1_0_S00_AXI_inst/to_round_in[0][0][63]_i_1_n_0                                                            |                                                                                                                                            |               15 |             32 |
|  frodoBD_i/processing_system7_0/inst/FCLK_CLK0 | frodoBD_i/keccak_f1600_mm_ip_0/U0/keccak_f1600_mm_ip_v1_0_S00_AXI_inst/to_round_in[0][0][31]_i_1_n_0                                                            |                                                                                                                                            |               16 |             32 |
|  frodoBD_i/processing_system7_0/inst/FCLK_CLK0 | frodoBD_i/keccak_f1600_mm_ip_0/U0/keccak_f1600_mm_ip_v1_0_S00_AXI_inst/axi_rvalid06_out                                                                         | frodoBD_i/keccak_f1600_mm_ip_0/U0/keccak_f1600_mm_core_fast_inst/p_0_in                                                                    |               20 |             33 |
|  frodoBD_i/processing_system7_0/inst/FCLK_CLK0 | frodoBD_i/axi_interconnect_0/s00_couplers/auto_pc/inst/gen_axilite.gen_b2s_conv.axilite_b2s/RD.r_channel_0/rd_data_fifo_0/wr_en0                                |                                                                                                                                            |               10 |             34 |
|  frodoBD_i/processing_system7_0/inst/FCLK_CLK0 | frodoBD_i/axi_interconnect_0/xbar/inst/gen_sasd.crossbar_sasd_0/addr_arbiter_inst/E[0]                                                                          |                                                                                                                                            |               11 |             35 |
|  frodoBD_i/processing_system7_0/inst/FCLK_CLK0 | frodoBD_i/keccak_f1600_mm_ip_0/U0/keccak_f1600_mm_core_fast_inst/round_rep[4]_i_2_n_0                                                                           | frodoBD_i/keccak_f1600_mm_ip_0/U0/keccak_f1600_mm_core_fast_inst/round_rep[4]_i_1_n_0                                                      |               10 |             37 |
|  frodoBD_i/processing_system7_0/inst/FCLK_CLK0 | frodoBD_i/keccak_f1600_mm_ip_0/U0/keccak_f1600_mm_ip_v1_0_S00_AXI_inst/y_out[31]_i_1_n_0                                                                        | frodoBD_i/keccak_f1600_mm_ip_0/U0/keccak_f1600_mm_core_fast_inst/p_0_in                                                                    |               13 |             38 |
|  frodoBD_i/processing_system7_0/inst/FCLK_CLK0 |                                                                                                                                                                 | frodoBD_i/matrix_sa_plus_e_mm_ip_0/U0/matrix_sa_plus_e_mm_ip_v1_0_S02_AXI_inst/axi_awready_i_1__1_n_0                                      |               12 |             39 |
|  frodoBD_i/processing_system7_0/inst/FCLK_CLK0 |                                                                                                                                                                 | frodoBD_i/axi_gpio_0/U0/AXI_LITE_IPIF_I/I_SLAVE_ATTACHMENT/SR[0]                                                                           |               16 |             47 |
|  frodoBD_i/processing_system7_0/inst/FCLK_CLK0 |                                                                                                                                                                 | frodoBD_i/axi_gpio_1/U0/AXI_LITE_IPIF_I/I_SLAVE_ATTACHMENT/SR[0]                                                                           |               14 |             47 |
|  frodoBD_i/processing_system7_0/inst/FCLK_CLK0 | frodoBD_i/axi_interconnect_0/s00_couplers/auto_pc/inst/gen_axilite.gen_b2s_conv.axilite_b2s/SI_REG/r.r_pipe/s_ready_i_reg_0                                     |                                                                                                                                            |               12 |             47 |
|  frodoBD_i/processing_system7_0/inst/FCLK_CLK0 | frodoBD_i/axi_interconnect_0/s00_couplers/auto_pc/inst/gen_axilite.gen_b2s_conv.axilite_b2s/SI_REG/r.r_pipe/p_1_in                                              |                                                                                                                                            |                9 |             47 |
|  frodoBD_i/processing_system7_0/inst/FCLK_CLK0 | frodoBD_i/axi_interconnect_0/s00_couplers/auto_pc/inst/gen_axilite.gen_b2s_conv.axilite_b2s/RD.ar_channel_0/ar_cmd_fsm_0/FSM_sequential_state_reg[1]_1[0]       |                                                                                                                                            |               11 |             50 |
|  frodoBD_i/processing_system7_0/inst/FCLK_CLK0 | frodoBD_i/axi_interconnect_0/s00_couplers/auto_pc/inst/gen_axilite.gen_b2s_conv.axilite_b2s/SI_REG/ar.ar_pipe/s_ready_i_reg_0                                   |                                                                                                                                            |               13 |             50 |
|  frodoBD_i/processing_system7_0/inst/FCLK_CLK0 | frodoBD_i/axi_interconnect_0/s00_couplers/auto_pc/inst/gen_axilite.gen_b2s_conv.axilite_b2s/WR.aw_channel_0/aw_cmd_fsm_0/m_valid_i_reg[0]                       |                                                                                                                                            |               13 |             50 |
|  frodoBD_i/processing_system7_0/inst/FCLK_CLK0 | frodoBD_i/axi_interconnect_0/s00_couplers/auto_pc/inst/gen_axilite.gen_b2s_conv.axilite_b2s/SI_REG/aw.aw_pipe/s_ready_i_reg_0                                   |                                                                                                                                            |               10 |             50 |
|  frodoBD_i/processing_system7_0/inst/FCLK_CLK0 |                                                                                                                                                                 | frodoBD_i/matrix_sa_plus_e_mm_ip_0/U0/matrix_sa_plus_e_mm_ip_v1_0_S01_AXI_inst/axi_awready_i_1__0_n_0                                      |               13 |             72 |
|  frodoBD_i/processing_system7_0/inst/FCLK_CLK0 |                                                                                                                                                                 | frodoBD_i/matrix_as_plus_e_mm_0/U0/multiplicator2_inst/p_0_in                                                                              |               57 |            145 |
|  frodoBD_i/processing_system7_0/inst/FCLK_CLK0 |                                                                                                                                                                 |                                                                                                                                            |              149 |            519 |
|  frodoBD_i/processing_system7_0/inst/FCLK_CLK0 | frodoBD_i/keccak_f1600_mm_ip_0/U0/keccak_f1600_mm_core_fast_inst/s_processing                                                                                   | frodoBD_i/keccak_f1600_mm_ip_0/U0/keccak_f1600_mm_core_fast_inst/p_0_in                                                                    |              474 |           1600 |
+------------------------------------------------+-----------------------------------------------------------------------------------------------------------------------------------------------------------------+--------------------------------------------------------------------------------------------------------------------------------------------+------------------+----------------+


