#-----------------------------------------------------------
# Webtalk v2019.1 (64-bit)
# SW Build 2552052 on Fri May 24 14:49:42 MDT 2019
# 
# Start of session at: Tue Sep  7 18:15:08 2021
# Process ID: 11824
# Current directory: C:/Projects/frodo-fpga/frodo-fpga.sdk/webtalk
# Command line: wbtcv.exe -mode batch -source sdk_webtalk.tcl
# Log file: C:/Projects/frodo-fpga/frodo-fpga.sdk/webtalk/webtalk.log
# Journal file: C:/Projects/frodo-fpga/frodo-fpga.sdk/webtalk\webtalk.jou
#-----------------------------------------------------------
source sdk_webtalk.tcl
# webtalk_init -webtalk_dir C:\\Projects\\frodo-fpga\\frodo-fpga.sdk\\webtalk
# webtalk_register_client -client project
# webtalk_add_data -client project -key date_generated -value "2021-09-07 18:15:05" -context "software_version_and_target_device"
# webtalk_add_data -client project -key product_version -value "SDK v2019.1" -context "software_version_and_target_device"
# webtalk_add_data -client project -key build_version -value "2019.1" -context "software_version_and_target_device"
# webtalk_add_data -client project -key os_platform -value "amd64" -context "software_version_and_target_device"
# webtalk_add_data -client project -key registration_id -value "" -context "software_version_and_target_device"
# webtalk_add_data -client project -key tool_flow -value "SDK" -context "software_version_and_target_device"
# webtalk_add_data -client project -key beta -value "false" -context "software_version_and_target_device"
# webtalk_add_data -client project -key route_design -value "NA" -context "software_version_and_target_device"
# webtalk_add_data -client project -key target_family -value "NA" -context "software_version_and_target_device"
# webtalk_add_data -client project -key target_device -value "NA" -context "software_version_and_target_device"
# webtalk_add_data -client project -key target_package -value "NA" -context "software_version_and_target_device"
# webtalk_add_data -client project -key target_speed -value "NA" -context "software_version_and_target_device"
# webtalk_add_data -client project -key random_id -value "h1uhihorvtciodrn4js86ljn5c" -context "software_version_and_target_device"
# webtalk_add_data -client project -key project_id -value "2019.1_16" -context "software_version_and_target_device"
# webtalk_add_data -client project -key project_iteration -value "16" -context "software_version_and_target_device"
# webtalk_add_data -client project -key os_name -value "Microsoft Windows 8 or later , 64-bit" -context "user_environment"
# webtalk_add_data -client project -key os_release -value "major release  (build 9200)" -context "user_environment"
# webtalk_add_data -client project -key cpu_name -value "Intel(R) Core(TM) i7-4702HQ CPU @ 2.20GHz" -context "user_environment"
# webtalk_add_data -client project -key cpu_speed -value "2195 MHz" -context "user_environment"
# webtalk_add_data -client project -key total_processors -value "1" -context "user_environment"
# webtalk_add_data -client project -key system_ram -value "17.078 GB" -context "user_environment"
# webtalk_register_client -client sdk
# webtalk_add_data -client sdk -key uid -value "1631030267155" -context "sdk\\\\bsp/1631030267155"
# webtalk_add_data -client sdk -key hwid -value "1584809762855" -context "sdk\\\\bsp/1631030267155"
# webtalk_add_data -client sdk -key os -value "standalone" -context "sdk\\\\bsp/1631030267155"
# webtalk_add_data -client sdk -key apptemplate -value "lwip_tcp_perf_client" -context "sdk\\\\bsp/1631030267155"
# webtalk_add_data -client sdk -key RecordType -value "BSPCreation" -context "sdk\\\\bsp/1631030267155"
# webtalk_add_data -client sdk -key uid -value "1631030275069" -context "sdk\\\\application/1631030275069"
# webtalk_add_data -client sdk -key hwid -value "1584809762855" -context "sdk\\\\application/1631030275069"
# webtalk_add_data -client sdk -key bspid -value "1631030267155" -context "sdk\\\\application/1631030275069"
# webtalk_add_data -client sdk -key newbsp -value "true" -context "sdk\\\\application/1631030275069"
# webtalk_add_data -client sdk -key os -value "standalone" -context "sdk\\\\application/1631030275069"
# webtalk_add_data -client sdk -key apptemplate -value "lwip_tcp_perf_client" -context "sdk\\\\application/1631030275069"
# webtalk_add_data -client sdk -key RecordType -value "APPCreation" -context "sdk\\\\application/1631030275069"
# webtalk_add_data -client sdk -key LangUsed -value "C" -context "sdk\\\\application/1631030275069"
# webtalk_add_data -client sdk -key Procused -value "ps7_cortexa9" -context "sdk\\\\application/1631030275069"
# webtalk_add_data -client sdk -key projSize -value "1570.1171875" -context "sdk\\\\application/1631030275069"
# webtalk_add_data -client sdk -key uid -value "1631042450371" -context "sdk\\\\bsp/1631042450371"
# webtalk_add_data -client sdk -key hwid -value "1584809762855" -context "sdk\\\\bsp/1631042450371"
# webtalk_add_data -client sdk -key os -value "standalone" -context "sdk\\\\bsp/1631042450371"
# webtalk_add_data -client sdk -key apptemplate -value "lwip_tcp_perf_server" -context "sdk\\\\bsp/1631042450371"
# webtalk_add_data -client sdk -key RecordType -value "BSPCreation" -context "sdk\\\\bsp/1631042450371"
# webtalk_add_data -client sdk -key uid -value "1631042454493" -context "sdk\\\\application/1631042454493"
# webtalk_add_data -client sdk -key hwid -value "1584809762855" -context "sdk\\\\application/1631042454493"
# webtalk_add_data -client sdk -key bspid -value "1631042450371" -context "sdk\\\\application/1631042454493"
# webtalk_add_data -client sdk -key newbsp -value "true" -context "sdk\\\\application/1631042454493"
# webtalk_add_data -client sdk -key os -value "standalone" -context "sdk\\\\application/1631042454493"
# webtalk_add_data -client sdk -key apptemplate -value "lwip_tcp_perf_server" -context "sdk\\\\application/1631042454493"
# webtalk_add_data -client sdk -key RecordType -value "APPCreation" -context "sdk\\\\application/1631042454493"
# webtalk_add_data -client sdk -key LangUsed -value "C" -context "sdk\\\\application/1631042454493"
# webtalk_add_data -client sdk -key Procused -value "ps7_cortexa9" -context "sdk\\\\application/1631042454493"
# webtalk_add_data -client sdk -key projSize -value "1570.6015625" -context "sdk\\\\application/1631042454493"
# webtalk_add_data -client sdk -key uid -value "NA" -context "sdk\\\\bsp/1631049305445"
# webtalk_add_data -client sdk -key RecordType -value "ToolUsage" -context "sdk\\\\bsp/1631049305445"
# webtalk_add_data -client sdk -key BootgenCount -value "0" -context "sdk\\\\bsp/1631049305445"
# webtalk_add_data -client sdk -key DebugCount -value "21" -context "sdk\\\\bsp/1631049305445"
# webtalk_add_data -client sdk -key PerfCount -value "0" -context "sdk\\\\bsp/1631049305445"
# webtalk_add_data -client sdk -key FlashCount -value "0" -context "sdk\\\\bsp/1631049305445"
# webtalk_add_data -client sdk -key CrossTriggCount -value "0" -context "sdk\\\\bsp/1631049305445"
# webtalk_add_data -client sdk -key QemuDebugCount -value "0" -context "sdk\\\\bsp/1631049305445"
# webtalk_transmit -clientid 1153266633 -regid "" -xml C:\\Projects\\frodo-fpga\\frodo-fpga.sdk\\webtalk\\usage_statistics_ext_sdk.xml -html C:\\Projects\\frodo-fpga\\frodo-fpga.sdk\\webtalk\\usage_statistics_ext_sdk.html -wdm C:\\Projects\\frodo-fpga\\frodo-fpga.sdk\\webtalk\\sdk_webtalk.wdm -intro "<H3>SDK Usage Report</H3><BR>"
INFO: [Common 17-186] 'C:\Projects\frodo-fpga\frodo-fpga.sdk\webtalk\usage_statistics_ext_sdk.xml' has been successfully sent to Xilinx on Tue Sep  7 18:15:13 2021. For additional details about this file, please refer to the WebTalk help file at C:/Xilinx/SDK/2019.1/doc/webtalk_introduction.html.
webtalk_transmit: Time (s): cpu = 00:00:00 ; elapsed = 00:00:05 . Memory (MB): peak = 91.578 ; gain = 0.000
# webtalk_terminate
INFO: [Common 17-206] Exiting Webtalk at Tue Sep  7 18:15:13 2021...
