#-----------------------------------------------------------
# Webtalk v2019.1 (64-bit)
# SW Build 2552052 on Fri May 24 14:49:42 MDT 2019
# 
# Start of session at: Mon Nov 25 22:43:28 2019
# Process ID: 11432
# Current directory: C:/Projects/frodo-fpga/frodo-fpga.sdk/webtalk
# Command line: wbtcv.exe -mode batch -source sdk_webtalk.tcl
# Log file: C:/Projects/frodo-fpga/frodo-fpga.sdk/webtalk/webtalk.log
# Journal file: C:/Projects/frodo-fpga/frodo-fpga.sdk/webtalk\webtalk.jou
#-----------------------------------------------------------
source sdk_webtalk.tcl
# webtalk_init -webtalk_dir C:\\Projects\\frodo-fpga\\frodo-fpga.sdk\\webtalk
# webtalk_register_client -client project
# webtalk_add_data -client project -key date_generated -value "2019-11-25 23:43:25" -context "software_version_and_target_device"
# webtalk_add_data -client project -key product_version -value "SDK v2019.1" -context "software_version_and_target_device"
# webtalk_add_data -client project -key build_version -value "2019.1" -context "software_version_and_target_device"
# webtalk_add_data -client project -key os_platform -value "amd64" -context "software_version_and_target_device"
# webtalk_add_data -client project -key registration_id -value "" -context "software_version_and_target_device"
# webtalk_add_data -client project -key tool_flow -value "SDK" -context "software_version_and_target_device"
# webtalk_add_data -client project -key beta -value "false" -context "software_version_and_target_device"
# webtalk_add_data -client project -key route_design -value "NA" -context "software_version_and_target_device"
# webtalk_add_data -client project -key target_family -value "NA" -context "software_version_and_target_device"
# webtalk_add_data -client project -key target_device -value "NA" -context "software_version_and_target_device"
# webtalk_add_data -client project -key target_package -value "NA" -context "software_version_and_target_device"
# webtalk_add_data -client project -key target_speed -value "NA" -context "software_version_and_target_device"
# webtalk_add_data -client project -key random_id -value "ls30uog8esbshtklt4n58tn5cf" -context "software_version_and_target_device"
# webtalk_add_data -client project -key project_id -value "2019.1_7" -context "software_version_and_target_device"
# webtalk_add_data -client project -key project_iteration -value "7" -context "software_version_and_target_device"
# webtalk_add_data -client project -key os_name -value "Microsoft Windows 8 or later , 64-bit" -context "user_environment"
# webtalk_add_data -client project -key os_release -value "major release  (build 9200)" -context "user_environment"
# webtalk_add_data -client project -key cpu_name -value "Intel(R) Core(TM) i7-4702HQ CPU @ 2.20GHz" -context "user_environment"
# webtalk_add_data -client project -key cpu_speed -value "2195 MHz" -context "user_environment"
# webtalk_add_data -client project -key total_processors -value "1" -context "user_environment"
# webtalk_add_data -client project -key system_ram -value "17.078 GB" -context "user_environment"
# webtalk_register_client -client sdk
# webtalk_add_data -client sdk -key uid -value "1574721827447" -context "sdk\\\\hardware/1574721827447"
# webtalk_add_data -client sdk -key isZynq -value "true" -context "sdk\\\\hardware/1574721827447"
# webtalk_add_data -client sdk -key isZynqMP -value "false" -context "sdk\\\\hardware/1574721827447"
# webtalk_add_data -client sdk -key Processors -value "2" -context "sdk\\\\hardware/1574721827447"
# webtalk_add_data -client sdk -key VivadoVersion -value "2019.1" -context "sdk\\\\hardware/1574721827447"
# webtalk_add_data -client sdk -key Arch -value "zynq" -context "sdk\\\\hardware/1574721827447"
# webtalk_add_data -client sdk -key Device -value "7z010" -context "sdk\\\\hardware/1574721827447"
# webtalk_add_data -client sdk -key IsHandoff -value "true" -context "sdk\\\\hardware/1574721827447"
# webtalk_add_data -client sdk -key os -value "NA" -context "sdk\\\\hardware/1574721827447"
# webtalk_add_data -client sdk -key apptemplate -value "NA" -context "sdk\\\\hardware/1574721827447"
# webtalk_add_data -client sdk -key RecordType -value "HWCreation" -context "sdk\\\\hardware/1574721827447"
# webtalk_add_data -client sdk -key uid -value "1574721923579" -context "sdk\\\\bsp/1574721923579"
# webtalk_add_data -client sdk -key hwid -value "1574721827447" -context "sdk\\\\bsp/1574721923579"
# webtalk_add_data -client sdk -key os -value "standalone" -context "sdk\\\\bsp/1574721923579"
# webtalk_add_data -client sdk -key apptemplate -value "hello_world" -context "sdk\\\\bsp/1574721923579"
# webtalk_add_data -client sdk -key RecordType -value "BSPCreation" -context "sdk\\\\bsp/1574721923579"
# webtalk_add_data -client sdk -key uid -value "1574721931350" -context "sdk\\\\application/1574721931350"
# webtalk_add_data -client sdk -key hwid -value "1574721827447" -context "sdk\\\\application/1574721931350"
# webtalk_add_data -client sdk -key bspid -value "1574721923579" -context "sdk\\\\application/1574721931350"
# webtalk_add_data -client sdk -key newbsp -value "true" -context "sdk\\\\application/1574721931350"
# webtalk_add_data -client sdk -key os -value "standalone" -context "sdk\\\\application/1574721931350"
# webtalk_add_data -client sdk -key apptemplate -value "hello_world" -context "sdk\\\\application/1574721931350"
# webtalk_add_data -client sdk -key RecordType -value "APPCreation" -context "sdk\\\\application/1574721931350"
# webtalk_add_data -client sdk -key LangUsed -value "C" -context "sdk\\\\application/1574721931350"
# webtalk_add_data -client sdk -key Procused -value "ps7_cortexa9" -context "sdk\\\\application/1574721931350"
# webtalk_add_data -client sdk -key projSize -value "371.41796875" -context "sdk\\\\application/1574721931350"
# webtalk_add_data -client sdk -key uid -value "NA" -context "sdk\\\\bsp/1574732605635"
# webtalk_add_data -client sdk -key RecordType -value "ToolUsage" -context "sdk\\\\bsp/1574732605635"
# webtalk_add_data -client sdk -key BootgenCount -value "0" -context "sdk\\\\bsp/1574732605635"
# webtalk_add_data -client sdk -key DebugCount -value "15" -context "sdk\\\\bsp/1574732605635"
# webtalk_add_data -client sdk -key PerfCount -value "0" -context "sdk\\\\bsp/1574732605635"
# webtalk_add_data -client sdk -key FlashCount -value "0" -context "sdk\\\\bsp/1574732605635"
# webtalk_add_data -client sdk -key CrossTriggCount -value "0" -context "sdk\\\\bsp/1574732605635"
# webtalk_add_data -client sdk -key QemuDebugCount -value "0" -context "sdk\\\\bsp/1574732605635"
# webtalk_transmit -clientid 314673173 -regid "" -xml C:\\Projects\\frodo-fpga\\frodo-fpga.sdk\\webtalk\\usage_statistics_ext_sdk.xml -html C:\\Projects\\frodo-fpga\\frodo-fpga.sdk\\webtalk\\usage_statistics_ext_sdk.html -wdm C:\\Projects\\frodo-fpga\\frodo-fpga.sdk\\webtalk\\sdk_webtalk.wdm -intro "<H3>SDK Usage Report</H3><BR>"
# webtalk_terminate
INFO: [Common 17-206] Exiting Webtalk at Mon Nov 25 22:43:34 2019...
