Vivado Simulator 2019.1
Copyright 1986-1999, 2001-2019 Xilinx, Inc. All Rights Reserved.
Running: C:/Xilinx/Vivado/2019.1/bin/unwrapped/win64.o/xelab.exe -wto 283efd485ba1429a9045630adb85697e --incr --debug typical --relax --mt 2 -L work -L secureip --snapshot testbench_behav work.testbench -log elaborate.log 
Using 2 slave threads.
Starting static elaboration
Completed static elaboration
Starting simulation data flow analysis
Completed simulation data flow analysis
Time Resolution for simulation is 1ps
Compiling package std.standard
Compiling package std.textio
Compiling package ieee.std_logic_1164
Compiling package ieee.numeric_std
Compiling package ieee.math_real
Compiling package ieee.std_logic_arith
Compiling package ieee.std_logic_unsigned
Compiling architecture arch_imp of entity work.matrix_sa_plus_e_mm_ip_v1_0_S00_AXI [matrix_sa_plus_e_mm_ip_v1_0_s00_...]
Compiling architecture arch_imp of entity work.matrix_sa_plus_e_mm_ip_v1_0_S01_AXI [matrix_sa_plus_e_mm_ip_v1_0_s01_...]
Compiling architecture syn of entity work.block_ram_matrix [block_ram_matrix_default]
Compiling architecture arch_imp of entity work.matrix_sa_plus_e_mm_ip_v1_0_S02_AXI [matrix_sa_plus_e_mm_ip_v1_0_s02_...]
Compiling architecture behavioral of entity work.controller [controller_default]
Compiling architecture behavioral of entity work.multiplicator [multiplicator_default]
Compiling architecture arch_imp of entity work.matrix_sa_plus_e_mm_ip_v1_0 [matrix_sa_plus_e_mm_ip_v1_0_defa...]
Compiling architecture behavioral of entity work.testbench
Built simulation snapshot testbench_behav
