INFO: [VRFC 10-163] Analyzing VHDL file "c:/projects/ip_repo/matrix_sa_plus_e_mm_ip_1.0/src/controller.vhd" into library work
INFO: [VRFC 10-3107] analyzing entity 'controller'
INFO: [VRFC 10-163] Analyzing VHDL file "c:/projects/ip_repo/matrix_sa_plus_e_mm_ip_1.0/hdl/matrix_sa_plus_e_mm_ip_v1_0.vhd" into library work
INFO: [VRFC 10-3107] analyzing entity 'matrix_sa_plus_e_mm_ip_v1_0'
INFO: [VRFC 10-163] Analyzing VHDL file "c:/projects/ip_repo/matrix_sa_plus_e_mm_ip_1.0/hdl/matrix_sa_plus_e_mm_ip_v1_0_S00_AXI.vhd" into library work
INFO: [VRFC 10-3107] analyzing entity 'matrix_sa_plus_e_mm_ip_v1_0_S00_AXI'
INFO: [VRFC 10-163] Analyzing VHDL file "c:/projects/ip_repo/matrix_sa_plus_e_mm_ip_1.0/hdl/matrix_sa_plus_e_mm_ip_v1_0_S01_AXI.vhd" into library work
INFO: [VRFC 10-3107] analyzing entity 'matrix_sa_plus_e_mm_ip_v1_0_S01_AXI'
INFO: [VRFC 10-163] Analyzing VHDL file "c:/projects/ip_repo/matrix_sa_plus_e_mm_ip_1.0/hdl/matrix_sa_plus_e_mm_ip_v1_0_S02_AXI.vhd" into library work
INFO: [VRFC 10-3107] analyzing entity 'matrix_sa_plus_e_mm_ip_v1_0_S02_AXI'
INFO: [VRFC 10-163] Analyzing VHDL file "c:/projects/ip_repo/matrix_sa_plus_e_mm_ip_1.0/src/multiplicator.vhd" into library work
INFO: [VRFC 10-3107] analyzing entity 'multiplicator'
INFO: [VRFC 10-163] Analyzing VHDL file "c:/projects/ip_repo/matrix_sa_plus_e_mm_ip_1.0/hdl/timer_controller.vhd" into library work
INFO: [VRFC 10-3107] analyzing entity 'timer_controller'
INFO: [VRFC 10-163] Analyzing VHDL file "c:/projects/ip_repo/matrix_sa_plus_e_mm_ip_1.0/src/true_dual_bram.vhd" into library work
INFO: [VRFC 10-3107] analyzing entity 'true_dual_bram'
INFO: [VRFC 10-163] Analyzing VHDL file "c:/projects/ip_repo/matrix_sa_plus_e_mm_ip_1.0/src/true_single_bram.vhd" into library work
INFO: [VRFC 10-3107] analyzing entity 'true_single_bram'
INFO: [VRFC 10-163] Analyzing VHDL file "c:/projects/ip_repo/matrix_sa_plus_e_mm_ip_1.0/src/testbench.vhd" into library work
INFO: [VRFC 10-3107] analyzing entity 'testbench'
