Copyright 1986-2019 Xilinx, Inc. All Rights Reserved.
----------------------------------------------------------------------------------------------------
| Tool Version : Vivado v.2019.1 (win64) Build 2552052 Fri May 24 14:49:42 MDT 2019
| Date         : Tue Mar  3 19:07:27 2020
| Host         : Vinicius-PC running 64-bit major release  (build 9200)
| Command      : report_control_sets -verbose -file keccak_f1600_mm_ip_v1_0_control_sets_placed.rpt
| Design       : keccak_f1600_mm_ip_v1_0
| Device       : xc7z010
----------------------------------------------------------------------------------------------------

Control Set Information

Table of Contents
-----------------
1. Summary
2. Histogram
3. Flip-Flop Distribution
4. Detailed Control Set Information

1. Summary
----------

+----------------------------------------------------------+-------+
|                          Status                          | Count |
+----------------------------------------------------------+-------+
| Total control sets                                       |   384 |
|    Minimum number of control sets                        |   384 |
|    Addition due to synthesis replication                 |     0 |
|    Addition due to physical synthesis replication        |     0 |
| Unused register locations in slices containing registers |    27 |
+----------------------------------------------------------+-------+
* Control sets can be merged at opt_design using control_set_merge or merge_equivalent_drivers
** Run report_qor_suggestions for automated merging and remapping suggestions


2. Histogram
------------

+--------------------+-------+
|       Fanout       | Count |
+--------------------+-------+
| Total control sets |   384 |
| >= 0 to < 4        |     1 |
| >= 4 to < 6        |     0 |
| >= 6 to < 8        |     2 |
| >= 8 to < 10       |   256 |
| >= 10 to < 12      |     0 |
| >= 12 to < 14      |     1 |
| >= 14 to < 16      |     0 |
| >= 16              |   124 |
+--------------------+-------+
* Control sets can be remapped at either synth_design or opt_design


3. Flip-Flop Distribution
-------------------------

+--------------+-----------------------+------------------------+-----------------+--------------+
| Clock Enable | Synchronous Set/Reset | Asynchronous Set/Reset | Total Registers | Total Slices |
+--------------+-----------------------+------------------------+-----------------+--------------+
| No           | No                    | No                     |               0 |            0 |
| No           | No                    | Yes                    |               0 |            0 |
| No           | Yes                   | No                     |              33 |           19 |
| Yes          | No                    | No                     |            3872 |         1484 |
| Yes          | No                    | Yes                    |               0 |            0 |
| Yes          | Yes                   | No                     |            4300 |         1587 |
+--------------+-----------------------+------------------------+-----------------+--------------+


4. Detailed Control Set Information
-----------------------------------

+-------------------------+--------------------------------------------------------------------+---------------------------------------------------------+------------------+----------------+
|       Clock Signal      |                            Enable Signal                           |                     Set/Reset Signal                    | Slice Load Count | Bel Load Count |
+-------------------------+--------------------------------------------------------------------+---------------------------------------------------------+------------------+----------------+
|  s00_axi_aclk_IBUF_BUFG | reset_timer_OBUF                                                   | keccak_f1600_mm_core_inst/done_reg_0                    |                1 |              1 |
|  s00_axi_aclk_IBUF_BUFG | keccak_f1600_mm_ip_v1_0_S00_AXI_inst/axi_awready0                  | keccak_f1600_mm_ip_v1_0_S00_AXI_inst/p_0_in             |                5 |              6 |
|  s00_axi_aclk_IBUF_BUFG | keccak_f1600_mm_core_inst/E[0]                                     | keccak_f1600_mm_ip_v1_0_S00_AXI_inst/p_0_in             |                4 |              6 |
|  s00_axi_aclk_IBUF_BUFG | keccak_f1600_mm_ip_v1_0_S00_AXI_inst/slv_reg_write[44][7]_i_1_n_0  | keccak_f1600_mm_ip_v1_0_S00_AXI_inst/p_0_in             |                1 |              8 |
|  s00_axi_aclk_IBUF_BUFG | keccak_f1600_mm_ip_v1_0_S00_AXI_inst/slv_reg_write[50][7]_i_1_n_0  | keccak_f1600_mm_ip_v1_0_S00_AXI_inst/p_0_in             |                2 |              8 |
|  s00_axi_aclk_IBUF_BUFG | keccak_f1600_mm_ip_v1_0_S00_AXI_inst/slv_reg_write[47][15]_i_1_n_0 | keccak_f1600_mm_ip_v1_0_S00_AXI_inst/p_0_in             |                6 |              8 |
|  s00_axi_aclk_IBUF_BUFG | keccak_f1600_mm_ip_v1_0_S00_AXI_inst/slv_reg_write[51][15]_i_1_n_0 | keccak_f1600_mm_ip_v1_0_S00_AXI_inst/p_0_in             |                5 |              8 |
|  s00_axi_aclk_IBUF_BUFG | keccak_f1600_mm_ip_v1_0_S00_AXI_inst/slv_reg_write[48][23]_i_1_n_0 | keccak_f1600_mm_ip_v1_0_S00_AXI_inst/p_0_in             |                1 |              8 |
|  s00_axi_aclk_IBUF_BUFG | keccak_f1600_mm_ip_v1_0_S00_AXI_inst/slv_reg_write[51][31]_i_1_n_0 | keccak_f1600_mm_ip_v1_0_S00_AXI_inst/p_0_in             |                1 |              8 |
|  s00_axi_aclk_IBUF_BUFG | keccak_f1600_mm_ip_v1_0_S00_AXI_inst/slv_reg_write[52][15]_i_1_n_0 | keccak_f1600_mm_ip_v1_0_S00_AXI_inst/p_0_in             |                5 |              8 |
|  s00_axi_aclk_IBUF_BUFG | keccak_f1600_mm_ip_v1_0_S00_AXI_inst/slv_reg_write[52][23]_i_1_n_0 | keccak_f1600_mm_ip_v1_0_S00_AXI_inst/p_0_in             |                1 |              8 |
|  s00_axi_aclk_IBUF_BUFG | keccak_f1600_mm_ip_v1_0_S00_AXI_inst/slv_reg_write[40][23]_i_1_n_0 | keccak_f1600_mm_ip_v1_0_S00_AXI_inst/p_0_in             |                3 |              8 |
|  s00_axi_aclk_IBUF_BUFG | keccak_f1600_mm_ip_v1_0_S00_AXI_inst/slv_reg_write[52][31]_i_1_n_0 | keccak_f1600_mm_ip_v1_0_S00_AXI_inst/p_0_in             |                1 |              8 |
|  s00_axi_aclk_IBUF_BUFG | keccak_f1600_mm_ip_v1_0_S00_AXI_inst/slv_reg_write[53][15]_i_1_n_0 | keccak_f1600_mm_ip_v1_0_S00_AXI_inst/p_0_in             |                1 |              8 |
|  s00_axi_aclk_IBUF_BUFG | keccak_f1600_mm_ip_v1_0_S00_AXI_inst/slv_reg_write[45][23]_i_1_n_0 | keccak_f1600_mm_ip_v1_0_S00_AXI_inst/p_0_in             |                3 |              8 |
|  s00_axi_aclk_IBUF_BUFG | keccak_f1600_mm_ip_v1_0_S00_AXI_inst/slv_reg_write[50][15]_i_1_n_0 | keccak_f1600_mm_ip_v1_0_S00_AXI_inst/p_0_in             |                6 |              8 |
|  s00_axi_aclk_IBUF_BUFG | keccak_f1600_mm_ip_v1_0_S00_AXI_inst/slv_reg_write[43][31]_i_1_n_0 | keccak_f1600_mm_ip_v1_0_S00_AXI_inst/p_0_in             |                1 |              8 |
|  s00_axi_aclk_IBUF_BUFG | keccak_f1600_mm_ip_v1_0_S00_AXI_inst/slv_reg_write[53][31]_i_1_n_0 | keccak_f1600_mm_ip_v1_0_S00_AXI_inst/p_0_in             |                1 |              8 |
|  s00_axi_aclk_IBUF_BUFG | keccak_f1600_mm_ip_v1_0_S00_AXI_inst/slv_reg_write[46][7]_i_1_n_0  | keccak_f1600_mm_ip_v1_0_S00_AXI_inst/p_0_in             |                1 |              8 |
|  s00_axi_aclk_IBUF_BUFG | keccak_f1600_mm_ip_v1_0_S00_AXI_inst/slv_reg_write[48][15]_i_1_n_0 | keccak_f1600_mm_ip_v1_0_S00_AXI_inst/p_0_in             |                3 |              8 |
|  s00_axi_aclk_IBUF_BUFG | keccak_f1600_mm_ip_v1_0_S00_AXI_inst/slv_reg_write[50][31]_i_1_n_0 | keccak_f1600_mm_ip_v1_0_S00_AXI_inst/p_0_in             |                1 |              8 |
|  s00_axi_aclk_IBUF_BUFG | keccak_f1600_mm_ip_v1_0_S00_AXI_inst/slv_reg_write[46][23]_i_1_n_0 | keccak_f1600_mm_ip_v1_0_S00_AXI_inst/p_0_in             |                4 |              8 |
|  s00_axi_aclk_IBUF_BUFG | keccak_f1600_mm_ip_v1_0_S00_AXI_inst/slv_reg_write[44][15]_i_1_n_0 | keccak_f1600_mm_ip_v1_0_S00_AXI_inst/p_0_in             |                2 |              8 |
|  s00_axi_aclk_IBUF_BUFG | keccak_f1600_mm_ip_v1_0_S00_AXI_inst/slv_reg_write[47][31]_i_1_n_0 | keccak_f1600_mm_ip_v1_0_S00_AXI_inst/p_0_in             |                7 |              8 |
|  s00_axi_aclk_IBUF_BUFG | keccak_f1600_mm_ip_v1_0_S00_AXI_inst/slv_reg_write[40][7]_i_1_n_0  | keccak_f1600_mm_ip_v1_0_S00_AXI_inst/p_0_in             |                1 |              8 |
|  s00_axi_aclk_IBUF_BUFG | keccak_f1600_mm_ip_v1_0_S00_AXI_inst/slv_reg_write[41][23]_i_1_n_0 | keccak_f1600_mm_ip_v1_0_S00_AXI_inst/p_0_in             |                3 |              8 |
|  s00_axi_aclk_IBUF_BUFG | keccak_f1600_mm_ip_v1_0_S00_AXI_inst/slv_reg_write[45][7]_i_1_n_0  | keccak_f1600_mm_ip_v1_0_S00_AXI_inst/p_0_in             |                1 |              8 |
|  s00_axi_aclk_IBUF_BUFG | keccak_f1600_mm_ip_v1_0_S00_AXI_inst/slv_reg_write[46][31]_i_1_n_0 | keccak_f1600_mm_ip_v1_0_S00_AXI_inst/p_0_in             |                3 |              8 |
|  s00_axi_aclk_IBUF_BUFG | keccak_f1600_mm_ip_v1_0_S00_AXI_inst/slv_reg_write[49][31]_i_1_n_0 | keccak_f1600_mm_ip_v1_0_S00_AXI_inst/p_0_in             |                1 |              8 |
|  s00_axi_aclk_IBUF_BUFG | keccak_f1600_mm_ip_v1_0_S00_AXI_inst/slv_reg_write[4][15]_i_1_n_0  | keccak_f1600_mm_ip_v1_0_S00_AXI_inst/p_0_in             |                4 |              8 |
|  s00_axi_aclk_IBUF_BUFG | keccak_f1600_mm_ip_v1_0_S00_AXI_inst/slv_reg_write[4][23]_i_1_n_0  | keccak_f1600_mm_ip_v1_0_S00_AXI_inst/p_0_in             |                5 |              8 |
|  s00_axi_aclk_IBUF_BUFG | keccak_f1600_mm_ip_v1_0_S00_AXI_inst/slv_reg_write[50][23]_i_1_n_0 | keccak_f1600_mm_ip_v1_0_S00_AXI_inst/p_0_in             |                2 |              8 |
|  s00_axi_aclk_IBUF_BUFG | keccak_f1600_mm_ip_v1_0_S00_AXI_inst/slv_reg_write[52][7]_i_1_n_0  | keccak_f1600_mm_ip_v1_0_S00_AXI_inst/p_0_in             |                1 |              8 |
|  s00_axi_aclk_IBUF_BUFG | keccak_f1600_mm_ip_v1_0_S00_AXI_inst/slv_reg_write[41][7]_i_1_n_0  | keccak_f1600_mm_ip_v1_0_S00_AXI_inst/p_0_in             |                2 |              8 |
|  s00_axi_aclk_IBUF_BUFG | keccak_f1600_mm_ip_v1_0_S00_AXI_inst/slv_reg_write[42][23]_i_1_n_0 | keccak_f1600_mm_ip_v1_0_S00_AXI_inst/p_0_in             |                2 |              8 |
|  s00_axi_aclk_IBUF_BUFG | keccak_f1600_mm_ip_v1_0_S00_AXI_inst/slv_reg_write[42][15]_i_1_n_0 | keccak_f1600_mm_ip_v1_0_S00_AXI_inst/p_0_in             |                1 |              8 |
|  s00_axi_aclk_IBUF_BUFG | keccak_f1600_mm_ip_v1_0_S00_AXI_inst/slv_reg_write[53][23]_i_1_n_0 | keccak_f1600_mm_ip_v1_0_S00_AXI_inst/p_0_in             |                1 |              8 |
|  s00_axi_aclk_IBUF_BUFG | keccak_f1600_mm_ip_v1_0_S00_AXI_inst/slv_reg_write[45][31]_i_1_n_0 | keccak_f1600_mm_ip_v1_0_S00_AXI_inst/p_0_in             |                7 |              8 |
|  s00_axi_aclk_IBUF_BUFG | keccak_f1600_mm_ip_v1_0_S00_AXI_inst/slv_reg_write[3][15]_i_1_n_0  | keccak_f1600_mm_ip_v1_0_S00_AXI_inst/p_0_in             |                3 |              8 |
|  s00_axi_aclk_IBUF_BUFG | keccak_f1600_mm_ip_v1_0_S00_AXI_inst/slv_reg_write[40][15]_i_1_n_0 | keccak_f1600_mm_ip_v1_0_S00_AXI_inst/p_0_in             |                1 |              8 |
|  s00_axi_aclk_IBUF_BUFG | keccak_f1600_mm_ip_v1_0_S00_AXI_inst/slv_reg_write[47][7]_i_1_n_0  | keccak_f1600_mm_ip_v1_0_S00_AXI_inst/p_0_in             |                3 |              8 |
|  s00_axi_aclk_IBUF_BUFG | keccak_f1600_mm_ip_v1_0_S00_AXI_inst/slv_reg_write[40][31]_i_1_n_0 | keccak_f1600_mm_ip_v1_0_S00_AXI_inst/p_0_in             |                1 |              8 |
|  s00_axi_aclk_IBUF_BUFG | keccak_f1600_mm_ip_v1_0_S00_AXI_inst/slv_reg_write[3][7]_i_1_n_0   | keccak_f1600_mm_ip_v1_0_S00_AXI_inst/p_0_in             |                2 |              8 |
|  s00_axi_aclk_IBUF_BUFG | keccak_f1600_mm_ip_v1_0_S00_AXI_inst/slv_reg_write[43][23]_i_1_n_0 | keccak_f1600_mm_ip_v1_0_S00_AXI_inst/p_0_in             |                7 |              8 |
|  s00_axi_aclk_IBUF_BUFG | keccak_f1600_mm_ip_v1_0_S00_AXI_inst/slv_reg_write[43][7]_i_1_n_0  | keccak_f1600_mm_ip_v1_0_S00_AXI_inst/p_0_in             |                2 |              8 |
|  s00_axi_aclk_IBUF_BUFG | keccak_f1600_mm_ip_v1_0_S00_AXI_inst/slv_reg_write[4][7]_i_1_n_0   | keccak_f1600_mm_ip_v1_0_S00_AXI_inst/p_0_in             |                4 |              8 |
|  s00_axi_aclk_IBUF_BUFG | keccak_f1600_mm_ip_v1_0_S00_AXI_inst/slv_reg_write[41][31]_i_1_n_0 | keccak_f1600_mm_ip_v1_0_S00_AXI_inst/p_0_in             |                5 |              8 |
|  s00_axi_aclk_IBUF_BUFG | keccak_f1600_mm_ip_v1_0_S00_AXI_inst/slv_reg_write[48][31]_i_1_n_0 | keccak_f1600_mm_ip_v1_0_S00_AXI_inst/p_0_in             |                1 |              8 |
|  s00_axi_aclk_IBUF_BUFG | keccak_f1600_mm_ip_v1_0_S00_AXI_inst/slv_reg_write[44][31]_i_1_n_0 | keccak_f1600_mm_ip_v1_0_S00_AXI_inst/p_0_in             |                1 |              8 |
|  s00_axi_aclk_IBUF_BUFG | keccak_f1600_mm_ip_v1_0_S00_AXI_inst/slv_reg_write[48][7]_i_1_n_0  | keccak_f1600_mm_ip_v1_0_S00_AXI_inst/p_0_in             |                1 |              8 |
|  s00_axi_aclk_IBUF_BUFG | keccak_f1600_mm_ip_v1_0_S00_AXI_inst/slv_reg_write[51][23]_i_1_n_0 | keccak_f1600_mm_ip_v1_0_S00_AXI_inst/p_0_in             |                1 |              8 |
|  s00_axi_aclk_IBUF_BUFG | keccak_f1600_mm_ip_v1_0_S00_AXI_inst/slv_reg_write[19][31]_i_1_n_0 | keccak_f1600_mm_ip_v1_0_S00_AXI_inst/p_0_in             |                5 |              8 |
|  s00_axi_aclk_IBUF_BUFG | keccak_f1600_mm_ip_v1_0_S00_AXI_inst/slv_reg_write[51][7]_i_1_n_0  | keccak_f1600_mm_ip_v1_0_S00_AXI_inst/p_0_in             |                1 |              8 |
|  s00_axi_aclk_IBUF_BUFG | keccak_f1600_mm_ip_v1_0_S00_AXI_inst/slv_reg_write[46][15]_i_1_n_0 | keccak_f1600_mm_ip_v1_0_S00_AXI_inst/p_0_in             |                3 |              8 |
|  s00_axi_aclk_IBUF_BUFG | keccak_f1600_mm_ip_v1_0_S00_AXI_inst/slv_reg_write[3][31]_i_1_n_0  | keccak_f1600_mm_ip_v1_0_S00_AXI_inst/p_0_in             |                4 |              8 |
|  s00_axi_aclk_IBUF_BUFG | keccak_f1600_mm_ip_v1_0_S00_AXI_inst/slv_reg_write[47][23]_i_1_n_0 | keccak_f1600_mm_ip_v1_0_S00_AXI_inst/p_0_in             |                2 |              8 |
|  s00_axi_aclk_IBUF_BUFG | keccak_f1600_mm_ip_v1_0_S00_AXI_inst/slv_reg_write[42][31]_i_1_n_0 | keccak_f1600_mm_ip_v1_0_S00_AXI_inst/p_0_in             |                1 |              8 |
|  s00_axi_aclk_IBUF_BUFG | keccak_f1600_mm_ip_v1_0_S00_AXI_inst/slv_reg_write[41][15]_i_1_n_0 | keccak_f1600_mm_ip_v1_0_S00_AXI_inst/p_0_in             |                1 |              8 |
|  s00_axi_aclk_IBUF_BUFG | keccak_f1600_mm_ip_v1_0_S00_AXI_inst/slv_reg_write[43][15]_i_1_n_0 | keccak_f1600_mm_ip_v1_0_S00_AXI_inst/p_0_in             |                1 |              8 |
|  s00_axi_aclk_IBUF_BUFG | keccak_f1600_mm_ip_v1_0_S00_AXI_inst/slv_reg_write[44][23]_i_1_n_0 | keccak_f1600_mm_ip_v1_0_S00_AXI_inst/p_0_in             |                4 |              8 |
|  s00_axi_aclk_IBUF_BUFG | keccak_f1600_mm_ip_v1_0_S00_AXI_inst/slv_reg_write[45][15]_i_1_n_0 | keccak_f1600_mm_ip_v1_0_S00_AXI_inst/p_0_in             |                1 |              8 |
|  s00_axi_aclk_IBUF_BUFG | keccak_f1600_mm_ip_v1_0_S00_AXI_inst/slv_reg_write[49][15]_i_1_n_0 | keccak_f1600_mm_ip_v1_0_S00_AXI_inst/p_0_in             |                4 |              8 |
|  s00_axi_aclk_IBUF_BUFG | keccak_f1600_mm_ip_v1_0_S00_AXI_inst/slv_reg_write[49][7]_i_1_n_0  | keccak_f1600_mm_ip_v1_0_S00_AXI_inst/p_0_in             |                2 |              8 |
|  s00_axi_aclk_IBUF_BUFG | keccak_f1600_mm_ip_v1_0_S00_AXI_inst/slv_reg_write[4][31]_i_1_n_0  | keccak_f1600_mm_ip_v1_0_S00_AXI_inst/p_0_in             |                4 |              8 |
|  s00_axi_aclk_IBUF_BUFG | keccak_f1600_mm_ip_v1_0_S00_AXI_inst/slv_reg_write[3][23]_i_1_n_0  | keccak_f1600_mm_ip_v1_0_S00_AXI_inst/p_0_in             |                6 |              8 |
|  s00_axi_aclk_IBUF_BUFG | keccak_f1600_mm_ip_v1_0_S00_AXI_inst/slv_reg_write[42][7]_i_1_n_0  | keccak_f1600_mm_ip_v1_0_S00_AXI_inst/p_0_in             |                2 |              8 |
|  s00_axi_aclk_IBUF_BUFG | keccak_f1600_mm_ip_v1_0_S00_AXI_inst/slv_reg_write[9][23]_i_1_n_0  | keccak_f1600_mm_ip_v1_0_S00_AXI_inst/p_0_in             |                5 |              8 |
|  s00_axi_aclk_IBUF_BUFG | keccak_f1600_mm_ip_v1_0_S00_AXI_inst/slv_reg_write[55][31]_i_1_n_0 | keccak_f1600_mm_ip_v1_0_S00_AXI_inst/p_0_in             |                1 |              8 |
|  s00_axi_aclk_IBUF_BUFG | keccak_f1600_mm_ip_v1_0_S00_AXI_inst/slv_reg_write[56][23]_i_1_n_0 | keccak_f1600_mm_ip_v1_0_S00_AXI_inst/p_0_in             |                2 |              8 |
|  s00_axi_aclk_IBUF_BUFG | keccak_f1600_mm_ip_v1_0_S00_AXI_inst/slv_reg_write[9][31]_i_1_n_0  | keccak_f1600_mm_ip_v1_0_S00_AXI_inst/p_0_in             |                4 |              8 |
|  s00_axi_aclk_IBUF_BUFG | keccak_f1600_mm_ip_v1_0_S00_AXI_inst/slv_reg_write[9][7]_i_1_n_0   | keccak_f1600_mm_ip_v1_0_S00_AXI_inst/p_0_in             |                2 |              8 |
|  s00_axi_aclk_IBUF_BUFG | keccak_f1600_mm_ip_v1_0_S00_AXI_inst/slv_reg_write[57][31]_i_1_n_0 | keccak_f1600_mm_ip_v1_0_S00_AXI_inst/p_0_in             |                2 |              8 |
|  s00_axi_aclk_IBUF_BUFG | keccak_f1600_mm_ip_v1_0_S00_AXI_inst/slv_reg_write[59][23]_i_1_n_0 | keccak_f1600_mm_ip_v1_0_S00_AXI_inst/p_0_in             |                2 |              8 |
|  s00_axi_aclk_IBUF_BUFG | keccak_f1600_mm_ip_v1_0_S00_AXI_inst/slv_reg_write[56][7]_i_1_n_0  | keccak_f1600_mm_ip_v1_0_S00_AXI_inst/p_0_in             |                1 |              8 |
|  s00_axi_aclk_IBUF_BUFG | keccak_f1600_mm_ip_v1_0_S00_AXI_inst/slv_reg_write[58][7]_i_1_n_0  | keccak_f1600_mm_ip_v1_0_S00_AXI_inst/p_0_in             |                1 |              8 |
|  s00_axi_aclk_IBUF_BUFG | keccak_f1600_mm_ip_v1_0_S00_AXI_inst/slv_reg_write[5][31]_i_1_n_0  | keccak_f1600_mm_ip_v1_0_S00_AXI_inst/p_0_in             |                6 |              8 |
|  s00_axi_aclk_IBUF_BUFG | keccak_f1600_mm_ip_v1_0_S00_AXI_inst/slv_reg_write[60][31]_i_1_n_0 | keccak_f1600_mm_ip_v1_0_S00_AXI_inst/p_0_in             |                1 |              8 |
|  s00_axi_aclk_IBUF_BUFG | keccak_f1600_mm_ip_v1_0_S00_AXI_inst/slv_reg_write[61][31]_i_1_n_0 | keccak_f1600_mm_ip_v1_0_S00_AXI_inst/p_0_in             |                1 |              8 |
|  s00_axi_aclk_IBUF_BUFG | keccak_f1600_mm_ip_v1_0_S00_AXI_inst/slv_reg_write[62][31]_i_1_n_0 | keccak_f1600_mm_ip_v1_0_S00_AXI_inst/p_0_in             |                1 |              8 |
|  s00_axi_aclk_IBUF_BUFG | keccak_f1600_mm_ip_v1_0_S00_AXI_inst/slv_reg_write[7][31]_i_1_n_0  | keccak_f1600_mm_ip_v1_0_S00_AXI_inst/p_0_in             |                5 |              8 |
|  s00_axi_aclk_IBUF_BUFG | keccak_f1600_mm_ip_v1_0_S00_AXI_inst/slv_reg_write[53][7]_i_1_n_0  | keccak_f1600_mm_ip_v1_0_S00_AXI_inst/p_0_in             |                5 |              8 |
|  s00_axi_aclk_IBUF_BUFG | keccak_f1600_mm_ip_v1_0_S00_AXI_inst/slv_reg_write[55][23]_i_1_n_0 | keccak_f1600_mm_ip_v1_0_S00_AXI_inst/p_0_in             |                1 |              8 |
|  s00_axi_aclk_IBUF_BUFG | keccak_f1600_mm_ip_v1_0_S00_AXI_inst/slv_reg_write[54][23]_i_1_n_0 | keccak_f1600_mm_ip_v1_0_S00_AXI_inst/p_0_in             |                1 |              8 |
|  s00_axi_aclk_IBUF_BUFG | keccak_f1600_mm_ip_v1_0_S00_AXI_inst/slv_reg_write[58][15]_i_1_n_0 | keccak_f1600_mm_ip_v1_0_S00_AXI_inst/p_0_in             |                6 |              8 |
|  s00_axi_aclk_IBUF_BUFG | keccak_f1600_mm_ip_v1_0_S00_AXI_inst/slv_reg_write[58][31]_i_1_n_0 | keccak_f1600_mm_ip_v1_0_S00_AXI_inst/p_0_in             |                1 |              8 |
|  s00_axi_aclk_IBUF_BUFG | keccak_f1600_mm_ip_v1_0_S00_AXI_inst/slv_reg_write[59][7]_i_1_n_0  | keccak_f1600_mm_ip_v1_0_S00_AXI_inst/p_0_in             |                1 |              8 |
|  s00_axi_aclk_IBUF_BUFG | keccak_f1600_mm_ip_v1_0_S00_AXI_inst/slv_reg_write[5][23]_i_1_n_0  | keccak_f1600_mm_ip_v1_0_S00_AXI_inst/p_0_in             |                4 |              8 |
|  s00_axi_aclk_IBUF_BUFG | keccak_f1600_mm_ip_v1_0_S00_AXI_inst/slv_reg_write[5][7]_i_1_n_0   | keccak_f1600_mm_ip_v1_0_S00_AXI_inst/p_0_in             |                3 |              8 |
|  s00_axi_aclk_IBUF_BUFG | keccak_f1600_mm_ip_v1_0_S00_AXI_inst/slv_reg_write[54][15]_i_1_n_0 | keccak_f1600_mm_ip_v1_0_S00_AXI_inst/p_0_in             |                1 |              8 |
|  s00_axi_aclk_IBUF_BUFG | keccak_f1600_mm_ip_v1_0_S00_AXI_inst/slv_reg_write[61][15]_i_1_n_0 | keccak_f1600_mm_ip_v1_0_S00_AXI_inst/p_0_in             |                1 |              8 |
|  s00_axi_aclk_IBUF_BUFG | keccak_f1600_mm_ip_v1_0_S00_AXI_inst/slv_reg_write[61][7]_i_1_n_0  | keccak_f1600_mm_ip_v1_0_S00_AXI_inst/p_0_in             |                1 |              8 |
|  s00_axi_aclk_IBUF_BUFG | keccak_f1600_mm_ip_v1_0_S00_AXI_inst/slv_reg_write[60][7]_i_1_n_0  | keccak_f1600_mm_ip_v1_0_S00_AXI_inst/p_0_in             |                1 |              8 |
|  s00_axi_aclk_IBUF_BUFG | keccak_f1600_mm_ip_v1_0_S00_AXI_inst/slv_reg_write[6][7]_i_1_n_0   | keccak_f1600_mm_ip_v1_0_S00_AXI_inst/p_0_in             |                6 |              8 |
|  s00_axi_aclk_IBUF_BUFG | keccak_f1600_mm_ip_v1_0_S00_AXI_inst/slv_reg_write[7][7]_i_1_n_0   | keccak_f1600_mm_ip_v1_0_S00_AXI_inst/p_0_in             |                5 |              8 |
|  s00_axi_aclk_IBUF_BUFG | keccak_f1600_mm_ip_v1_0_S00_AXI_inst/slv_reg_write[60][23]_i_1_n_0 | keccak_f1600_mm_ip_v1_0_S00_AXI_inst/p_0_in             |                2 |              8 |
|  s00_axi_aclk_IBUF_BUFG | keccak_f1600_mm_ip_v1_0_S00_AXI_inst/slv_reg_write[57][23]_i_1_n_0 | keccak_f1600_mm_ip_v1_0_S00_AXI_inst/p_0_in             |                2 |              8 |
|  s00_axi_aclk_IBUF_BUFG | keccak_f1600_mm_ip_v1_0_S00_AXI_inst/slv_reg_write[59][15]_i_1_n_0 | keccak_f1600_mm_ip_v1_0_S00_AXI_inst/p_0_in             |                1 |              8 |
|  s00_axi_aclk_IBUF_BUFG | keccak_f1600_mm_ip_v1_0_S00_AXI_inst/slv_reg_write[8][15]_i_1_n_0  | keccak_f1600_mm_ip_v1_0_S00_AXI_inst/p_0_in             |                2 |              8 |
|  s00_axi_aclk_IBUF_BUFG | keccak_f1600_mm_ip_v1_0_S00_AXI_inst/slv_reg_write[57][7]_i_1_n_0  | keccak_f1600_mm_ip_v1_0_S00_AXI_inst/p_0_in             |                2 |              8 |
|  s00_axi_aclk_IBUF_BUFG | keccak_f1600_mm_ip_v1_0_S00_AXI_inst/slv_reg_write[10][15]_i_1_n_0 | keccak_f1600_mm_ip_v1_0_S00_AXI_inst/p_0_in             |                4 |              8 |
|  s00_axi_aclk_IBUF_BUFG | keccak_f1600_mm_ip_v1_0_S00_AXI_inst/slv_reg_write[57][15]_i_1_n_0 | keccak_f1600_mm_ip_v1_0_S00_AXI_inst/p_0_in             |                1 |              8 |
|  s00_axi_aclk_IBUF_BUFG | keccak_f1600_mm_ip_v1_0_S00_AXI_inst/slv_reg_write[10][23]_i_1_n_0 | keccak_f1600_mm_ip_v1_0_S00_AXI_inst/p_0_in             |                5 |              8 |
|  s00_axi_aclk_IBUF_BUFG | keccak_f1600_mm_ip_v1_0_S00_AXI_inst/slv_reg_write[0][15]_i_1_n_0  | keccak_f1600_mm_ip_v1_0_S00_AXI_inst/p_0_in             |                3 |              8 |
|  s00_axi_aclk_IBUF_BUFG | keccak_f1600_mm_ip_v1_0_S00_AXI_inst/slv_reg_write[59][31]_i_1_n_0 | keccak_f1600_mm_ip_v1_0_S00_AXI_inst/p_0_in             |                1 |              8 |
|  s00_axi_aclk_IBUF_BUFG | keccak_f1600_mm_ip_v1_0_S00_AXI_inst/slv_reg_write[60][15]_i_1_n_0 | keccak_f1600_mm_ip_v1_0_S00_AXI_inst/p_0_in             |                4 |              8 |
|  s00_axi_aclk_IBUF_BUFG | keccak_f1600_mm_ip_v1_0_S00_AXI_inst/slv_reg_write[62][23]_i_1_n_0 | keccak_f1600_mm_ip_v1_0_S00_AXI_inst/p_0_in             |                1 |              8 |
|  s00_axi_aclk_IBUF_BUFG | keccak_f1600_mm_ip_v1_0_S00_AXI_inst/slv_reg_write[54][31]_i_1_n_0 | keccak_f1600_mm_ip_v1_0_S00_AXI_inst/p_0_in             |                2 |              8 |
|  s00_axi_aclk_IBUF_BUFG | keccak_f1600_mm_ip_v1_0_S00_AXI_inst/slv_reg_write[62][15]_i_1_n_0 | keccak_f1600_mm_ip_v1_0_S00_AXI_inst/p_0_in             |                3 |              8 |
|  s00_axi_aclk_IBUF_BUFG | keccak_f1600_mm_ip_v1_0_S00_AXI_inst/slv_reg_write[6][23]_i_1_n_0  | keccak_f1600_mm_ip_v1_0_S00_AXI_inst/p_0_in             |                5 |              8 |
|  s00_axi_aclk_IBUF_BUFG | keccak_f1600_mm_ip_v1_0_S00_AXI_inst/slv_reg_write[7][23]_i_1_n_0  | keccak_f1600_mm_ip_v1_0_S00_AXI_inst/p_0_in             |                5 |              8 |
|  s00_axi_aclk_IBUF_BUFG | keccak_f1600_mm_ip_v1_0_S00_AXI_inst/slv_reg_write[8][23]_i_1_n_0  | keccak_f1600_mm_ip_v1_0_S00_AXI_inst/p_0_in             |                5 |              8 |
|  s00_axi_aclk_IBUF_BUFG | keccak_f1600_mm_ip_v1_0_S00_AXI_inst/slv_reg_write[0][23]_i_1_n_0  | keccak_f1600_mm_ip_v1_0_S00_AXI_inst/p_0_in             |                6 |              8 |
|  s00_axi_aclk_IBUF_BUFG | keccak_f1600_mm_ip_v1_0_S00_AXI_inst/slv_reg_write[0][31]_i_1_n_0  | keccak_f1600_mm_ip_v1_0_S00_AXI_inst/p_0_in             |                2 |              8 |
|  s00_axi_aclk_IBUF_BUFG | keccak_f1600_mm_ip_v1_0_S00_AXI_inst/slv_reg_write[54][7]_i_1_n_0  | keccak_f1600_mm_ip_v1_0_S00_AXI_inst/p_0_in             |                2 |              8 |
|  s00_axi_aclk_IBUF_BUFG | keccak_f1600_mm_ip_v1_0_S00_AXI_inst/slv_reg_write[0][7]_i_1_n_0   | keccak_f1600_mm_ip_v1_0_S00_AXI_inst/p_0_in             |                3 |              8 |
|  s00_axi_aclk_IBUF_BUFG | keccak_f1600_mm_ip_v1_0_S00_AXI_inst/slv_reg_write[8][31]_i_1_n_0  | keccak_f1600_mm_ip_v1_0_S00_AXI_inst/p_0_in             |                6 |              8 |
|  s00_axi_aclk_IBUF_BUFG | keccak_f1600_mm_ip_v1_0_S00_AXI_inst/slv_reg_write[56][31]_i_1_n_0 | keccak_f1600_mm_ip_v1_0_S00_AXI_inst/p_0_in             |                6 |              8 |
|  s00_axi_aclk_IBUF_BUFG | keccak_f1600_mm_ip_v1_0_S00_AXI_inst/slv_reg_write[8][7]_i_1_n_0   | keccak_f1600_mm_ip_v1_0_S00_AXI_inst/p_0_in             |                2 |              8 |
|  s00_axi_aclk_IBUF_BUFG | keccak_f1600_mm_ip_v1_0_S00_AXI_inst/slv_reg_write[61][23]_i_1_n_0 | keccak_f1600_mm_ip_v1_0_S00_AXI_inst/p_0_in             |                1 |              8 |
|  s00_axi_aclk_IBUF_BUFG | keccak_f1600_mm_ip_v1_0_S00_AXI_inst/slv_reg_write[56][15]_i_1_n_0 | keccak_f1600_mm_ip_v1_0_S00_AXI_inst/p_0_in             |                6 |              8 |
|  s00_axi_aclk_IBUF_BUFG | keccak_f1600_mm_ip_v1_0_S00_AXI_inst/slv_reg_write[58][23]_i_1_n_0 | keccak_f1600_mm_ip_v1_0_S00_AXI_inst/p_0_in             |                2 |              8 |
|  s00_axi_aclk_IBUF_BUFG | keccak_f1600_mm_ip_v1_0_S00_AXI_inst/slv_reg_write[5][15]_i_1_n_0  | keccak_f1600_mm_ip_v1_0_S00_AXI_inst/p_0_in             |                4 |              8 |
|  s00_axi_aclk_IBUF_BUFG | keccak_f1600_mm_ip_v1_0_S00_AXI_inst/slv_reg_write[62][7]_i_1_n_0  | keccak_f1600_mm_ip_v1_0_S00_AXI_inst/p_0_in             |                5 |              8 |
|  s00_axi_aclk_IBUF_BUFG | keccak_f1600_mm_ip_v1_0_S00_AXI_inst/slv_reg_write[6][15]_i_1_n_0  | keccak_f1600_mm_ip_v1_0_S00_AXI_inst/p_0_in             |                2 |              8 |
|  s00_axi_aclk_IBUF_BUFG | keccak_f1600_mm_ip_v1_0_S00_AXI_inst/slv_reg_write[55][15]_i_1_n_0 | keccak_f1600_mm_ip_v1_0_S00_AXI_inst/p_0_in             |                3 |              8 |
|  s00_axi_aclk_IBUF_BUFG | keccak_f1600_mm_ip_v1_0_S00_AXI_inst/slv_reg_write[6][31]_i_1_n_0  | keccak_f1600_mm_ip_v1_0_S00_AXI_inst/p_0_in             |                4 |              8 |
|  s00_axi_aclk_IBUF_BUFG | keccak_f1600_mm_ip_v1_0_S00_AXI_inst/slv_reg_write[55][7]_i_1_n_0  | keccak_f1600_mm_ip_v1_0_S00_AXI_inst/p_0_in             |                1 |              8 |
|  s00_axi_aclk_IBUF_BUFG | keccak_f1600_mm_ip_v1_0_S00_AXI_inst/slv_reg_write[9][15]_i_1_n_0  | keccak_f1600_mm_ip_v1_0_S00_AXI_inst/p_0_in             |                3 |              8 |
|  s00_axi_aclk_IBUF_BUFG | keccak_f1600_mm_ip_v1_0_S00_AXI_inst/p_1_in[23]                    | keccak_f1600_mm_ip_v1_0_S00_AXI_inst/p_0_in             |                7 |              8 |
|  s00_axi_aclk_IBUF_BUFG | keccak_f1600_mm_ip_v1_0_S00_AXI_inst/p_1_in[31]                    | keccak_f1600_mm_ip_v1_0_S00_AXI_inst/p_0_in             |                2 |              8 |
|  s00_axi_aclk_IBUF_BUFG | keccak_f1600_mm_ip_v1_0_S00_AXI_inst/p_1_in[7]                     | keccak_f1600_mm_ip_v1_0_S00_AXI_inst/p_0_in             |                2 |              8 |
|  s00_axi_aclk_IBUF_BUFG | keccak_f1600_mm_ip_v1_0_S00_AXI_inst/p_1_in[15]                    | keccak_f1600_mm_ip_v1_0_S00_AXI_inst/p_0_in             |                2 |              8 |
|  s00_axi_aclk_IBUF_BUFG | keccak_f1600_mm_ip_v1_0_S00_AXI_inst/slv_reg_write[7][15]_i_1_n_0  | keccak_f1600_mm_ip_v1_0_S00_AXI_inst/p_0_in             |                4 |              8 |
|  s00_axi_aclk_IBUF_BUFG | keccak_f1600_mm_ip_v1_0_S00_AXI_inst/slv_reg_write[10][31]_i_1_n_0 | keccak_f1600_mm_ip_v1_0_S00_AXI_inst/p_0_in             |                4 |              8 |
|  s00_axi_aclk_IBUF_BUFG | keccak_f1600_mm_ip_v1_0_S00_AXI_inst/slv_reg_write[16][15]_i_1_n_0 | keccak_f1600_mm_ip_v1_0_S00_AXI_inst/p_0_in             |                2 |              8 |
|  s00_axi_aclk_IBUF_BUFG | keccak_f1600_mm_ip_v1_0_S00_AXI_inst/slv_reg_write[22][31]_i_1_n_0 | keccak_f1600_mm_ip_v1_0_S00_AXI_inst/p_0_in             |                2 |              8 |
|  s00_axi_aclk_IBUF_BUFG | keccak_f1600_mm_ip_v1_0_S00_AXI_inst/slv_reg_write[19][23]_i_1_n_0 | keccak_f1600_mm_ip_v1_0_S00_AXI_inst/p_0_in             |                1 |              8 |
|  s00_axi_aclk_IBUF_BUFG | keccak_f1600_mm_ip_v1_0_S00_AXI_inst/slv_reg_write[13][15]_i_1_n_0 | keccak_f1600_mm_ip_v1_0_S00_AXI_inst/p_0_in             |                4 |              8 |
|  s00_axi_aclk_IBUF_BUFG | keccak_f1600_mm_ip_v1_0_S00_AXI_inst/slv_reg_write[18][31]_i_1_n_0 | keccak_f1600_mm_ip_v1_0_S00_AXI_inst/p_0_in             |                4 |              8 |
|  s00_axi_aclk_IBUF_BUFG | keccak_f1600_mm_ip_v1_0_S00_AXI_inst/slv_reg_write[1][7]_i_1_n_0   | keccak_f1600_mm_ip_v1_0_S00_AXI_inst/p_0_in             |                5 |              8 |
|  s00_axi_aclk_IBUF_BUFG | keccak_f1600_mm_ip_v1_0_S00_AXI_inst/slv_reg_write[20][31]_i_1_n_0 | keccak_f1600_mm_ip_v1_0_S00_AXI_inst/p_0_in             |                3 |              8 |
|  s00_axi_aclk_IBUF_BUFG | keccak_f1600_mm_ip_v1_0_S00_AXI_inst/slv_reg_write[11][15]_i_1_n_0 | keccak_f1600_mm_ip_v1_0_S00_AXI_inst/p_0_in             |                3 |              8 |
|  s00_axi_aclk_IBUF_BUFG | keccak_f1600_mm_ip_v1_0_S00_AXI_inst/slv_reg_write[17][15]_i_1_n_0 | keccak_f1600_mm_ip_v1_0_S00_AXI_inst/p_0_in             |                4 |              8 |
|  s00_axi_aclk_IBUF_BUFG | keccak_f1600_mm_ip_v1_0_S00_AXI_inst/slv_reg_write[17][31]_i_1_n_0 | keccak_f1600_mm_ip_v1_0_S00_AXI_inst/p_0_in             |                2 |              8 |
|  s00_axi_aclk_IBUF_BUFG | keccak_f1600_mm_ip_v1_0_S00_AXI_inst/slv_reg_write[23][7]_i_1_n_0  | keccak_f1600_mm_ip_v1_0_S00_AXI_inst/p_0_in             |                2 |              8 |
|  s00_axi_aclk_IBUF_BUFG | keccak_f1600_mm_ip_v1_0_S00_AXI_inst/slv_reg_write[14][7]_i_1_n_0  | keccak_f1600_mm_ip_v1_0_S00_AXI_inst/p_0_in             |                3 |              8 |
|  s00_axi_aclk_IBUF_BUFG | keccak_f1600_mm_ip_v1_0_S00_AXI_inst/slv_reg_write[12][15]_i_1_n_0 | keccak_f1600_mm_ip_v1_0_S00_AXI_inst/p_0_in             |                5 |              8 |
|  s00_axi_aclk_IBUF_BUFG | keccak_f1600_mm_ip_v1_0_S00_AXI_inst/slv_reg_write[13][31]_i_1_n_0 | keccak_f1600_mm_ip_v1_0_S00_AXI_inst/p_0_in             |                4 |              8 |
|  s00_axi_aclk_IBUF_BUFG | keccak_f1600_mm_ip_v1_0_S00_AXI_inst/slv_reg_write[16][7]_i_1_n_0  | keccak_f1600_mm_ip_v1_0_S00_AXI_inst/p_0_in             |                3 |              8 |
|  s00_axi_aclk_IBUF_BUFG | keccak_f1600_mm_ip_v1_0_S00_AXI_inst/slv_reg_write[18][7]_i_1_n_0  | keccak_f1600_mm_ip_v1_0_S00_AXI_inst/p_0_in             |                5 |              8 |
|  s00_axi_aclk_IBUF_BUFG | keccak_f1600_mm_ip_v1_0_S00_AXI_inst/slv_reg_write[20][15]_i_1_n_0 | keccak_f1600_mm_ip_v1_0_S00_AXI_inst/p_0_in             |                3 |              8 |
|  s00_axi_aclk_IBUF_BUFG | keccak_f1600_mm_ip_v1_0_S00_AXI_inst/slv_reg_write[15][23]_i_1_n_0 | keccak_f1600_mm_ip_v1_0_S00_AXI_inst/p_0_in             |                3 |              8 |
|  s00_axi_aclk_IBUF_BUFG | keccak_f1600_mm_ip_v1_0_S00_AXI_inst/slv_reg_write[11][7]_i_1_n_0  | keccak_f1600_mm_ip_v1_0_S00_AXI_inst/p_0_in             |                5 |              8 |
|  s00_axi_aclk_IBUF_BUFG | keccak_f1600_mm_ip_v1_0_S00_AXI_inst/slv_reg_write[13][7]_i_1_n_0  | keccak_f1600_mm_ip_v1_0_S00_AXI_inst/p_0_in             |                3 |              8 |
|  s00_axi_aclk_IBUF_BUFG | keccak_f1600_mm_ip_v1_0_S00_AXI_inst/slv_reg_write[11][31]_i_1_n_0 | keccak_f1600_mm_ip_v1_0_S00_AXI_inst/p_0_in             |                2 |              8 |
|  s00_axi_aclk_IBUF_BUFG | keccak_f1600_mm_ip_v1_0_S00_AXI_inst/slv_reg_write[18][15]_i_1_n_0 | keccak_f1600_mm_ip_v1_0_S00_AXI_inst/p_0_in             |                3 |              8 |
|  s00_axi_aclk_IBUF_BUFG | keccak_f1600_mm_ip_v1_0_S00_AXI_inst/slv_reg_write[1][23]_i_1_n_0  | keccak_f1600_mm_ip_v1_0_S00_AXI_inst/p_0_in             |                3 |              8 |
|  s00_axi_aclk_IBUF_BUFG | keccak_f1600_mm_ip_v1_0_S00_AXI_inst/slv_reg_write[21][31]_i_1_n_0 | keccak_f1600_mm_ip_v1_0_S00_AXI_inst/p_0_in             |                2 |              8 |
|  s00_axi_aclk_IBUF_BUFG | keccak_f1600_mm_ip_v1_0_S00_AXI_inst/slv_reg_write[17][23]_i_1_n_0 | keccak_f1600_mm_ip_v1_0_S00_AXI_inst/p_0_in             |                1 |              8 |
|  s00_axi_aclk_IBUF_BUFG | keccak_f1600_mm_ip_v1_0_S00_AXI_inst/slv_reg_write[10][7]_i_1_n_0  | keccak_f1600_mm_ip_v1_0_S00_AXI_inst/p_0_in             |                3 |              8 |
|  s00_axi_aclk_IBUF_BUFG | keccak_f1600_mm_ip_v1_0_S00_AXI_inst/slv_reg_write[21][7]_i_1_n_0  | keccak_f1600_mm_ip_v1_0_S00_AXI_inst/p_0_in             |                4 |              8 |
|  s00_axi_aclk_IBUF_BUFG | keccak_f1600_mm_ip_v1_0_S00_AXI_inst/slv_reg_write[22][23]_i_1_n_0 | keccak_f1600_mm_ip_v1_0_S00_AXI_inst/p_0_in             |                3 |              8 |
|  s00_axi_aclk_IBUF_BUFG | keccak_f1600_mm_ip_v1_0_S00_AXI_inst/slv_reg_write[22][7]_i_1_n_0  | keccak_f1600_mm_ip_v1_0_S00_AXI_inst/p_0_in             |                4 |              8 |
|  s00_axi_aclk_IBUF_BUFG | keccak_f1600_mm_ip_v1_0_S00_AXI_inst/slv_reg_write[23][15]_i_1_n_0 | keccak_f1600_mm_ip_v1_0_S00_AXI_inst/p_0_in             |                7 |              8 |
|  s00_axi_aclk_IBUF_BUFG | keccak_f1600_mm_ip_v1_0_S00_AXI_inst/slv_reg_write[23][23]_i_1_n_0 | keccak_f1600_mm_ip_v1_0_S00_AXI_inst/p_0_in             |                3 |              8 |
|  s00_axi_aclk_IBUF_BUFG | keccak_f1600_mm_ip_v1_0_S00_AXI_inst/slv_reg_write[24][15]_i_1_n_0 | keccak_f1600_mm_ip_v1_0_S00_AXI_inst/p_0_in             |                6 |              8 |
|  s00_axi_aclk_IBUF_BUFG | keccak_f1600_mm_ip_v1_0_S00_AXI_inst/slv_reg_write[12][23]_i_1_n_0 | keccak_f1600_mm_ip_v1_0_S00_AXI_inst/p_0_in             |                6 |              8 |
|  s00_axi_aclk_IBUF_BUFG | keccak_f1600_mm_ip_v1_0_S00_AXI_inst/slv_reg_write[17][7]_i_1_n_0  | keccak_f1600_mm_ip_v1_0_S00_AXI_inst/p_0_in             |                2 |              8 |
|  s00_axi_aclk_IBUF_BUFG | keccak_f1600_mm_ip_v1_0_S00_AXI_inst/slv_reg_write[12][7]_i_1_n_0  | keccak_f1600_mm_ip_v1_0_S00_AXI_inst/p_0_in             |                6 |              8 |
|  s00_axi_aclk_IBUF_BUFG | keccak_f1600_mm_ip_v1_0_S00_AXI_inst/slv_reg_write[24][23]_i_1_n_0 | keccak_f1600_mm_ip_v1_0_S00_AXI_inst/p_0_in             |                5 |              8 |
|  s00_axi_aclk_IBUF_BUFG | keccak_f1600_mm_ip_v1_0_S00_AXI_inst/slv_reg_write[22][15]_i_1_n_0 | keccak_f1600_mm_ip_v1_0_S00_AXI_inst/p_0_in             |                2 |              8 |
|  s00_axi_aclk_IBUF_BUFG | keccak_f1600_mm_ip_v1_0_S00_AXI_inst/slv_reg_write[24][7]_i_1_n_0  | keccak_f1600_mm_ip_v1_0_S00_AXI_inst/p_0_in             |                5 |              8 |
|  s00_axi_aclk_IBUF_BUFG | keccak_f1600_mm_ip_v1_0_S00_AXI_inst/slv_reg_write[15][15]_i_1_n_0 | keccak_f1600_mm_ip_v1_0_S00_AXI_inst/p_0_in             |                2 |              8 |
|  s00_axi_aclk_IBUF_BUFG | keccak_f1600_mm_ip_v1_0_S00_AXI_inst/slv_reg_write[24][31]_i_1_n_0 | keccak_f1600_mm_ip_v1_0_S00_AXI_inst/p_0_in             |                4 |              8 |
|  s00_axi_aclk_IBUF_BUFG | keccak_f1600_mm_ip_v1_0_S00_AXI_inst/slv_reg_write[1][31]_i_1_n_0  | keccak_f1600_mm_ip_v1_0_S00_AXI_inst/p_0_in             |                7 |              8 |
|  s00_axi_aclk_IBUF_BUFG | keccak_f1600_mm_ip_v1_0_S00_AXI_inst/slv_reg_write[23][31]_i_1_n_0 | keccak_f1600_mm_ip_v1_0_S00_AXI_inst/p_0_in             |                5 |              8 |
|  s00_axi_aclk_IBUF_BUFG | keccak_f1600_mm_ip_v1_0_S00_AXI_inst/slv_reg_write[13][23]_i_1_n_0 | keccak_f1600_mm_ip_v1_0_S00_AXI_inst/p_0_in             |                3 |              8 |
|  s00_axi_aclk_IBUF_BUFG | keccak_f1600_mm_ip_v1_0_S00_AXI_inst/slv_reg_write[14][31]_i_1_n_0 | keccak_f1600_mm_ip_v1_0_S00_AXI_inst/p_0_in             |                6 |              8 |
|  s00_axi_aclk_IBUF_BUFG | keccak_f1600_mm_ip_v1_0_S00_AXI_inst/slv_reg_write[15][7]_i_1_n_0  | keccak_f1600_mm_ip_v1_0_S00_AXI_inst/p_0_in             |                5 |              8 |
|  s00_axi_aclk_IBUF_BUFG | keccak_f1600_mm_ip_v1_0_S00_AXI_inst/slv_reg_write[19][15]_i_1_n_0 | keccak_f1600_mm_ip_v1_0_S00_AXI_inst/p_0_in             |                4 |              8 |
|  s00_axi_aclk_IBUF_BUFG | keccak_f1600_mm_ip_v1_0_S00_AXI_inst/slv_reg_write[1][15]_i_1_n_0  | keccak_f1600_mm_ip_v1_0_S00_AXI_inst/p_0_in             |                4 |              8 |
|  s00_axi_aclk_IBUF_BUFG | keccak_f1600_mm_ip_v1_0_S00_AXI_inst/slv_reg_write[14][15]_i_1_n_0 | keccak_f1600_mm_ip_v1_0_S00_AXI_inst/p_0_in             |                3 |              8 |
|  s00_axi_aclk_IBUF_BUFG | keccak_f1600_mm_ip_v1_0_S00_AXI_inst/slv_reg_write[18][23]_i_1_n_0 | keccak_f1600_mm_ip_v1_0_S00_AXI_inst/p_0_in             |                4 |              8 |
|  s00_axi_aclk_IBUF_BUFG | keccak_f1600_mm_ip_v1_0_S00_AXI_inst/slv_reg_write[19][7]_i_1_n_0  | keccak_f1600_mm_ip_v1_0_S00_AXI_inst/p_0_in             |                4 |              8 |
|  s00_axi_aclk_IBUF_BUFG | keccak_f1600_mm_ip_v1_0_S00_AXI_inst/slv_reg_write[20][23]_i_1_n_0 | keccak_f1600_mm_ip_v1_0_S00_AXI_inst/p_0_in             |                3 |              8 |
|  s00_axi_aclk_IBUF_BUFG | keccak_f1600_mm_ip_v1_0_S00_AXI_inst/slv_reg_write[16][31]_i_1_n_0 | keccak_f1600_mm_ip_v1_0_S00_AXI_inst/p_0_in             |                4 |              8 |
|  s00_axi_aclk_IBUF_BUFG | keccak_f1600_mm_ip_v1_0_S00_AXI_inst/slv_reg_write[21][15]_i_1_n_0 | keccak_f1600_mm_ip_v1_0_S00_AXI_inst/p_0_in             |                4 |              8 |
|  s00_axi_aclk_IBUF_BUFG | keccak_f1600_mm_ip_v1_0_S00_AXI_inst/slv_reg_write[15][31]_i_1_n_0 | keccak_f1600_mm_ip_v1_0_S00_AXI_inst/p_0_in             |                3 |              8 |
|  s00_axi_aclk_IBUF_BUFG | keccak_f1600_mm_ip_v1_0_S00_AXI_inst/slv_reg_write[12][31]_i_1_n_0 | keccak_f1600_mm_ip_v1_0_S00_AXI_inst/p_0_in             |                3 |              8 |
|  s00_axi_aclk_IBUF_BUFG | keccak_f1600_mm_ip_v1_0_S00_AXI_inst/slv_reg_write[11][23]_i_1_n_0 | keccak_f1600_mm_ip_v1_0_S00_AXI_inst/p_0_in             |                4 |              8 |
|  s00_axi_aclk_IBUF_BUFG | keccak_f1600_mm_ip_v1_0_S00_AXI_inst/slv_reg_write[16][23]_i_1_n_0 | keccak_f1600_mm_ip_v1_0_S00_AXI_inst/p_0_in             |                2 |              8 |
|  s00_axi_aclk_IBUF_BUFG | keccak_f1600_mm_ip_v1_0_S00_AXI_inst/slv_reg_write[14][23]_i_1_n_0 | keccak_f1600_mm_ip_v1_0_S00_AXI_inst/p_0_in             |                4 |              8 |
|  s00_axi_aclk_IBUF_BUFG | keccak_f1600_mm_ip_v1_0_S00_AXI_inst/slv_reg_write[49][23]_i_1_n_0 | keccak_f1600_mm_ip_v1_0_S00_AXI_inst/p_0_in             |                1 |              8 |
|  s00_axi_aclk_IBUF_BUFG | keccak_f1600_mm_ip_v1_0_S00_AXI_inst/slv_reg_write[20][7]_i_1_n_0  | keccak_f1600_mm_ip_v1_0_S00_AXI_inst/p_0_in             |                8 |              8 |
|  s00_axi_aclk_IBUF_BUFG | keccak_f1600_mm_ip_v1_0_S00_AXI_inst/slv_reg_write[21][23]_i_1_n_0 | keccak_f1600_mm_ip_v1_0_S00_AXI_inst/p_0_in             |                1 |              8 |
|  s00_axi_aclk_IBUF_BUFG | keccak_f1600_mm_ip_v1_0_S00_AXI_inst/slv_reg_write[29][7]_i_1_n_0  | keccak_f1600_mm_ip_v1_0_S00_AXI_inst/p_0_in             |                5 |              8 |
|  s00_axi_aclk_IBUF_BUFG | keccak_f1600_mm_ip_v1_0_S00_AXI_inst/slv_reg_write[27][23]_i_1_n_0 | keccak_f1600_mm_ip_v1_0_S00_AXI_inst/p_0_in             |                1 |              8 |
|  s00_axi_aclk_IBUF_BUFG | keccak_f1600_mm_ip_v1_0_S00_AXI_inst/slv_reg_write[28][15]_i_1_n_0 | keccak_f1600_mm_ip_v1_0_S00_AXI_inst/p_0_in             |                2 |              8 |
|  s00_axi_aclk_IBUF_BUFG | keccak_f1600_mm_ip_v1_0_S00_AXI_inst/slv_reg_write[37][15]_i_1_n_0 | keccak_f1600_mm_ip_v1_0_S00_AXI_inst/p_0_in             |                2 |              8 |
|  s00_axi_aclk_IBUF_BUFG | keccak_f1600_mm_ip_v1_0_S00_AXI_inst/slv_reg_write[35][7]_i_1_n_0  | keccak_f1600_mm_ip_v1_0_S00_AXI_inst/p_0_in             |                7 |              8 |
|  s00_axi_aclk_IBUF_BUFG | keccak_f1600_mm_ip_v1_0_S00_AXI_inst/slv_reg_write[37][31]_i_1_n_0 | keccak_f1600_mm_ip_v1_0_S00_AXI_inst/p_0_in             |                1 |              8 |
|  s00_axi_aclk_IBUF_BUFG | keccak_f1600_mm_ip_v1_0_S00_AXI_inst/slv_reg_write[39][15]_i_1_n_0 | keccak_f1600_mm_ip_v1_0_S00_AXI_inst/p_0_in             |                1 |              8 |
|  s00_axi_aclk_IBUF_BUFG | keccak_f1600_mm_ip_v1_0_S00_AXI_inst/slv_reg_write[38][31]_i_1_n_0 | keccak_f1600_mm_ip_v1_0_S00_AXI_inst/p_0_in             |                1 |              8 |
|  s00_axi_aclk_IBUF_BUFG | keccak_f1600_mm_ip_v1_0_S00_AXI_inst/slv_reg_write[39][23]_i_1_n_0 | keccak_f1600_mm_ip_v1_0_S00_AXI_inst/p_0_in             |                1 |              8 |
|  s00_axi_aclk_IBUF_BUFG | keccak_f1600_mm_ip_v1_0_S00_AXI_inst/slv_reg_write[25][15]_i_1_n_0 | keccak_f1600_mm_ip_v1_0_S00_AXI_inst/p_0_in             |                4 |              8 |
|  s00_axi_aclk_IBUF_BUFG | keccak_f1600_mm_ip_v1_0_S00_AXI_inst/slv_reg_write[26][15]_i_1_n_0 | keccak_f1600_mm_ip_v1_0_S00_AXI_inst/p_0_in             |                3 |              8 |
|  s00_axi_aclk_IBUF_BUFG | keccak_f1600_mm_ip_v1_0_S00_AXI_inst/slv_reg_write[29][31]_i_1_n_0 | keccak_f1600_mm_ip_v1_0_S00_AXI_inst/p_0_in             |                2 |              8 |
|  s00_axi_aclk_IBUF_BUFG | keccak_f1600_mm_ip_v1_0_S00_AXI_inst/slv_reg_write[30][23]_i_1_n_0 | keccak_f1600_mm_ip_v1_0_S00_AXI_inst/p_0_in             |                5 |              8 |
|  s00_axi_aclk_IBUF_BUFG | keccak_f1600_mm_ip_v1_0_S00_AXI_inst/slv_reg_write[31][23]_i_1_n_0 | keccak_f1600_mm_ip_v1_0_S00_AXI_inst/p_0_in             |                1 |              8 |
|  s00_axi_aclk_IBUF_BUFG | keccak_f1600_mm_ip_v1_0_S00_AXI_inst/slv_reg_write[26][7]_i_1_n_0  | keccak_f1600_mm_ip_v1_0_S00_AXI_inst/p_0_in             |                4 |              8 |
|  s00_axi_aclk_IBUF_BUFG | keccak_f1600_mm_ip_v1_0_S00_AXI_inst/slv_reg_write[32][31]_i_1_n_0 | keccak_f1600_mm_ip_v1_0_S00_AXI_inst/p_0_in             |                1 |              8 |
|  s00_axi_aclk_IBUF_BUFG | keccak_f1600_mm_ip_v1_0_S00_AXI_inst/slv_reg_write[35][31]_i_1_n_0 | keccak_f1600_mm_ip_v1_0_S00_AXI_inst/p_0_in             |                1 |              8 |
|  s00_axi_aclk_IBUF_BUFG | keccak_f1600_mm_ip_v1_0_S00_AXI_inst/slv_reg_write[32][23]_i_1_n_0 | keccak_f1600_mm_ip_v1_0_S00_AXI_inst/p_0_in             |                3 |              8 |
|  s00_axi_aclk_IBUF_BUFG | keccak_f1600_mm_ip_v1_0_S00_AXI_inst/slv_reg_write[38][15]_i_1_n_0 | keccak_f1600_mm_ip_v1_0_S00_AXI_inst/p_0_in             |                1 |              8 |
|  s00_axi_aclk_IBUF_BUFG | keccak_f1600_mm_ip_v1_0_S00_AXI_inst/slv_reg_write[27][15]_i_1_n_0 | keccak_f1600_mm_ip_v1_0_S00_AXI_inst/p_0_in             |                5 |              8 |
|  s00_axi_aclk_IBUF_BUFG | keccak_f1600_mm_ip_v1_0_S00_AXI_inst/slv_reg_write[30][31]_i_1_n_0 | keccak_f1600_mm_ip_v1_0_S00_AXI_inst/p_0_in             |                2 |              8 |
|  s00_axi_aclk_IBUF_BUFG | keccak_f1600_mm_ip_v1_0_S00_AXI_inst/slv_reg_write[30][15]_i_1_n_0 | keccak_f1600_mm_ip_v1_0_S00_AXI_inst/p_0_in             |                1 |              8 |
|  s00_axi_aclk_IBUF_BUFG | keccak_f1600_mm_ip_v1_0_S00_AXI_inst/slv_reg_write[33][23]_i_1_n_0 | keccak_f1600_mm_ip_v1_0_S00_AXI_inst/p_0_in             |                4 |              8 |
|  s00_axi_aclk_IBUF_BUFG | keccak_f1600_mm_ip_v1_0_S00_AXI_inst/slv_reg_write[34][7]_i_1_n_0  | keccak_f1600_mm_ip_v1_0_S00_AXI_inst/p_0_in             |                1 |              8 |
|  s00_axi_aclk_IBUF_BUFG | keccak_f1600_mm_ip_v1_0_S00_AXI_inst/slv_reg_write[26][23]_i_1_n_0 | keccak_f1600_mm_ip_v1_0_S00_AXI_inst/p_0_in             |                1 |              8 |
|  s00_axi_aclk_IBUF_BUFG | keccak_f1600_mm_ip_v1_0_S00_AXI_inst/slv_reg_write[2][7]_i_1_n_0   | keccak_f1600_mm_ip_v1_0_S00_AXI_inst/p_0_in             |                4 |              8 |
|  s00_axi_aclk_IBUF_BUFG | keccak_f1600_mm_ip_v1_0_S00_AXI_inst/slv_reg_write[33][15]_i_1_n_0 | keccak_f1600_mm_ip_v1_0_S00_AXI_inst/p_0_in             |                1 |              8 |
|  s00_axi_aclk_IBUF_BUFG | keccak_f1600_mm_ip_v1_0_S00_AXI_inst/slv_reg_write[25][31]_i_1_n_0 | keccak_f1600_mm_ip_v1_0_S00_AXI_inst/p_0_in             |                5 |              8 |
|  s00_axi_aclk_IBUF_BUFG | keccak_f1600_mm_ip_v1_0_S00_AXI_inst/slv_reg_write[35][15]_i_1_n_0 | keccak_f1600_mm_ip_v1_0_S00_AXI_inst/p_0_in             |                4 |              8 |
|  s00_axi_aclk_IBUF_BUFG | keccak_f1600_mm_ip_v1_0_S00_AXI_inst/slv_reg_write[36][31]_i_1_n_0 | keccak_f1600_mm_ip_v1_0_S00_AXI_inst/p_0_in             |                1 |              8 |
|  s00_axi_aclk_IBUF_BUFG | keccak_f1600_mm_ip_v1_0_S00_AXI_inst/slv_reg_write[25][23]_i_1_n_0 | keccak_f1600_mm_ip_v1_0_S00_AXI_inst/p_0_in             |                3 |              8 |
|  s00_axi_aclk_IBUF_BUFG | keccak_f1600_mm_ip_v1_0_S00_AXI_inst/slv_reg_write[38][23]_i_1_n_0 | keccak_f1600_mm_ip_v1_0_S00_AXI_inst/p_0_in             |                3 |              8 |
|  s00_axi_aclk_IBUF_BUFG | keccak_f1600_mm_ip_v1_0_S00_AXI_inst/slv_reg_write[29][23]_i_1_n_0 | keccak_f1600_mm_ip_v1_0_S00_AXI_inst/p_0_in             |                6 |              8 |
|  s00_axi_aclk_IBUF_BUFG | keccak_f1600_mm_ip_v1_0_S00_AXI_inst/slv_reg_write[39][31]_i_1_n_0 | keccak_f1600_mm_ip_v1_0_S00_AXI_inst/p_0_in             |                1 |              8 |
|  s00_axi_aclk_IBUF_BUFG | keccak_f1600_mm_ip_v1_0_S00_AXI_inst/slv_reg_write[36][7]_i_1_n_0  | keccak_f1600_mm_ip_v1_0_S00_AXI_inst/p_0_in             |                5 |              8 |
|  s00_axi_aclk_IBUF_BUFG | keccak_f1600_mm_ip_v1_0_S00_AXI_inst/slv_reg_write[39][7]_i_1_n_0  | keccak_f1600_mm_ip_v1_0_S00_AXI_inst/p_0_in             |                1 |              8 |
|  s00_axi_aclk_IBUF_BUFG | keccak_f1600_mm_ip_v1_0_S00_AXI_inst/slv_reg_write[32][15]_i_1_n_0 | keccak_f1600_mm_ip_v1_0_S00_AXI_inst/p_0_in             |                1 |              8 |
|  s00_axi_aclk_IBUF_BUFG | keccak_f1600_mm_ip_v1_0_S00_AXI_inst/slv_reg_write[2][15]_i_1_n_0  | keccak_f1600_mm_ip_v1_0_S00_AXI_inst/p_0_in             |                5 |              8 |
|  s00_axi_aclk_IBUF_BUFG | keccak_f1600_mm_ip_v1_0_S00_AXI_inst/slv_reg_write[2][31]_i_1_n_0  | keccak_f1600_mm_ip_v1_0_S00_AXI_inst/p_0_in             |                3 |              8 |
|  s00_axi_aclk_IBUF_BUFG | keccak_f1600_mm_ip_v1_0_S00_AXI_inst/slv_reg_write[26][31]_i_1_n_0 | keccak_f1600_mm_ip_v1_0_S00_AXI_inst/p_0_in             |                4 |              8 |
|  s00_axi_aclk_IBUF_BUFG | keccak_f1600_mm_ip_v1_0_S00_AXI_inst/slv_reg_write[34][31]_i_1_n_0 | keccak_f1600_mm_ip_v1_0_S00_AXI_inst/p_0_in             |                2 |              8 |
|  s00_axi_aclk_IBUF_BUFG | keccak_f1600_mm_ip_v1_0_S00_AXI_inst/slv_reg_write[36][23]_i_1_n_0 | keccak_f1600_mm_ip_v1_0_S00_AXI_inst/p_0_in             |                2 |              8 |
|  s00_axi_aclk_IBUF_BUFG | keccak_f1600_mm_ip_v1_0_S00_AXI_inst/slv_reg_write[28][7]_i_1_n_0  | keccak_f1600_mm_ip_v1_0_S00_AXI_inst/p_0_in             |                5 |              8 |
|  s00_axi_aclk_IBUF_BUFG | keccak_f1600_mm_ip_v1_0_S00_AXI_inst/slv_reg_write[37][23]_i_1_n_0 | keccak_f1600_mm_ip_v1_0_S00_AXI_inst/p_0_in             |                1 |              8 |
|  s00_axi_aclk_IBUF_BUFG | keccak_f1600_mm_ip_v1_0_S00_AXI_inst/slv_reg_write[34][15]_i_1_n_0 | keccak_f1600_mm_ip_v1_0_S00_AXI_inst/p_0_in             |                1 |              8 |
|  s00_axi_aclk_IBUF_BUFG | keccak_f1600_mm_ip_v1_0_S00_AXI_inst/slv_reg_write[37][7]_i_1_n_0  | keccak_f1600_mm_ip_v1_0_S00_AXI_inst/p_0_in             |                2 |              8 |
|  s00_axi_aclk_IBUF_BUFG | keccak_f1600_mm_ip_v1_0_S00_AXI_inst/slv_reg_write[38][7]_i_1_n_0  | keccak_f1600_mm_ip_v1_0_S00_AXI_inst/p_0_in             |                2 |              8 |
|  s00_axi_aclk_IBUF_BUFG | keccak_f1600_mm_ip_v1_0_S00_AXI_inst/slv_reg_write[30][7]_i_1_n_0  | keccak_f1600_mm_ip_v1_0_S00_AXI_inst/p_0_in             |                3 |              8 |
|  s00_axi_aclk_IBUF_BUFG | keccak_f1600_mm_ip_v1_0_S00_AXI_inst/slv_reg_write[31][15]_i_1_n_0 | keccak_f1600_mm_ip_v1_0_S00_AXI_inst/p_0_in             |                4 |              8 |
|  s00_axi_aclk_IBUF_BUFG | keccak_f1600_mm_ip_v1_0_S00_AXI_inst/slv_reg_write[29][15]_i_1_n_0 | keccak_f1600_mm_ip_v1_0_S00_AXI_inst/p_0_in             |                4 |              8 |
|  s00_axi_aclk_IBUF_BUFG | keccak_f1600_mm_ip_v1_0_S00_AXI_inst/slv_reg_write[34][23]_i_1_n_0 | keccak_f1600_mm_ip_v1_0_S00_AXI_inst/p_0_in             |                4 |              8 |
|  s00_axi_aclk_IBUF_BUFG | keccak_f1600_mm_ip_v1_0_S00_AXI_inst/slv_reg_write[31][31]_i_1_n_0 | keccak_f1600_mm_ip_v1_0_S00_AXI_inst/p_0_in             |                3 |              8 |
|  s00_axi_aclk_IBUF_BUFG | keccak_f1600_mm_ip_v1_0_S00_AXI_inst/slv_reg_write[28][23]_i_1_n_0 | keccak_f1600_mm_ip_v1_0_S00_AXI_inst/p_0_in             |                3 |              8 |
|  s00_axi_aclk_IBUF_BUFG | keccak_f1600_mm_ip_v1_0_S00_AXI_inst/slv_reg_write[28][31]_i_1_n_0 | keccak_f1600_mm_ip_v1_0_S00_AXI_inst/p_0_in             |                3 |              8 |
|  s00_axi_aclk_IBUF_BUFG | keccak_f1600_mm_ip_v1_0_S00_AXI_inst/slv_reg_write[25][7]_i_1_n_0  | keccak_f1600_mm_ip_v1_0_S00_AXI_inst/p_0_in             |                3 |              8 |
|  s00_axi_aclk_IBUF_BUFG | keccak_f1600_mm_ip_v1_0_S00_AXI_inst/slv_reg_write[27][7]_i_1_n_0  | keccak_f1600_mm_ip_v1_0_S00_AXI_inst/p_0_in             |                2 |              8 |
|  s00_axi_aclk_IBUF_BUFG | keccak_f1600_mm_ip_v1_0_S00_AXI_inst/slv_reg_write[32][7]_i_1_n_0  | keccak_f1600_mm_ip_v1_0_S00_AXI_inst/p_0_in             |                1 |              8 |
|  s00_axi_aclk_IBUF_BUFG | keccak_f1600_mm_ip_v1_0_S00_AXI_inst/slv_reg_write[35][23]_i_1_n_0 | keccak_f1600_mm_ip_v1_0_S00_AXI_inst/p_0_in             |                1 |              8 |
|  s00_axi_aclk_IBUF_BUFG | keccak_f1600_mm_ip_v1_0_S00_AXI_inst/slv_reg_write[2][23]_i_1_n_0  | keccak_f1600_mm_ip_v1_0_S00_AXI_inst/p_0_in             |                6 |              8 |
|  s00_axi_aclk_IBUF_BUFG | keccak_f1600_mm_ip_v1_0_S00_AXI_inst/slv_reg_write[33][31]_i_1_n_0 | keccak_f1600_mm_ip_v1_0_S00_AXI_inst/p_0_in             |                1 |              8 |
|  s00_axi_aclk_IBUF_BUFG | keccak_f1600_mm_ip_v1_0_S00_AXI_inst/slv_reg_write[31][7]_i_1_n_0  | keccak_f1600_mm_ip_v1_0_S00_AXI_inst/p_0_in             |                2 |              8 |
|  s00_axi_aclk_IBUF_BUFG | keccak_f1600_mm_ip_v1_0_S00_AXI_inst/slv_reg_write[33][7]_i_1_n_0  | keccak_f1600_mm_ip_v1_0_S00_AXI_inst/p_0_in             |                2 |              8 |
|  s00_axi_aclk_IBUF_BUFG | keccak_f1600_mm_ip_v1_0_S00_AXI_inst/slv_reg_write[27][31]_i_1_n_0 | keccak_f1600_mm_ip_v1_0_S00_AXI_inst/p_0_in             |                4 |              8 |
|  s00_axi_aclk_IBUF_BUFG | keccak_f1600_mm_ip_v1_0_S00_AXI_inst/slv_reg_write[36][15]_i_1_n_0 | keccak_f1600_mm_ip_v1_0_S00_AXI_inst/p_0_in             |                1 |              8 |
|  s00_axi_aclk_IBUF_BUFG | keccak_f1600_mm_ip_v1_0_S00_AXI_inst/axi_arready0                  | keccak_f1600_mm_ip_v1_0_S00_AXI_inst/p_0_in             |                3 |             13 |
|  s00_axi_aclk_IBUF_BUFG | keccak_f1600_mm_core_inst/a[1][3][63]_i_1_n_0                      |                                                         |               17 |             32 |
|  s00_axi_aclk_IBUF_BUFG | keccak_f1600_mm_core_inst/data_o_mm[31]_i_1_n_0                    |                                                         |               24 |             32 |
|  s00_axi_aclk_IBUF_BUFG | keccak_f1600_mm_core_inst/a[2][2][31]_i_1_n_0                      |                                                         |               19 |             32 |
|  s00_axi_aclk_IBUF_BUFG | keccak_f1600_mm_core_inst/a[2][2][63]_i_1_n_0                      |                                                         |               20 |             32 |
|  s00_axi_aclk_IBUF_BUFG | keccak_f1600_mm_core_inst/a[2][3][63]_i_1_n_0                      |                                                         |               15 |             32 |
|  s00_axi_aclk_IBUF_BUFG | keccak_f1600_mm_core_inst/a[2][3][31]_i_1_n_0                      |                                                         |               14 |             32 |
|  s00_axi_aclk_IBUF_BUFG | keccak_f1600_mm_core_inst/a[2][4][31]_i_1_n_0                      |                                                         |               17 |             32 |
|  s00_axi_aclk_IBUF_BUFG | keccak_f1600_mm_core_inst/a[2][4][63]_i_1_n_0                      |                                                         |               15 |             32 |
|  s00_axi_aclk_IBUF_BUFG | keccak_f1600_mm_core_inst/a[3][0][31]_i_1_n_0                      |                                                         |               15 |             32 |
|  s00_axi_aclk_IBUF_BUFG | keccak_f1600_mm_core_inst/a[3][0][63]_i_1_n_0                      |                                                         |               17 |             32 |
|  s00_axi_aclk_IBUF_BUFG | keccak_f1600_mm_core_inst/a[3][1][31]_i_1_n_0                      |                                                         |               15 |             32 |
|  s00_axi_aclk_IBUF_BUFG | keccak_f1600_mm_core_inst/a[3][1][63]_i_1_n_0                      |                                                         |               16 |             32 |
|  s00_axi_aclk_IBUF_BUFG | keccak_f1600_mm_core_inst/a[3][2][31]_i_1_n_0                      |                                                         |               17 |             32 |
|  s00_axi_aclk_IBUF_BUFG | keccak_f1600_mm_core_inst/a[3][2][63]_i_1_n_0                      |                                                         |               17 |             32 |
|  s00_axi_aclk_IBUF_BUFG | keccak_f1600_mm_core_inst/a[3][3][31]_i_1_n_0                      |                                                         |               16 |             32 |
|  s00_axi_aclk_IBUF_BUFG | keccak_f1600_mm_core_inst/a[3][3][63]_i_1_n_0                      |                                                         |               17 |             32 |
|  s00_axi_aclk_IBUF_BUFG | keccak_f1600_mm_core_inst/a[3][4][31]_i_1_n_0                      |                                                         |               15 |             32 |
|  s00_axi_aclk_IBUF_BUFG | keccak_f1600_mm_core_inst/a[3][4][63]_i_1_n_0                      |                                                         |               18 |             32 |
|  s00_axi_aclk_IBUF_BUFG | keccak_f1600_mm_core_inst/a[4][0][31]_i_1_n_0                      |                                                         |               16 |             32 |
|  s00_axi_aclk_IBUF_BUFG | keccak_f1600_mm_core_inst/a[4][1][31]_i_1_n_0                      |                                                         |               15 |             32 |
|  s00_axi_aclk_IBUF_BUFG | keccak_f1600_mm_core_inst/a[4][0][63]_i_1_n_0                      |                                                         |               18 |             32 |
|  s00_axi_aclk_IBUF_BUFG | keccak_f1600_mm_core_inst/a[4][1][63]_i_1_n_0                      |                                                         |               17 |             32 |
|  s00_axi_aclk_IBUF_BUFG | keccak_f1600_mm_core_inst/a[4][2][31]_i_1_n_0                      |                                                         |               16 |             32 |
|  s00_axi_aclk_IBUF_BUFG | keccak_f1600_mm_core_inst/a[4][2][63]_i_1_n_0                      |                                                         |               19 |             32 |
|  s00_axi_aclk_IBUF_BUFG | keccak_f1600_mm_core_inst/a[4][3][31]_i_1_n_0                      |                                                         |               13 |             32 |
|  s00_axi_aclk_IBUF_BUFG | keccak_f1600_mm_core_inst/a[4][3][63]_i_1_n_0                      |                                                         |               18 |             32 |
|  s00_axi_aclk_IBUF_BUFG | keccak_f1600_mm_core_inst/a[4][4][31]_i_1_n_0                      |                                                         |               18 |             32 |
|  s00_axi_aclk_IBUF_BUFG | keccak_f1600_mm_core_inst/a[4][4][63]_i_1_n_0                      |                                                         |               17 |             32 |
|  s00_axi_aclk_IBUF_BUFG | keccak_f1600_mm_ip_v1_0_S00_AXI_inst/slv_reg_read[49]_42           | keccak_f1600_mm_ip_v1_0_S00_AXI_inst/p_0_in             |               13 |             32 |
|  s00_axi_aclk_IBUF_BUFG | keccak_f1600_mm_ip_v1_0_S00_AXI_inst/slv_reg_read[55]_39           | keccak_f1600_mm_ip_v1_0_S00_AXI_inst/p_0_in             |               12 |             32 |
|  s00_axi_aclk_IBUF_BUFG | keccak_f1600_mm_ip_v1_0_S00_AXI_inst/slv_reg_read[60]_16           | keccak_f1600_mm_ip_v1_0_S00_AXI_inst/p_0_in             |               11 |             32 |
|  s00_axi_aclk_IBUF_BUFG | keccak_f1600_mm_core_inst/a[0][0][31]_i_1_n_0                      |                                                         |               15 |             32 |
|  s00_axi_aclk_IBUF_BUFG | keccak_f1600_mm_core_inst/a[0][1][31]_i_1_n_0                      |                                                         |               16 |             32 |
|  s00_axi_aclk_IBUF_BUFG | keccak_f1600_mm_core_inst/a[0][0][63]_i_1_n_0                      |                                                         |               20 |             32 |
|  s00_axi_aclk_IBUF_BUFG | keccak_f1600_mm_core_inst/a[0][1][63]_i_1_n_0                      |                                                         |               18 |             32 |
|  s00_axi_aclk_IBUF_BUFG | keccak_f1600_mm_core_inst/a[0][2][31]_i_1_n_0                      |                                                         |               19 |             32 |
|  s00_axi_aclk_IBUF_BUFG | keccak_f1600_mm_core_inst/a[0][2][63]_i_1_n_0                      |                                                         |               19 |             32 |
|  s00_axi_aclk_IBUF_BUFG | keccak_f1600_mm_core_inst/a[0][3][31]_i_1_n_0                      |                                                         |               18 |             32 |
|  s00_axi_aclk_IBUF_BUFG | keccak_f1600_mm_core_inst/a[0][4][31]_i_1_n_0                      |                                                         |               18 |             32 |
|  s00_axi_aclk_IBUF_BUFG | keccak_f1600_mm_core_inst/a[0][3][63]_i_1_n_0                      |                                                         |               19 |             32 |
|  s00_axi_aclk_IBUF_BUFG | keccak_f1600_mm_core_inst/a[1][0][31]_i_1_n_0                      |                                                         |               16 |             32 |
|  s00_axi_aclk_IBUF_BUFG | keccak_f1600_mm_core_inst/a[0][4][63]_i_1_n_0                      |                                                         |               21 |             32 |
|  s00_axi_aclk_IBUF_BUFG | keccak_f1600_mm_core_inst/a[1][0][63]_i_1_n_0                      |                                                         |               20 |             32 |
|  s00_axi_aclk_IBUF_BUFG | keccak_f1600_mm_core_inst/a[1][1][31]_i_1_n_0                      |                                                         |               17 |             32 |
|  s00_axi_aclk_IBUF_BUFG | keccak_f1600_mm_core_inst/a[1][1][63]_i_1_n_0                      |                                                         |               20 |             32 |
|  s00_axi_aclk_IBUF_BUFG | keccak_f1600_mm_core_inst/a[1][2][31]_i_1_n_0                      |                                                         |               15 |             32 |
|  s00_axi_aclk_IBUF_BUFG | keccak_f1600_mm_core_inst/a[1][2][63]_i_1_n_0                      |                                                         |               18 |             32 |
|  s00_axi_aclk_IBUF_BUFG | keccak_f1600_mm_core_inst/a[1][3][31]_i_1_n_0                      |                                                         |               16 |             32 |
|  s00_axi_aclk_IBUF_BUFG | keccak_f1600_mm_core_inst/a[1][4][63]_i_1_n_0                      |                                                         |               18 |             32 |
|  s00_axi_aclk_IBUF_BUFG | keccak_f1600_mm_core_inst/a[1][4][31]_i_1_n_0                      |                                                         |               16 |             32 |
|  s00_axi_aclk_IBUF_BUFG | keccak_f1600_mm_core_inst/a[2][0][63]_i_1_n_0                      |                                                         |               17 |             32 |
|  s00_axi_aclk_IBUF_BUFG | keccak_f1600_mm_core_inst/a[2][0][31]_i_1_n_0                      |                                                         |               19 |             32 |
|  s00_axi_aclk_IBUF_BUFG | keccak_f1600_mm_core_inst/a[2][1][31]_i_1_n_0                      |                                                         |               19 |             32 |
|  s00_axi_aclk_IBUF_BUFG | keccak_f1600_mm_core_inst/a[2][1][63]_i_1_n_0                      |                                                         |               17 |             32 |
|  s00_axi_aclk_IBUF_BUFG | keccak_f1600_mm_ip_v1_0_S00_AXI_inst/slv_reg_read[6]_14            | keccak_f1600_mm_ip_v1_0_S00_AXI_inst/p_0_in             |                9 |             32 |
|  s00_axi_aclk_IBUF_BUFG | keccak_f1600_mm_core_inst/x[0]_i_1_n_0                             | keccak_f1600_mm_ip_v1_0_S00_AXI_inst/p_0_in             |                8 |             32 |
|  s00_axi_aclk_IBUF_BUFG | keccak_f1600_mm_core_inst/y[0]_i_1_n_0                             | keccak_f1600_mm_ip_v1_0_S00_AXI_inst/p_0_in             |                8 |             32 |
|  s00_axi_aclk_IBUF_BUFG | keccak_f1600_mm_core_inst/valid_o_mm_reg_0[0]                      | keccak_f1600_mm_ip_v1_0_S00_AXI_inst/p_0_in             |               17 |             32 |
|  s00_axi_aclk_IBUF_BUFG | keccak_f1600_mm_core_inst/valid_o_mm_reg_1[0]                      | keccak_f1600_mm_ip_v1_0_S00_AXI_inst/p_0_in             |               12 |             32 |
|  s00_axi_aclk_IBUF_BUFG | keccak_f1600_mm_ip_v1_0_S00_AXI_inst/slv_reg_read[23]_54           | keccak_f1600_mm_ip_v1_0_S00_AXI_inst/p_0_in             |               11 |             32 |
|  s00_axi_aclk_IBUF_BUFG | keccak_f1600_mm_ip_v1_0_S00_AXI_inst/slv_reg_read[28]_24           | keccak_f1600_mm_ip_v1_0_S00_AXI_inst/p_0_in             |               10 |             32 |
|  s00_axi_aclk_IBUF_BUFG | keccak_f1600_mm_ip_v1_0_S00_AXI_inst/slv_reg_read[29]_51           | keccak_f1600_mm_ip_v1_0_S00_AXI_inst/p_0_in             |               13 |             32 |
|  s00_axi_aclk_IBUF_BUFG | keccak_f1600_mm_ip_v1_0_S00_AXI_inst/slv_reg_read[2]_10            | keccak_f1600_mm_ip_v1_0_S00_AXI_inst/p_0_in             |                9 |             32 |
|  s00_axi_aclk_IBUF_BUFG | keccak_f1600_mm_ip_v1_0_S00_AXI_inst/slv_reg_read[30]_25           | keccak_f1600_mm_ip_v1_0_S00_AXI_inst/p_0_in             |               13 |             32 |
|  s00_axi_aclk_IBUF_BUFG | keccak_f1600_mm_ip_v1_0_S00_AXI_inst/slv_reg_read[0]_2             | keccak_f1600_mm_ip_v1_0_S00_AXI_inst/p_0_in             |               10 |             32 |
|  s00_axi_aclk_IBUF_BUFG | keccak_f1600_mm_ip_v1_0_S00_AXI_inst/slv_reg_rden                  | keccak_f1600_mm_ip_v1_0_S00_AXI_inst/p_0_in             |               14 |             32 |
|  s00_axi_aclk_IBUF_BUFG | keccak_f1600_mm_ip_v1_0_S00_AXI_inst/slv_reg_read[11]_59           | keccak_f1600_mm_ip_v1_0_S00_AXI_inst/p_0_in             |               11 |             32 |
|  s00_axi_aclk_IBUF_BUFG | keccak_f1600_mm_ip_v1_0_S00_AXI_inst/slv_reg_read[12]_1            | keccak_f1600_mm_ip_v1_0_S00_AXI_inst/p_0_in             |               11 |             32 |
|  s00_axi_aclk_IBUF_BUFG | keccak_f1600_mm_ip_v1_0_S00_AXI_inst/slv_reg_read[14]_19           | keccak_f1600_mm_ip_v1_0_S00_AXI_inst/p_0_in             |               15 |             32 |
|  s00_axi_aclk_IBUF_BUFG | keccak_f1600_mm_ip_v1_0_S00_AXI_inst/slv_reg_read[15]_57           | keccak_f1600_mm_ip_v1_0_S00_AXI_inst/p_0_in             |                9 |             32 |
|  s00_axi_aclk_IBUF_BUFG | keccak_f1600_mm_ip_v1_0_S00_AXI_inst/slv_reg_read[17]_7            | keccak_f1600_mm_ip_v1_0_S00_AXI_inst/p_0_in             |               12 |             32 |
|  s00_axi_aclk_IBUF_BUFG | keccak_f1600_mm_ip_v1_0_S00_AXI_inst/slv_reg_read[19]_56           | keccak_f1600_mm_ip_v1_0_S00_AXI_inst/p_0_in             |               11 |             32 |
|  s00_axi_aclk_IBUF_BUFG | keccak_f1600_mm_ip_v1_0_S00_AXI_inst/slv_reg_read[31]_50           | keccak_f1600_mm_ip_v1_0_S00_AXI_inst/p_0_in             |               15 |             32 |
|  s00_axi_aclk_IBUF_BUFG | keccak_f1600_mm_ip_v1_0_S00_AXI_inst/slv_reg_read[16]_8            | keccak_f1600_mm_ip_v1_0_S00_AXI_inst/p_0_in             |                9 |             32 |
|  s00_axi_aclk_IBUF_BUFG | keccak_f1600_mm_ip_v1_0_S00_AXI_inst/slv_reg_read[26]_23           | keccak_f1600_mm_ip_v1_0_S00_AXI_inst/p_0_in             |               12 |             32 |
|  s00_axi_aclk_IBUF_BUFG | keccak_f1600_mm_ip_v1_0_S00_AXI_inst/slv_reg_read[32]_5            | keccak_f1600_mm_ip_v1_0_S00_AXI_inst/p_0_in             |               10 |             32 |
|  s00_axi_aclk_IBUF_BUFG | keccak_f1600_mm_ip_v1_0_S00_AXI_inst/slv_reg_read[33]_4            | keccak_f1600_mm_ip_v1_0_S00_AXI_inst/p_0_in             |                9 |             32 |
|  s00_axi_aclk_IBUF_BUFG | keccak_f1600_mm_ip_v1_0_S00_AXI_inst/slv_reg_read[10]_12           | keccak_f1600_mm_ip_v1_0_S00_AXI_inst/p_0_in             |               10 |             32 |
|  s00_axi_aclk_IBUF_BUFG | keccak_f1600_mm_ip_v1_0_S00_AXI_inst/slv_reg_read[34]_3            | keccak_f1600_mm_ip_v1_0_S00_AXI_inst/p_0_in             |               15 |             32 |
|  s00_axi_aclk_IBUF_BUFG | keccak_f1600_mm_ip_v1_0_S00_AXI_inst/slv_reg_read[35]_49           | keccak_f1600_mm_ip_v1_0_S00_AXI_inst/p_0_in             |               16 |             32 |
|  s00_axi_aclk_IBUF_BUFG | keccak_f1600_mm_ip_v1_0_S00_AXI_inst/slv_reg_read[27]_52           | keccak_f1600_mm_ip_v1_0_S00_AXI_inst/p_0_in             |               12 |             32 |
|  s00_axi_aclk_IBUF_BUFG | keccak_f1600_mm_ip_v1_0_S00_AXI_inst/slv_reg_read[25]_53           | keccak_f1600_mm_ip_v1_0_S00_AXI_inst/p_0_in             |               10 |             32 |
|  s00_axi_aclk_IBUF_BUFG | keccak_f1600_mm_ip_v1_0_S00_AXI_inst/slv_reg_read[22]_21           | keccak_f1600_mm_ip_v1_0_S00_AXI_inst/p_0_in             |               12 |             32 |
|  s00_axi_aclk_IBUF_BUFG | keccak_f1600_mm_ip_v1_0_S00_AXI_inst/slv_reg_read[20]_20           | keccak_f1600_mm_ip_v1_0_S00_AXI_inst/p_0_in             |               12 |             32 |
|  s00_axi_aclk_IBUF_BUFG | keccak_f1600_mm_ip_v1_0_S00_AXI_inst/slv_reg_read[1]_11            | keccak_f1600_mm_ip_v1_0_S00_AXI_inst/p_0_in             |               11 |             32 |
|  s00_axi_aclk_IBUF_BUFG | keccak_f1600_mm_ip_v1_0_S00_AXI_inst/slv_reg_read[13]_58           | keccak_f1600_mm_ip_v1_0_S00_AXI_inst/p_0_in             |               11 |             32 |
|  s00_axi_aclk_IBUF_BUFG | keccak_f1600_mm_ip_v1_0_S00_AXI_inst/slv_reg_read[18]_6            | keccak_f1600_mm_ip_v1_0_S00_AXI_inst/p_0_in             |                9 |             32 |
|  s00_axi_aclk_IBUF_BUFG | keccak_f1600_mm_ip_v1_0_S00_AXI_inst/slv_reg_read[21]_55           | keccak_f1600_mm_ip_v1_0_S00_AXI_inst/p_0_in             |               11 |             32 |
|  s00_axi_aclk_IBUF_BUFG | keccak_f1600_mm_ip_v1_0_S00_AXI_inst/slv_reg_read[24]_22           | keccak_f1600_mm_ip_v1_0_S00_AXI_inst/p_0_in             |               12 |             32 |
|  s00_axi_aclk_IBUF_BUFG | keccak_f1600_mm_ip_v1_0_S00_AXI_inst/slv_reg_read[62]_36           | keccak_f1600_mm_ip_v1_0_S00_AXI_inst/p_0_in             |               17 |             32 |
|  s00_axi_aclk_IBUF_BUFG | keccak_f1600_mm_ip_v1_0_S00_AXI_inst/slv_reg_read[63][31]_i_1_n_0  | keccak_f1600_mm_ip_v1_0_S00_AXI_inst/p_0_in             |               15 |             32 |
|  s00_axi_aclk_IBUF_BUFG | keccak_f1600_mm_ip_v1_0_S00_AXI_inst/slv_reg_read[8]_13            | keccak_f1600_mm_ip_v1_0_S00_AXI_inst/p_0_in             |                8 |             32 |
|  s00_axi_aclk_IBUF_BUFG | keccak_f1600_mm_ip_v1_0_S00_AXI_inst/slv_reg_read[52]_33           | keccak_f1600_mm_ip_v1_0_S00_AXI_inst/p_0_in             |               14 |             32 |
|  s00_axi_aclk_IBUF_BUFG | keccak_f1600_mm_ip_v1_0_S00_AXI_inst/slv_reg_read[45]_44           | keccak_f1600_mm_ip_v1_0_S00_AXI_inst/p_0_in             |               13 |             32 |
|  s00_axi_aclk_IBUF_BUFG | keccak_f1600_mm_ip_v1_0_S00_AXI_inst/slv_reg_read[4]_15            | keccak_f1600_mm_ip_v1_0_S00_AXI_inst/p_0_in             |                8 |             32 |
|  s00_axi_aclk_IBUF_BUFG | keccak_f1600_mm_ip_v1_0_S00_AXI_inst/slv_reg_read[39]_47           | keccak_f1600_mm_ip_v1_0_S00_AXI_inst/p_0_in             |               12 |             32 |
|  s00_axi_aclk_IBUF_BUFG | keccak_f1600_mm_ip_v1_0_S00_AXI_inst/slv_reg_read[57]_38           | keccak_f1600_mm_ip_v1_0_S00_AXI_inst/p_0_in             |               15 |             32 |
|  s00_axi_aclk_IBUF_BUFG | keccak_f1600_mm_ip_v1_0_S00_AXI_inst/slv_reg_read[59]_17           | keccak_f1600_mm_ip_v1_0_S00_AXI_inst/p_0_in             |               11 |             32 |
|  s00_axi_aclk_IBUF_BUFG | keccak_f1600_mm_ip_v1_0_S00_AXI_inst/slv_reg_read[3]_9             | keccak_f1600_mm_ip_v1_0_S00_AXI_inst/p_0_in             |                8 |             32 |
|  s00_axi_aclk_IBUF_BUFG | keccak_f1600_mm_ip_v1_0_S00_AXI_inst/slv_reg_read[53]_40           | keccak_f1600_mm_ip_v1_0_S00_AXI_inst/p_0_in             |               17 |             32 |
|  s00_axi_aclk_IBUF_BUFG | keccak_f1600_mm_ip_v1_0_S00_AXI_inst/slv_reg_read[7]_60            | keccak_f1600_mm_ip_v1_0_S00_AXI_inst/p_0_in             |                9 |             32 |
|  s00_axi_aclk_IBUF_BUFG | keccak_f1600_mm_ip_v1_0_S00_AXI_inst/slv_reg_read[46]_31           | keccak_f1600_mm_ip_v1_0_S00_AXI_inst/p_0_in             |               11 |             32 |
|  s00_axi_aclk_IBUF_BUFG | keccak_f1600_mm_ip_v1_0_S00_AXI_inst/slv_reg_read[56]_18           | keccak_f1600_mm_ip_v1_0_S00_AXI_inst/p_0_in             |               10 |             32 |
|  s00_axi_aclk_IBUF_BUFG | keccak_f1600_mm_ip_v1_0_S00_AXI_inst/slv_reg_read[38]_27           | keccak_f1600_mm_ip_v1_0_S00_AXI_inst/p_0_in             |               13 |             32 |
|  s00_axi_aclk_IBUF_BUFG | keccak_f1600_mm_ip_v1_0_S00_AXI_inst/slv_reg_read[51]_41           | keccak_f1600_mm_ip_v1_0_S00_AXI_inst/p_0_in             |               13 |             32 |
|  s00_axi_aclk_IBUF_BUFG | keccak_f1600_mm_ip_v1_0_S00_AXI_inst/slv_reg_read[48]_0            | keccak_f1600_mm_ip_v1_0_S00_AXI_inst/p_0_in             |               10 |             32 |
|  s00_axi_aclk_IBUF_BUFG | keccak_f1600_mm_ip_v1_0_S00_AXI_inst/slv_reg_read[47]_43           | keccak_f1600_mm_ip_v1_0_S00_AXI_inst/p_0_in             |               10 |             32 |
|  s00_axi_aclk_IBUF_BUFG | keccak_f1600_mm_ip_v1_0_S00_AXI_inst/slv_reg_read[43]_45           | keccak_f1600_mm_ip_v1_0_S00_AXI_inst/p_0_in             |               13 |             32 |
|  s00_axi_aclk_IBUF_BUFG | keccak_f1600_mm_ip_v1_0_S00_AXI_inst/slv_reg_read[44]_30           | keccak_f1600_mm_ip_v1_0_S00_AXI_inst/p_0_in             |               14 |             32 |
|  s00_axi_aclk_IBUF_BUFG | keccak_f1600_mm_ip_v1_0_S00_AXI_inst/slv_reg_read[50]_32           | keccak_f1600_mm_ip_v1_0_S00_AXI_inst/p_0_in             |               12 |             32 |
|  s00_axi_aclk_IBUF_BUFG | keccak_f1600_mm_ip_v1_0_S00_AXI_inst/slv_reg_read[41]_46           | keccak_f1600_mm_ip_v1_0_S00_AXI_inst/p_0_in             |               13 |             32 |
|  s00_axi_aclk_IBUF_BUFG | keccak_f1600_mm_ip_v1_0_S00_AXI_inst/slv_reg_read[54]_34           | keccak_f1600_mm_ip_v1_0_S00_AXI_inst/p_0_in             |               11 |             32 |
|  s00_axi_aclk_IBUF_BUFG | keccak_f1600_mm_ip_v1_0_S00_AXI_inst/slv_reg_read[58]_35           | keccak_f1600_mm_ip_v1_0_S00_AXI_inst/p_0_in             |               16 |             32 |
|  s00_axi_aclk_IBUF_BUFG | keccak_f1600_mm_ip_v1_0_S00_AXI_inst/slv_reg_read[40]_28           | keccak_f1600_mm_ip_v1_0_S00_AXI_inst/p_0_in             |               11 |             32 |
|  s00_axi_aclk_IBUF_BUFG | keccak_f1600_mm_ip_v1_0_S00_AXI_inst/slv_reg_read[37]_48           | keccak_f1600_mm_ip_v1_0_S00_AXI_inst/p_0_in             |               11 |             32 |
|  s00_axi_aclk_IBUF_BUFG | keccak_f1600_mm_ip_v1_0_S00_AXI_inst/slv_reg_read[42]_29           | keccak_f1600_mm_ip_v1_0_S00_AXI_inst/p_0_in             |               13 |             32 |
|  s00_axi_aclk_IBUF_BUFG | keccak_f1600_mm_ip_v1_0_S00_AXI_inst/slv_reg_read[61]_37           | keccak_f1600_mm_ip_v1_0_S00_AXI_inst/p_0_in             |               13 |             32 |
|  s00_axi_aclk_IBUF_BUFG | keccak_f1600_mm_ip_v1_0_S00_AXI_inst/slv_reg_read[36]_26           | keccak_f1600_mm_ip_v1_0_S00_AXI_inst/p_0_in             |               10 |             32 |
|  s00_axi_aclk_IBUF_BUFG |                                                                    | keccak_f1600_mm_ip_v1_0_S00_AXI_inst/p_0_in             |               19 |             33 |
|  s00_axi_aclk_IBUF_BUFG | keccak_f1600_mm_core_inst/round_rep[4]_i_2_n_0                     | keccak_f1600_mm_ip_v1_0_S00_AXI_inst/p_0_in             |               14 |             37 |
|  s00_axi_aclk_IBUF_BUFG | keccak_f1600_mm_ip_v1_0_S00_AXI_inst/slv_addr_write0               | keccak_f1600_mm_ip_v1_0_S00_AXI_inst/data_o[31]_i_1_n_0 |               23 |             45 |
|  s00_axi_aclk_IBUF_BUFG | keccak_f1600_mm_core_inst/c[4]_27                                  |                                                         |               94 |            320 |
|  s00_axi_aclk_IBUF_BUFG | keccak_f1600_mm_core_inst/d[4]_26                                  |                                                         |               61 |            320 |
|  s00_axi_aclk_IBUF_BUFG | keccak_f1600_mm_core_inst/a_line[4][4]_25                          |                                                         |              447 |           1600 |
+-------------------------+--------------------------------------------------------------------+---------------------------------------------------------+------------------+----------------+


