Vivado Simulator 2019.1
Copyright 1986-1999, 2001-2019 Xilinx, Inc. All Rights Reserved.
Running: C:/Xilinx/Vivado/2019.1/bin/unwrapped/win64.o/xelab.exe -wto aa15f4218c9b4744a55d23ac50d19f1c --incr --debug typical --relax --mt 2 -L xil_defaultlib -L work -L secureip --snapshot testbench_behav work.testbench -log elaborate.log 
Using 2 slave threads.
Starting static elaboration
Completed static elaboration
Starting simulation data flow analysis
Completed simulation data flow analysis
Time Resolution for simulation is 1ps
Compiling package std.standard
Compiling package std.textio
Compiling package ieee.std_logic_1164
Compiling package ieee.math_real
Compiling package ieee.numeric_std
Compiling package synopsys.attributes
Compiling package ieee.std_logic_misc
Compiling package ieee.std_logic_arith
Compiling package xil_defaultlib.keccak_global2
Compiling package ieee.std_logic_unsigned
Compiling architecture behavioral of entity work.true_single_bram3 [\true_single_bram3(mem_size=5160...]
Compiling architecture arch_imp of entity work.shake128_mm_ip_v1_0_S00_AXI [shake128_mm_ip_v1_0_s00_axi_defa...]
Compiling architecture behavioral of entity work.keccak_absorb [keccak_absorb_default]
Compiling architecture behavioral of entity work.keccak_f1600_mm_core_fast2 [keccak_f1600_mm_core_fast2_defau...]
Compiling architecture arch_imp of entity work.shake128_mm_ip_v1_0 [shake128_mm_ip_v1_0_default]
Compiling architecture behavioral of entity work.testbench
Built simulation snapshot testbench_behav
