Duplicated file found; will not be sent for synthesis: c:/Projects/frodo-fpga/frodo-fpga.srcs/sources_1/bd/frodoBD/ipshared/ef1e/hdl/lib_cdc_v1_0_rfs.vhd
Duplicated file found; will not be sent for synthesis: c:/Projects/frodo-fpga/frodo-fpga.srcs/sources_1/bd/frodoBD/ipshared/66ea/hdl/axi_lite_ipif_v3_0_vh_rfs.vhd
Duplicated file found; will not be sent for synthesis: c:/Projects/frodo-fpga/frodo-fpga.srcs/sources_1/bd/frodoBD/ipshared/c001/hdl/blk_mem_gen_v8_4_vhsyn_rfs.vhd
Duplicated file found; will not be sent for synthesis: c:/Projects/frodo-fpga/frodo-fpga.srcs/sources_1/bd/frodoBD/ipshared/1f5a/hdl/fifo_generator_v13_2_vhsyn_rfs.vhd
Duplicated file found; will not be sent for synthesis: c:/Projects/frodo-fpga/frodo-fpga.srcs/sources_1/bd/frodoBD/ipshared/66ea/hdl/axi_lite_ipif_v3_0_vh_rfs.vhd
Duplicated file found; will not be sent for synthesis: c:/Projects/frodo-fpga/frodo-fpga.srcs/sources_1/bd/frodoBD/ipshared/ef1e/hdl/lib_cdc_v1_0_rfs.vhd
Duplicated file found; will not be sent for synthesis: c:/Projects/frodo-fpga/frodo-fpga.srcs/sources_1/bd/frodoBD/ipshared/a040/hdl/interrupt_control_v3_1_vh_rfs.vhd
Duplicated file found; will not be sent for synthesis: c:/Projects/frodo-fpga/frodo-fpga.srcs/sources_1/bd/frodoBD/ipshared/9c6e/hdl/axi_gpio_v2_0_vh_rfs.vhd
Duplicated file found; will not be sent for synthesis: c:/Projects/frodo-fpga/frodo-fpga.srcs/sources_1/bd/frodoBD/ipshared/ea3f/hdl/timer_v1_0.vhd
Duplicated file found; will not be sent for synthesis: c:/Projects/frodo-fpga/frodo-fpga.srcs/sources_1/bd/frodoBD/ipshared/66ea/hdl/axi_lite_ipif_v3_0_vh_rfs.vhd
Duplicated file found; will not be sent for synthesis: c:/Projects/frodo-fpga/frodo-fpga.srcs/sources_1/bd/frodoBD/ipshared/ef1e/hdl/lib_cdc_v1_0_rfs.vhd
Duplicated file found; will not be sent for synthesis: c:/Projects/frodo-fpga/frodo-fpga.srcs/sources_1/bd/frodoBD/ipshared/a040/hdl/interrupt_control_v3_1_vh_rfs.vhd
Duplicated file found; will not be sent for synthesis: c:/Projects/frodo-fpga/frodo-fpga.srcs/sources_1/bd/frodoBD/ipshared/9c6e/hdl/axi_gpio_v2_0_vh_rfs.vhd
Duplicated file found; will not be sent for synthesis: c:/Projects/frodo-fpga/frodo-fpga.srcs/sources_1/bd/frodoBD/ipshared/66ea/hdl/axi_lite_ipif_v3_0_vh_rfs.vhd
Duplicated file found; will not be sent for synthesis: c:/Projects/frodo-fpga/frodo-fpga.srcs/sources_1/bd/frodoBD/ipshared/ef1e/hdl/lib_cdc_v1_0_rfs.vhd
Duplicated file found; will not be sent for synthesis: c:/Projects/frodo-fpga/frodo-fpga.srcs/sources_1/bd/frodoBD/ipshared/a040/hdl/interrupt_control_v3_1_vh_rfs.vhd
Duplicated file found; will not be sent for synthesis: c:/Projects/frodo-fpga/frodo-fpga.srcs/sources_1/bd/frodoBD/ipshared/9c6e/hdl/axi_gpio_v2_0_vh_rfs.vhd
Duplicated file found; will not be sent for synthesis: c:/Projects/frodo-fpga/frodo-fpga.srcs/sources_1/bd/frodoBD/ipshared/b752/hdl/generic_baseblocks_v2_1_vl_rfs.v
Duplicated file found; will not be sent for synthesis: c:/Projects/frodo-fpga/frodo-fpga.srcs/sources_1/bd/frodoBD/ipshared/5b9c/hdl/axi_data_fifo_v2_1_vl_rfs.v
Duplicated file found; will not be sent for synthesis: c:/Projects/frodo-fpga/frodo-fpga.srcs/sources_1/bd/frodoBD/ipshared/ec67/hdl/axi_infrastructure_v1_1_0.vh
Duplicated file found; will not be sent for synthesis: c:/Projects/frodo-fpga/frodo-fpga.srcs/sources_1/bd/frodoBD/ipshared/ec67/hdl/axi_infrastructure_v1_1_vl_rfs.v
Duplicated file found; will not be sent for synthesis: c:/Projects/frodo-fpga/frodo-fpga.srcs/sources_1/bd/frodoBD/ipshared/4d88/hdl/axi_register_slice_v2_1_vl_rfs.v
Duplicated file found; will not be sent for synthesis: c:/Projects/frodo-fpga/frodo-fpga.srcs/sources_1/bd/frodoBD/ipshared/c001/hdl/blk_mem_gen_v8_4_vhsyn_rfs.vhd
Duplicated file found; will not be sent for synthesis: c:/Projects/frodo-fpga/frodo-fpga.srcs/sources_1/bd/frodoBD/ipshared/1f5a/hdl/fifo_generator_v13_2_vhsyn_rfs.vhd
Duplicated file found; will not be sent for synthesis: c:/Projects/frodo-fpga/frodo-fpga.srcs/sources_1/bd/frodoBD/ipshared/66ea/hdl/axi_lite_ipif_v3_0_vh_rfs.vhd
Duplicated file found; will not be sent for synthesis: c:/Projects/frodo-fpga/frodo-fpga.srcs/sources_1/bd/frodoBD/ipshared/ef1e/hdl/lib_cdc_v1_0_rfs.vhd
Duplicated file found; will not be sent for synthesis: c:/Projects/frodo-fpga/frodo-fpga.srcs/sources_1/bd/frodoBD/ipshared/a040/hdl/interrupt_control_v3_1_vh_rfs.vhd
Duplicated file found; will not be sent for synthesis: c:/Projects/frodo-fpga/frodo-fpga.srcs/sources_1/bd/frodoBD/ipshared/9c6e/hdl/axi_gpio_v2_0_vh_rfs.vhd
CRC performance measure: elapsed=00:00:00.009s;;memory_peak=557.113MB;;memory_gain=0.000MB
